<?xml version="1.0" encoding="UTF-8"?>
<robot generator="Robot 7.3 (Python 3.12.7 on linux)" generated="2025-06-06T05:35:01.399092" rpa="false" schemaversion="5">
<suite id="s1" name="Carrinhos Tests" source="/home/cortes/Documents/Compass Estágio/ServeRest_Robot_Docker/tests/carrinhos_tests.robot">
<kw name="Setup Test Suite" type="SETUP">
<kw name="Create Session" owner="RequestsLibrary">
<msg time="2025-06-06T05:35:01.803622" level="INFO">Creating Session using : alias=serverest, url=http://54.84.70.94:3000/, headers={},                     cookies={}, auth=None, timeout=None, proxies=None, verify=False,                     debug=0 </msg>
<arg>serverest</arg>
<arg>${BASE_URL}</arg>
<arg>verify=${FALSE}</arg>
<doc>Create Session: create a HTTP session to a server</doc>
<status status="PASS" start="2025-06-06T05:35:01.803051" elapsed="0.000987"/>
</kw>
<kw name="Set Global Variable" owner="BuiltIn">
<msg time="2025-06-06T05:35:01.804655" level="INFO">${BASE_URL} = http://54.84.70.94:3000/</msg>
<arg>${BASE_URL}</arg>
<doc>Makes a variable available globally in all tests and suites.</doc>
<status status="PASS" start="2025-06-06T05:35:01.804360" elapsed="0.000363"/>
</kw>
<status status="PASS" start="2025-06-06T05:35:01.801353" elapsed="0.003468"/>
</kw>
<test id="s1-t1" name="Criar carrinho com produto dinâmico" line="16">
<kw name="Configurar Usuario e Login" owner="login_keyword">
<kw name="Criar Usuario Dinamico" owner="usuarios_keyword">
<kw name="Criar Dados Usuario Aleatorio Válido" owner="dynamics">
<kw name="Name" owner="FakerLibrary">
<msg time="2025-06-06T05:35:01.808459" level="INFO">${nome_aleatorio} = Paul Thomas</msg>
<var>${nome_aleatorio}</var>
<doc>:example: 'John Doe'</doc>
<status status="PASS" start="2025-06-06T05:35:01.807525" elapsed="0.001017"/>
</kw>
<kw name="Email" owner="FakerLibrary">
<msg time="2025-06-06T05:35:01.809399" level="INFO">${email_aleatorio} = hortonalyssa@example.com</msg>
<var>${email_aleatorio}</var>
<status status="PASS" start="2025-06-06T05:35:01.808840" elapsed="0.000603"/>
</kw>
<kw name="Password" owner="FakerLibrary">
<msg time="2025-06-06T05:35:01.810052" level="INFO">${senha_aleatoria} = A23GyLvh</msg>
<var>${senha_aleatoria}</var>
<arg>length=8</arg>
<arg>special_chars=False</arg>
<doc>Generate a random password of the specified ``length``.</doc>
<status status="PASS" start="2025-06-06T05:35:01.809615" elapsed="0.000498"/>
</kw>
<kw name="Create Dictionary" owner="BuiltIn">
<msg time="2025-06-06T05:35:01.811071" level="INFO">${payload_aleatorio} = {'nome': 'Paul Thomas', 'email': 'hortonalyssa@example.com', 'password': 'A23GyLvh', 'administrador': 'true'}</msg>
<var>${payload_aleatorio}</var>
<arg>nome=${nome_aleatorio}</arg>
<arg>email=${email_aleatorio}</arg>
<arg>password=${senha_aleatoria}</arg>
<arg>administrador=true</arg>
<doc>Creates and returns a dictionary based on the given ``items``.</doc>
<status status="PASS" start="2025-06-06T05:35:01.810355" elapsed="0.000761"/>
</kw>
<kw name="Log To Console" owner="BuiltIn">
<arg>Usuário criado: ${payload_aleatorio}</arg>
<doc>Logs the given message to the console.</doc>
<status status="PASS" start="2025-06-06T05:35:01.811339" elapsed="0.000283"/>
</kw>
<kw name="Set Global Variable" owner="BuiltIn">
<msg time="2025-06-06T05:35:01.812174" level="INFO">${DYNAMIC_EMAIL} = hortonalyssa@example.com</msg>
<arg>${DYNAMIC_EMAIL}</arg>
<arg>${email_aleatorio}</arg>
<doc>Makes a variable available globally in all tests and suites.</doc>
<status status="PASS" start="2025-06-06T05:35:01.811843" elapsed="0.000390"/>
</kw>
<kw name="Set Global Variable" owner="BuiltIn">
<msg time="2025-06-06T05:35:01.812718" level="INFO">${DYNAMIC_PASSWORD} = A23GyLvh</msg>
<arg>${DYNAMIC_PASSWORD}</arg>
<arg>${senha_aleatoria}</arg>
<doc>Makes a variable available globally in all tests and suites.</doc>
<status status="PASS" start="2025-06-06T05:35:01.812410" elapsed="0.000364"/>
</kw>
<return>
<value>${payload_aleatorio}</value>
<status status="PASS" start="2025-06-06T05:35:01.812841" elapsed="0.000075"/>
</return>
<msg time="2025-06-06T05:35:01.813108" level="INFO">${payload} = {'nome': 'Paul Thomas', 'email': 'hortonalyssa@example.com', 'password': 'A23GyLvh', 'administrador': 'true'}</msg>
<var>${payload}</var>
<status status="PASS" start="2025-06-06T05:35:01.807049" elapsed="0.006095"/>
</kw>
<kw name="POST On Session" owner="RequestsLibrary">
<msg time="2025-06-06T05:35:02.102966" level="INFO">POST Request : url=http://54.84.70.94:3000/usuarios 
 path_url=/usuarios 
 headers={'User-Agent': 'python-requests/2.32.3', 'Accept-Encoding': 'gzip, deflate', 'Accept': '*/*', 'Connection': 'keep-alive', 'Content-Length': '109', 'Content-Type': 'application/json'} 
 body=b'{"nome": "Paul Thomas", "email": "hortonalyssa@example.com", "password": "A23GyLvh", "administrador": "true"}' 
 </msg>
<msg time="2025-06-06T05:35:02.103120" level="INFO">POST Response : url=http://54.84.70.94:3000/usuarios 
 status=201, reason=Created 
 headers={'Access-Control-Allow-Origin': '*', 'x-dns-prefetch-control': 'off', 'x-frame-options': 'SAMEORIGIN', 'strict-transport-security': 'max-age=15552000; includeSubDomains', 'x-download-options': 'noopen', 'x-content-type-options': 'nosniff', 'x-xss-protection': '1; mode=block', 'Content-Type': 'application/json; charset=utf-8', 'Content-Length': '82', 'Date': 'Fri, 06 Jun 2025 08:35:02 GMT', 'Connection': 'keep-alive', 'Keep-Alive': 'timeout=5'} 
 body={
    "message": "Cadastro realizado com sucesso",
    "_id": "2sbaiZgczJc90Izi"
} 
 </msg>
<msg time="2025-06-06T05:35:02.103276" level="INFO">${response} = &lt;Response [201]&gt;</msg>
<var>${response}</var>
<arg>serverest</arg>
<arg>/usuarios</arg>
<arg>json=${payload}</arg>
<arg>expected_status=any</arg>
<doc>Sends a POST request on a previously created HTTP Session.</doc>
<status status="PASS" start="2025-06-06T05:35:01.813305" elapsed="0.290008"/>
</kw>
<kw name="Set Global Variable" owner="BuiltIn">
<msg time="2025-06-06T05:35:02.103822" level="INFO">${response} = &lt;Response [201]&gt;</msg>
<arg>${response}</arg>
<doc>Makes a variable available globally in all tests and suites.</doc>
<status status="PASS" start="2025-06-06T05:35:02.103547" elapsed="0.000328"/>
</kw>
<kw name="Log To Console" owner="BuiltIn">
<arg>Resposta da criação: ${response.content}</arg>
<doc>Logs the given message to the console.</doc>
<status status="PASS" start="2025-06-06T05:35:02.104060" elapsed="0.000641"/>
</kw>
<return>
<value>${response}</value>
<status status="PASS" start="2025-06-06T05:35:02.104788" elapsed="0.000057"/>
</return>
<status status="PASS" start="2025-06-06T05:35:01.806405" elapsed="0.298808"/>
</kw>
<kw name="Fazer login com usuario Dinamico e Armazenar Token" owner="login_keyword">
<kw name="Create Dictionary" owner="BuiltIn">
<msg time="2025-06-06T05:35:02.106185" level="INFO">&amp;{payload} = { email=hortonalyssa@example.com | password=A23GyLvh }</msg>
<var>&amp;{payload}</var>
<arg>email=${DYNAMIC_EMAIL}</arg>
<arg>password=${DYNAMIC_PASSWORD}</arg>
<doc>Creates and returns a dictionary based on the given ``items``.</doc>
<status status="PASS" start="2025-06-06T05:35:02.105774" elapsed="0.000449"/>
</kw>
<kw name="Log To Console" owner="BuiltIn">
<arg>Tentando login com: ${payload}</arg>
<doc>Logs the given message to the console.</doc>
<status status="PASS" start="2025-06-06T05:35:02.106388" elapsed="0.000200"/>
</kw>
<kw name="POST On Session" owner="RequestsLibrary">
<msg time="2025-06-06T05:35:02.241273" level="INFO">POST Request : url=http://54.84.70.94:3000/login 
 path_url=/login 
 headers={'User-Agent': 'python-requests/2.32.3', 'Accept-Encoding': 'gzip, deflate', 'Accept': '*/*', 'Connection': 'keep-alive', 'Content-Length': '61', 'Content-Type': 'application/json'} 
 body=b'{"email": "hortonalyssa@example.com", "password": "A23GyLvh"}' 
 </msg>
<msg time="2025-06-06T05:35:02.241405" level="INFO">POST Response : url=http://54.84.70.94:3000/login 
 status=200, reason=OK 
 headers={'Access-Control-Allow-Origin': '*', 'x-dns-prefetch-control': 'off', 'x-frame-options': 'SAMEORIGIN', 'strict-transport-security': 'max-age=15552000; includeSubDomains', 'x-download-options': 'noopen', 'x-content-type-options': 'nosniff', 'x-xss-protection': '1; mode=block', 'Content-Type': 'application/json; charset=utf-8', 'Content-Length': '284', 'Date': 'Fri, 06 Jun 2025 08:35:02 GMT', 'Connection': 'keep-alive', 'Keep-Alive': 'timeout=5'} 
 body={
    "message": "Login realizado com sucesso",
    "authorization": "Bearer eyJhbGciOiJIUzI1NiIsInR5cCI6IkpXVCJ9.eyJlbWFpbCI6ImhvcnRvbmFseXNzYUBleGFtcGxlLmNvbSIsInBhc3N3b3JkIjoiQTIzR3lMdmgiLCJpYXQiOjE3NDkxOTg5MDIsImV4cCI6MTc0OTE5OTUwMn0.a9ZDWN4gqikcUOkRhU446D617o-MkW3ar7owKVP5yM4"
} 
 </msg>
<msg time="2025-06-06T05:35:02.241700" level="INFO">${response} = &lt;Response [200]&gt;</msg>
<var>${response}</var>
<arg>serverest</arg>
<arg>/login</arg>
<arg>json=${payload}</arg>
<arg>expected_status=any</arg>
<doc>Sends a POST request on a previously created HTTP Session.</doc>
<status status="PASS" start="2025-06-06T05:35:02.106804" elapsed="0.134949"/>
</kw>
<kw name="Log To Console" owner="BuiltIn">
<arg>Response: ${response.content}</arg>
<doc>Logs the given message to the console.</doc>
<status status="PASS" start="2025-06-06T05:35:02.242050" elapsed="0.000781"/>
</kw>
<kw name="Set Global Variable" owner="BuiltIn">
<msg time="2025-06-06T05:35:02.243367" level="INFO">${response} = &lt;Response [200]&gt;</msg>
<arg>${response}</arg>
<doc>Makes a variable available globally in all tests and suites.</doc>
<status status="PASS" start="2025-06-06T05:35:02.243054" elapsed="0.000384"/>
</kw>
<kw name="Run Keyword If" owner="BuiltIn">
<kw name="Capturar token" owner="login_keyword">
<kw name="Set Variable" owner="BuiltIn">
<msg time="2025-06-06T05:35:02.245615" level="INFO">${token} = Bearer eyJhbGciOiJIUzI1NiIsInR5cCI6IkpXVCJ9.eyJlbWFpbCI6ImhvcnRvbmFseXNzYUBleGFtcGxlLmNvbSIsInBhc3N3b3JkIjoiQTIzR3lMdmgiLCJpYXQiOjE3NDkxOTg5MDIsImV4cCI6MTc0OTE5OTUwMn0.a9ZDWN4gqikcUOkRhU446D617o-MkW3a...</msg>
<var>${token}</var>
<arg>${resp.json()['authorization']}</arg>
<doc>Returns the given values which can then be assigned to a variables.</doc>
<status status="PASS" start="2025-06-06T05:35:02.244975" elapsed="0.000684"/>
</kw>
<kw name="Log To Console" owner="BuiltIn">
<arg>Token: ${token}</arg>
<doc>Logs the given message to the console.</doc>
<status status="PASS" start="2025-06-06T05:35:02.245847" elapsed="0.000242"/>
</kw>
<kw name="Set Global Variable" owner="BuiltIn">
<msg time="2025-06-06T05:35:02.246606" level="INFO">${token_auth} = Bearer eyJhbGciOiJIUzI1NiIsInR5cCI6IkpXVCJ9.eyJlbWFpbCI6ImhvcnRvbmFseXNzYUBleGFtcGxlLmNvbSIsInBhc3N3b3JkIjoiQTIzR3lMdmgiLCJpYXQiOjE3NDkxOTg5MDIsImV4cCI6MTc0OTE5OTUwMn0.a9ZDWN4gqikcUOkRhU446D617o-MkW3a...</msg>
<arg>${token_auth}</arg>
<arg>${token}</arg>
<doc>Makes a variable available globally in all tests and suites.</doc>
<status status="PASS" start="2025-06-06T05:35:02.246277" elapsed="0.000394"/>
</kw>
<kw name="Configurar Autenticação" owner="base">
<kw name="Create Dictionary" owner="BuiltIn">
<msg time="2025-06-06T05:35:02.247750" level="INFO">&amp;{header} = { authorization=Bearer eyJhbGciOiJIUzI1NiIsInR5cCI6IkpXVCJ9.eyJlbWFpbCI6ImhvcnRvbmFseXNzYUBleGFtcGxlLmNvbSIsInBhc3N3b3JkIjoiQTIzR3lMdmgiLCJpYXQiOjE3NDkxOTg5MDIsImV4cCI6MTc0OTE5OTUwMn0.a9ZDWN4gqikcUOkR...</msg>
<var>&amp;{header}</var>
<arg>authorization=${auth_token}</arg>
<doc>Creates and returns a dictionary based on the given ``items``.</doc>
<status status="PASS" start="2025-06-06T05:35:02.247387" elapsed="0.000407"/>
</kw>
<kw name="Set Global Variable" owner="BuiltIn">
<msg time="2025-06-06T05:35:02.249287" level="INFO">${HEADERS} = {'authorization': 'Bearer eyJhbGciOiJIUzI1NiIsInR5cCI6IkpXVCJ9.eyJlbWFpbCI6ImhvcnRvbmFseXNzYUBleGFtcGxlLmNvbSIsInBhc3N3b3JkIjoiQTIzR3lMdmgiLCJpYXQiOjE3NDkxOTg5MDIsImV4cCI6MTc0OTE5OTUwMn0.a9ZDWN4gqikcU...</msg>
<arg>${HEADERS}</arg>
<arg>${header}</arg>
<doc>Makes a variable available globally in all tests and suites.</doc>
<status status="PASS" start="2025-06-06T05:35:02.247996" elapsed="0.001394"/>
</kw>
<return>
<value>${header}</value>
<status status="PASS" start="2025-06-06T05:35:02.249485" elapsed="0.000056"/>
</return>
<arg>${token}</arg>
<status status="PASS" start="2025-06-06T05:35:02.246929" elapsed="0.002808"/>
</kw>
<return>
<value>${token}</value>
<status status="PASS" start="2025-06-06T05:35:02.249817" elapsed="0.000044"/>
</return>
<arg>${response}</arg>
<status status="PASS" start="2025-06-06T05:35:02.244517" elapsed="0.005500"/>
</kw>
<arg>${response.status_code} == 200</arg>
<arg>Capturar token</arg>
<arg>${response}</arg>
<doc>Runs the given keyword with the given arguments, if ``condition`` is true.</doc>
<status status="PASS" start="2025-06-06T05:35:02.243642" elapsed="0.006449"/>
</kw>
<return>
<value>${response}</value>
<status status="PASS" start="2025-06-06T05:35:02.250158" elapsed="0.000043"/>
</return>
<status status="PASS" start="2025-06-06T05:35:02.105456" elapsed="0.144886"/>
</kw>
<status status="PASS" start="2025-06-06T05:35:01.805669" elapsed="0.444757"/>
</kw>
<kw name="Criar Produto Dinamico" owner="produtos_keyword">
<kw name="POST /produtos_dinamicos" owner="dynamics">
<kw name="Create Dictionary" owner="BuiltIn">
<msg time="2025-06-06T05:35:02.252267" level="INFO">${headers} = {'Authorization': 'Bearer eyJhbGciOiJIUzI1NiIsInR5cCI6IkpXVCJ9.eyJlbWFpbCI6ImhvcnRvbmFseXNzYUBleGFtcGxlLmNvbSIsInBhc3N3b3JkIjoiQTIzR3lMdmgiLCJpYXQiOjE3NDkxOTg5MDIsImV4cCI6MTc0OTE5OTUwMn0.a9ZDWN4gqikcU...</msg>
<var>${headers}</var>
<arg>Authorization=${token_auth}</arg>
<doc>Creates and returns a dictionary based on the given ``items``.</doc>
<status status="PASS" start="2025-06-06T05:35:02.251713" elapsed="0.000634"/>
</kw>
<kw name="Criar Dados Produto Aleatorio" owner="dynamics">
<kw name="Word" owner="FakerLibrary">
<msg time="2025-06-06T05:35:02.253358" level="INFO">${nome_produto} = discussion</msg>
<var>${nome_produto}</var>
<doc>Generate a word.</doc>
<status status="PASS" start="2025-06-06T05:35:02.253064" elapsed="0.000339"/>
</kw>
<kw name="Sentence" owner="FakerLibrary">
<msg time="2025-06-06T05:35:02.254012" level="INFO">${descricao} = Evening name identify ball religious modern both because guy those usually adult attack.</msg>
<var>${descricao}</var>
<arg>nb_words=10</arg>
<doc>Generate a sentence.</doc>
<status status="PASS" start="2025-06-06T05:35:02.253575" elapsed="0.000480"/>
</kw>
<kw name="Evaluate" owner="BuiltIn">
<msg time="2025-06-06T05:35:02.254561" level="INFO">${preco} = 2258</msg>
<var>${preco}</var>
<arg>random.randint(10, 5000)</arg>
<doc>Evaluates the given expression in Python and returns the result.</doc>
<status status="PASS" start="2025-06-06T05:35:02.254260" elapsed="0.000343"/>
</kw>
<kw name="Evaluate" owner="BuiltIn">
<msg time="2025-06-06T05:35:02.255230" level="INFO">${quantidade} = 44</msg>
<var>${quantidade}</var>
<arg>random.randint(1, 100)</arg>
<doc>Evaluates the given expression in Python and returns the result.</doc>
<status status="PASS" start="2025-06-06T05:35:02.254813" elapsed="0.000486"/>
</kw>
<kw name="Create Dictionary" owner="BuiltIn">
<msg time="2025-06-06T05:35:02.256826" level="INFO">${payload} = {'nome': 'Produto discussion', 'preco': 2258, 'descricao': 'Evening name identify ball religious modern both because guy those usually adult attack.', 'quantidade': 44}</msg>
<var>${payload}</var>
<arg>nome=Produto ${nome_produto}</arg>
<arg>preco=${preco}</arg>
<arg>descricao=${descricao}</arg>
<arg>quantidade=${quantidade}</arg>
<doc>Creates and returns a dictionary based on the given ``items``.</doc>
<status status="PASS" start="2025-06-06T05:35:02.255587" elapsed="0.001329"/>
</kw>
<kw name="Log To Console" owner="BuiltIn">
<arg>Produto criado: ${payload}</arg>
<doc>Logs the given message to the console.</doc>
<status status="PASS" start="2025-06-06T05:35:02.257203" elapsed="0.000389"/>
</kw>
<return>
<value>${payload}</value>
<status status="PASS" start="2025-06-06T05:35:02.257684" elapsed="0.000074"/>
</return>
<msg time="2025-06-06T05:35:02.258088" level="INFO">${payload} = {'nome': 'Produto discussion', 'preco': 2258, 'descricao': 'Evening name identify ball religious modern both because guy those usually adult attack.', 'quantidade': 44}</msg>
<var>${payload}</var>
<status status="PASS" start="2025-06-06T05:35:02.252655" elapsed="0.005488"/>
</kw>
<kw name="POST On Session" owner="RequestsLibrary">
<msg time="2025-06-06T05:35:02.412226" level="INFO">POST Request : url=http://54.84.70.94:3000/produtos 
 path_url=/produtos 
 headers={'User-Agent': 'python-requests/2.32.3', 'Accept-Encoding': 'gzip, deflate', 'Accept': '*/*', 'Connection': 'keep-alive', 'Authorization': 'Bearer eyJhbGciOiJIUzI1NiIsInR5cCI6IkpXVCJ9.eyJlbWFpbCI6ImhvcnRvbmFseXNzYUBleGFtcGxlLmNvbSIsInBhc3N3b3JkIjoiQTIzR3lMdmgiLCJpYXQiOjE3NDkxOTg5MDIsImV4cCI6MTc0OTE5OTUwMn0.a9ZDWN4gqikcUOkRhU446D617o-MkW3ar7owKVP5yM4', 'Content-Length': '168', 'Content-Type': 'application/json'} 
 body=b'{"nome": "Produto discussion", "preco": 2258, "descricao": "Evening name identify ball religious modern both because guy those usually adult attack.", "quantidade": 44}' 
 </msg>
<msg time="2025-06-06T05:35:02.412460" level="INFO">POST Response : url=http://54.84.70.94:3000/produtos 
 status=201, reason=Created 
 headers={'Access-Control-Allow-Origin': '*', 'x-dns-prefetch-control': 'off', 'x-frame-options': 'SAMEORIGIN', 'strict-transport-security': 'max-age=15552000; includeSubDomains', 'x-download-options': 'noopen', 'x-content-type-options': 'nosniff', 'x-xss-protection': '1; mode=block', 'Content-Type': 'application/json; charset=utf-8', 'Content-Length': '82', 'Date': 'Fri, 06 Jun 2025 08:35:02 GMT', 'Connection': 'keep-alive', 'Keep-Alive': 'timeout=5'} 
 body={
    "message": "Cadastro realizado com sucesso",
    "_id": "Fnlqh1H6OKWXy1Mp"
} 
 </msg>
<msg time="2025-06-06T05:35:02.412683" level="INFO">${response} = &lt;Response [201]&gt;</msg>
<var>${response}</var>
<arg>serverest</arg>
<arg>/produtos</arg>
<arg>json=${payload}</arg>
<arg>headers=${headers}</arg>
<doc>Sends a POST request on a previously created HTTP Session.</doc>
<status status="PASS" start="2025-06-06T05:35:02.258396" elapsed="0.154340"/>
</kw>
<kw name="Log To Console" owner="BuiltIn">
<arg>Response: ${response.content}</arg>
<doc>Logs the given message to the console.</doc>
<status status="PASS" start="2025-06-06T05:35:02.413040" elapsed="0.000875"/>
</kw>
<kw name="Set Global Variable" owner="BuiltIn">
<msg time="2025-06-06T05:35:02.414541" level="INFO">${response} = &lt;Response [201]&gt;</msg>
<arg>${response}</arg>
<doc>Makes a variable available globally in all tests and suites.</doc>
<status status="PASS" start="2025-06-06T05:35:02.414181" elapsed="0.000437"/>
</kw>
<return>
<value>${response}</value>
<status status="PASS" start="2025-06-06T05:35:02.414694" elapsed="0.000057"/>
</return>
<status status="PASS" start="2025-06-06T05:35:02.251233" elapsed="0.163699"/>
</kw>
<kw name="Validar Status Code &quot;201&quot;" owner="common" source_name="Validar Status Code &quot;${statuscode}&quot;">
<kw name="Should Be True" owner="BuiltIn">
<arg>${response.status_code} == ${statuscode}</arg>
<doc>Fails if the given condition is not true.</doc>
<status status="PASS" start="2025-06-06T05:35:02.415641" elapsed="0.001353"/>
</kw>
<status status="PASS" start="2025-06-06T05:35:02.415199" elapsed="0.001900"/>
</kw>
<kw name="Set Variable" owner="BuiltIn">
<msg time="2025-06-06T05:35:02.418041" level="INFO">${id_produto} = Fnlqh1H6OKWXy1Mp</msg>
<var>${id_produto}</var>
<arg>${response.json()["_id"]}</arg>
<doc>Returns the given values which can then be assigned to a variables.</doc>
<status status="PASS" start="2025-06-06T05:35:02.417302" elapsed="0.000788"/>
</kw>
<kw name="Log To Console" owner="BuiltIn">
<arg>ID do Produto Dinâmico Salvo: ${id_produto}</arg>
<doc>Logs the given message to the console.</doc>
<status status="PASS" start="2025-06-06T05:35:02.418303" elapsed="0.000258"/>
</kw>
<kw name="Set Global Variable" owner="BuiltIn">
<msg time="2025-06-06T05:35:02.419162" level="INFO">${id_produto} = Fnlqh1H6OKWXy1Mp</msg>
<arg>${id_produto}</arg>
<doc>Makes a variable available globally in all tests and suites.</doc>
<status status="PASS" start="2025-06-06T05:35:02.418835" elapsed="0.000399"/>
</kw>
<return>
<value>${id_produto}</value>
<status status="PASS" start="2025-06-06T05:35:02.419306" elapsed="0.000047"/>
</return>
<status status="PASS" start="2025-06-06T05:35:02.250765" elapsed="0.168746"/>
</kw>
<kw name="Criar Carrinho e Armazenar ID" owner="carrinho_keyword">
<kw name="POST /carrinhos" owner="carrinho_keyword">
<kw name="Create Dictionary" owner="BuiltIn">
<msg time="2025-06-06T05:35:02.421287" level="INFO">${headers} = {'Authorization': 'Bearer eyJhbGciOiJIUzI1NiIsInR5cCI6IkpXVCJ9.eyJlbWFpbCI6ImhvcnRvbmFseXNzYUBleGFtcGxlLmNvbSIsInBhc3N3b3JkIjoiQTIzR3lMdmgiLCJpYXQiOjE3NDkxOTg5MDIsImV4cCI6MTc0OTE5OTUwMn0.a9ZDWN4gqikcU...</msg>
<var>${headers}</var>
<arg>Authorization=${token_auth}</arg>
<doc>Creates and returns a dictionary based on the given ``items``.</doc>
<status status="PASS" start="2025-06-06T05:35:02.420912" elapsed="0.000426"/>
</kw>
<kw name="Create Dictionary" owner="BuiltIn">
<msg time="2025-06-06T05:35:02.421953" level="INFO">${produto} = {'idProduto': 'Fnlqh1H6OKWXy1Mp', 'quantidade': '1'}</msg>
<var>${produto}</var>
<arg>idProduto=${id_produto}</arg>
<arg>quantidade=1</arg>
<doc>Creates and returns a dictionary based on the given ``items``.</doc>
<status status="PASS" start="2025-06-06T05:35:02.421568" elapsed="0.000431"/>
</kw>
<kw name="Create List" owner="BuiltIn">
<msg time="2025-06-06T05:35:02.422490" level="INFO">@{produtos} = [ ]</msg>
<var>@{produtos}</var>
<doc>Returns a list containing given items.</doc>
<status status="PASS" start="2025-06-06T05:35:02.422208" elapsed="0.000328"/>
</kw>
<kw name="Append To List" owner="Collections">
<arg>${produtos}</arg>
<arg>${produto}</arg>
<doc>Adds ``values`` to the end of ``list``.</doc>
<status status="PASS" start="2025-06-06T05:35:02.422746" elapsed="0.000321"/>
</kw>
<kw name="Create Dictionary" owner="BuiltIn">
<msg time="2025-06-06T05:35:02.423508" level="INFO">${payload} = {}</msg>
<var>${payload}</var>
<doc>Creates and returns a dictionary based on the given ``items``.</doc>
<status status="PASS" start="2025-06-06T05:35:02.423285" elapsed="0.000267"/>
</kw>
<kw name="Set To Dictionary" owner="Collections">
<arg>${payload}</arg>
<arg>produtos=${produtos}</arg>
<doc>Adds the given ``key_value_pairs`` and/or ``items`` to the ``dictionary``.</doc>
<status status="PASS" start="2025-06-06T05:35:02.423749" elapsed="0.000312"/>
</kw>
<kw name="POST On Session" owner="RequestsLibrary">
<msg time="2025-06-06T05:35:02.563080" level="INFO">POST Request : url=http://54.84.70.94:3000/carrinhos 
 path_url=/carrinhos 
 headers={'User-Agent': 'python-requests/2.32.3', 'Accept-Encoding': 'gzip, deflate', 'Accept': '*/*', 'Connection': 'keep-alive', 'Authorization': 'Bearer eyJhbGciOiJIUzI1NiIsInR5cCI6IkpXVCJ9.eyJlbWFpbCI6ImhvcnRvbmFseXNzYUBleGFtcGxlLmNvbSIsInBhc3N3b3JkIjoiQTIzR3lMdmgiLCJpYXQiOjE3NDkxOTg5MDIsImV4cCI6MTc0OTE5OTUwMn0.a9ZDWN4gqikcUOkRhU446D617o-MkW3ar7owKVP5yM4', 'Content-Length': '68', 'Content-Type': 'application/json'} 
 body=b'{"produtos": [{"idProduto": "Fnlqh1H6OKWXy1Mp", "quantidade": "1"}]}' 
 </msg>
<msg time="2025-06-06T05:35:02.563254" level="INFO">POST Response : url=http://54.84.70.94:3000/carrinhos 
 status=201, reason=Created 
 headers={'Access-Control-Allow-Origin': '*', 'x-dns-prefetch-control': 'off', 'x-frame-options': 'SAMEORIGIN', 'strict-transport-security': 'max-age=15552000; includeSubDomains', 'x-download-options': 'noopen', 'x-content-type-options': 'nosniff', 'x-xss-protection': '1; mode=block', 'Content-Type': 'application/json; charset=utf-8', 'Content-Length': '82', 'Date': 'Fri, 06 Jun 2025 08:35:02 GMT', 'Connection': 'keep-alive', 'Keep-Alive': 'timeout=5'} 
 body={
    "message": "Cadastro realizado com sucesso",
    "_id": "uYY8XzsbpB6Q8cXO"
} 
 </msg>
<msg time="2025-06-06T05:35:02.563498" level="INFO">${response} = &lt;Response [201]&gt;</msg>
<var>${response}</var>
<arg>serverest</arg>
<arg>/carrinhos</arg>
<arg>json=${payload}</arg>
<arg>headers=${headers}</arg>
<doc>Sends a POST request on a previously created HTTP Session.</doc>
<status status="PASS" start="2025-06-06T05:35:02.424273" elapsed="0.139288"/>
</kw>
<kw name="Log To Console" owner="BuiltIn">
<arg>Response: ${response.content}</arg>
<doc>Logs the given message to the console.</doc>
<status status="PASS" start="2025-06-06T05:35:02.563929" elapsed="0.001075"/>
</kw>
<kw name="Set Global Variable" owner="BuiltIn">
<msg time="2025-06-06T05:35:02.565787" level="INFO">${response} = &lt;Response [201]&gt;</msg>
<arg>${response}</arg>
<doc>Makes a variable available globally in all tests and suites.</doc>
<status status="PASS" start="2025-06-06T05:35:02.565338" elapsed="0.000549"/>
</kw>
<return>
<value>${response}</value>
<status status="PASS" start="2025-06-06T05:35:02.566009" elapsed="0.000072"/>
</return>
<status status="PASS" start="2025-06-06T05:35:02.420498" elapsed="0.145794"/>
</kw>
<kw name="Validar Status Code &quot;201&quot;" owner="common" source_name="Validar Status Code &quot;${statuscode}&quot;">
<kw name="Should Be True" owner="BuiltIn">
<arg>${response.status_code} == ${statuscode}</arg>
<doc>Fails if the given condition is not true.</doc>
<status status="PASS" start="2025-06-06T05:35:02.567251" elapsed="0.001898"/>
</kw>
<status status="PASS" start="2025-06-06T05:35:02.566618" elapsed="0.002774"/>
</kw>
<kw name="Set Variable" owner="BuiltIn">
<msg time="2025-06-06T05:35:02.570637" level="INFO">${id_carrinho} = uYY8XzsbpB6Q8cXO</msg>
<var>${id_carrinho}</var>
<arg>${response.json()["_id"]}</arg>
<doc>Returns the given values which can then be assigned to a variables.</doc>
<status status="PASS" start="2025-06-06T05:35:02.569647" elapsed="0.001082"/>
</kw>
<kw name="Log To Console" owner="BuiltIn">
<arg>ID do Carrinho Salvo: ${id_carrinho}</arg>
<doc>Logs the given message to the console.</doc>
<status status="PASS" start="2025-06-06T05:35:02.571103" elapsed="0.000415"/>
</kw>
<kw name="Set Global Variable" owner="BuiltIn">
<msg time="2025-06-06T05:35:02.572347" level="INFO">${id_carrinho} = uYY8XzsbpB6Q8cXO</msg>
<arg>${id_carrinho}</arg>
<doc>Makes a variable available globally in all tests and suites.</doc>
<status status="PASS" start="2025-06-06T05:35:02.571929" elapsed="0.000513"/>
</kw>
<kw name="Set Global Variable" owner="BuiltIn">
<msg time="2025-06-06T05:35:02.573138" level="INFO">${CARRINHO_ID} = uYY8XzsbpB6Q8cXO</msg>
<arg>${CARRINHO_ID}</arg>
<arg>${id_carrinho}</arg>
<doc>Makes a variable available globally in all tests and suites.</doc>
<status status="PASS" start="2025-06-06T05:35:02.572714" elapsed="0.000513"/>
</kw>
<return>
<value>${id_carrinho}</value>
<status status="PASS" start="2025-06-06T05:35:02.573325" elapsed="0.000066"/>
</return>
<status status="PASS" start="2025-06-06T05:35:02.419873" elapsed="0.153778"/>
</kw>
<kw name="Validar Status Code &quot;201&quot;" owner="common" source_name="Validar Status Code &quot;${statuscode}&quot;">
<kw name="Should Be True" owner="BuiltIn">
<arg>${response.status_code} == ${statuscode}</arg>
<doc>Fails if the given condition is not true.</doc>
<status status="PASS" start="2025-06-06T05:35:02.575152" elapsed="0.001907"/>
</kw>
<status status="PASS" start="2025-06-06T05:35:02.574144" elapsed="0.003057"/>
</kw>
<kw name="Validar Se Mensagem Contem &quot;Cadastro realizado com sucesso&quot;" owner="common" source_name="Validar Se Mensagem Contem &quot;${palavra}&quot;">
<kw name="Should Contain" owner="BuiltIn">
<arg>${response.json()["message"]}</arg>
<arg>${palavra}</arg>
<doc>Fails if ``container`` does not contain ``item`` one or more times.</doc>
<status status="PASS" start="2025-06-06T05:35:02.578243" elapsed="0.000937"/>
</kw>
<status status="PASS" start="2025-06-06T05:35:02.577644" elapsed="0.001670"/>
</kw>
<status status="PASS" start="2025-06-06T05:35:01.804941" elapsed="0.774680"/>
</test>
<test id="s1-t2" name="Adicionar produto ao carrinho" line="23">
<kw name="Configurar Usuario e Login" owner="login_keyword">
<kw name="Criar Usuario Dinamico" owner="usuarios_keyword">
<kw name="Criar Dados Usuario Aleatorio Válido" owner="dynamics">
<kw name="Name" owner="FakerLibrary">
<msg time="2025-06-06T05:35:02.585234" level="INFO">${nome_aleatorio} = Monica Lee</msg>
<var>${nome_aleatorio}</var>
<doc>:example: 'John Doe'</doc>
<status status="PASS" start="2025-06-06T05:35:02.584258" elapsed="0.001060"/>
</kw>
<kw name="Email" owner="FakerLibrary">
<msg time="2025-06-06T05:35:02.586472" level="INFO">${email_aleatorio} = jenkinsdominique@example.org</msg>
<var>${email_aleatorio}</var>
<status status="PASS" start="2025-06-06T05:35:02.585650" elapsed="0.000894"/>
</kw>
<kw name="Password" owner="FakerLibrary">
<msg time="2025-06-06T05:35:02.587482" level="INFO">${senha_aleatoria} = 2DLbHvQf</msg>
<var>${senha_aleatoria}</var>
<arg>length=8</arg>
<arg>special_chars=False</arg>
<doc>Generate a random password of the specified ``length``.</doc>
<status status="PASS" start="2025-06-06T05:35:02.586823" elapsed="0.000722"/>
</kw>
<kw name="Create Dictionary" owner="BuiltIn">
<msg time="2025-06-06T05:35:02.588655" level="INFO">${payload_aleatorio} = {'nome': 'Monica Lee', 'email': 'jenkinsdominique@example.org', 'password': '2DLbHvQf', 'administrador': 'true'}</msg>
<var>${payload_aleatorio}</var>
<arg>nome=${nome_aleatorio}</arg>
<arg>email=${email_aleatorio}</arg>
<arg>password=${senha_aleatoria}</arg>
<arg>administrador=true</arg>
<doc>Creates and returns a dictionary based on the given ``items``.</doc>
<status status="PASS" start="2025-06-06T05:35:02.587912" elapsed="0.000804"/>
</kw>
<kw name="Log To Console" owner="BuiltIn">
<arg>Usuário criado: ${payload_aleatorio}</arg>
<doc>Logs the given message to the console.</doc>
<status status="PASS" start="2025-06-06T05:35:02.589046" elapsed="0.000387"/>
</kw>
<kw name="Set Global Variable" owner="BuiltIn">
<msg time="2025-06-06T05:35:02.590259" level="INFO">${DYNAMIC_EMAIL} = jenkinsdominique@example.org</msg>
<arg>${DYNAMIC_EMAIL}</arg>
<arg>${email_aleatorio}</arg>
<doc>Makes a variable available globally in all tests and suites.</doc>
<status status="PASS" start="2025-06-06T05:35:02.589728" elapsed="0.000628"/>
</kw>
<kw name="Set Global Variable" owner="BuiltIn">
<msg time="2025-06-06T05:35:02.591182" level="INFO">${DYNAMIC_PASSWORD} = 2DLbHvQf</msg>
<arg>${DYNAMIC_PASSWORD}</arg>
<arg>${senha_aleatoria}</arg>
<doc>Makes a variable available globally in all tests and suites.</doc>
<status status="PASS" start="2025-06-06T05:35:02.590650" elapsed="0.000628"/>
</kw>
<return>
<value>${payload_aleatorio}</value>
<status status="PASS" start="2025-06-06T05:35:02.591381" elapsed="0.000076"/>
</return>
<msg time="2025-06-06T05:35:02.591757" level="INFO">${payload} = {'nome': 'Monica Lee', 'email': 'jenkinsdominique@example.org', 'password': '2DLbHvQf', 'administrador': 'true'}</msg>
<var>${payload}</var>
<status status="PASS" start="2025-06-06T05:35:02.583518" elapsed="0.008298"/>
</kw>
<kw name="POST On Session" owner="RequestsLibrary">
<msg time="2025-06-06T05:35:02.728415" level="INFO">POST Request : url=http://54.84.70.94:3000/usuarios 
 path_url=/usuarios 
 headers={'User-Agent': 'python-requests/2.32.3', 'Accept-Encoding': 'gzip, deflate', 'Accept': '*/*', 'Connection': 'keep-alive', 'Content-Length': '112', 'Content-Type': 'application/json'} 
 body=b'{"nome": "Monica Lee", "email": "jenkinsdominique@example.org", "password": "2DLbHvQf", "administrador": "true"}' 
 </msg>
<msg time="2025-06-06T05:35:02.728587" level="INFO">POST Response : url=http://54.84.70.94:3000/usuarios 
 status=201, reason=Created 
 headers={'Access-Control-Allow-Origin': '*', 'x-dns-prefetch-control': 'off', 'x-frame-options': 'SAMEORIGIN', 'strict-transport-security': 'max-age=15552000; includeSubDomains', 'x-download-options': 'noopen', 'x-content-type-options': 'nosniff', 'x-xss-protection': '1; mode=block', 'Content-Type': 'application/json; charset=utf-8', 'Content-Length': '82', 'Date': 'Fri, 06 Jun 2025 08:35:02 GMT', 'Connection': 'keep-alive', 'Keep-Alive': 'timeout=5'} 
 body={
    "message": "Cadastro realizado com sucesso",
    "_id": "pmMvyhKcYXedaTa2"
} 
 </msg>
<msg time="2025-06-06T05:35:02.728833" level="INFO">${response} = &lt;Response [201]&gt;</msg>
<var>${response}</var>
<arg>serverest</arg>
<arg>/usuarios</arg>
<arg>json=${payload}</arg>
<arg>expected_status=any</arg>
<doc>Sends a POST request on a previously created HTTP Session.</doc>
<status status="PASS" start="2025-06-06T05:35:02.592174" elapsed="0.136737"/>
</kw>
<kw name="Set Global Variable" owner="BuiltIn">
<msg time="2025-06-06T05:35:02.729777" level="INFO">${response} = &lt;Response [201]&gt;</msg>
<arg>${response}</arg>
<doc>Makes a variable available globally in all tests and suites.</doc>
<status status="PASS" start="2025-06-06T05:35:02.729295" elapsed="0.000581"/>
</kw>
<kw name="Log To Console" owner="BuiltIn">
<arg>Resposta da criação: ${response.content}</arg>
<doc>Logs the given message to the console.</doc>
<status status="PASS" start="2025-06-06T05:35:02.730177" elapsed="0.001067"/>
</kw>
<return>
<value>${response}</value>
<status status="PASS" start="2025-06-06T05:35:02.731356" elapsed="0.000076"/>
</return>
<status status="PASS" start="2025-06-06T05:35:02.582329" elapsed="0.149332"/>
</kw>
<kw name="Fazer login com usuario Dinamico e Armazenar Token" owner="login_keyword">
<kw name="Create Dictionary" owner="BuiltIn">
<msg time="2025-06-06T05:35:02.733418" level="INFO">&amp;{payload} = { email=jenkinsdominique@example.org | password=2DLbHvQf }</msg>
<var>&amp;{payload}</var>
<arg>email=${DYNAMIC_EMAIL}</arg>
<arg>password=${DYNAMIC_PASSWORD}</arg>
<doc>Creates and returns a dictionary based on the given ``items``.</doc>
<status status="PASS" start="2025-06-06T05:35:02.732755" elapsed="0.000729"/>
</kw>
<kw name="Log To Console" owner="BuiltIn">
<arg>Tentando login com: ${payload}</arg>
<doc>Logs the given message to the console.</doc>
<status status="PASS" start="2025-06-06T05:35:02.733765" elapsed="0.000350"/>
</kw>
<kw name="POST On Session" owner="RequestsLibrary">
<msg time="2025-06-06T05:35:02.871853" level="INFO">POST Request : url=http://54.84.70.94:3000/login 
 path_url=/login 
 headers={'User-Agent': 'python-requests/2.32.3', 'Accept-Encoding': 'gzip, deflate', 'Accept': '*/*', 'Connection': 'keep-alive', 'Content-Length': '65', 'Content-Type': 'application/json'} 
 body=b'{"email": "jenkinsdominique@example.org", "password": "2DLbHvQf"}' 
 </msg>
<msg time="2025-06-06T05:35:02.872120" level="INFO">POST Response : url=http://54.84.70.94:3000/login 
 status=200, reason=OK 
 headers={'Access-Control-Allow-Origin': '*', 'x-dns-prefetch-control': 'off', 'x-frame-options': 'SAMEORIGIN', 'strict-transport-security': 'max-age=15552000; includeSubDomains', 'x-download-options': 'noopen', 'x-content-type-options': 'nosniff', 'x-xss-protection': '1; mode=block', 'Content-Type': 'application/json; charset=utf-8', 'Content-Length': '289', 'Date': 'Fri, 06 Jun 2025 08:35:02 GMT', 'Connection': 'keep-alive', 'Keep-Alive': 'timeout=5'} 
 body={
    "message": "Login realizado com sucesso",
    "authorization": "Bearer eyJhbGciOiJIUzI1NiIsInR5cCI6IkpXVCJ9.eyJlbWFpbCI6ImplbmtpbnNkb21pbmlxdWVAZXhhbXBsZS5vcmciLCJwYXNzd29yZCI6IjJETGJIdlFmIiwiaWF0IjoxNzQ5MTk4OTAyLCJleHAiOjE3NDkxOTk1MDJ9.nz0bu13GF255NDkv4ZV8iSudu-TDb7YV-0CCHhDxZog"
} 
 </msg>
<msg time="2025-06-06T05:35:02.872428" level="INFO">${response} = &lt;Response [200]&gt;</msg>
<var>${response}</var>
<arg>serverest</arg>
<arg>/login</arg>
<arg>json=${payload}</arg>
<arg>expected_status=any</arg>
<doc>Sends a POST request on a previously created HTTP Session.</doc>
<status status="PASS" start="2025-06-06T05:35:02.734384" elapsed="0.138123"/>
</kw>
<kw name="Log To Console" owner="BuiltIn">
<arg>Response: ${response.content}</arg>
<doc>Logs the given message to the console.</doc>
<status status="PASS" start="2025-06-06T05:35:02.873083" elapsed="0.001401"/>
</kw>
<kw name="Set Global Variable" owner="BuiltIn">
<msg time="2025-06-06T05:35:02.875418" level="INFO">${response} = &lt;Response [200]&gt;</msg>
<arg>${response}</arg>
<doc>Makes a variable available globally in all tests and suites.</doc>
<status status="PASS" start="2025-06-06T05:35:02.874850" elapsed="0.000691"/>
</kw>
<kw name="Run Keyword If" owner="BuiltIn">
<kw name="Capturar token" owner="login_keyword">
<kw name="Set Variable" owner="BuiltIn">
<msg time="2025-06-06T05:35:02.880013" level="INFO">${token} = Bearer eyJhbGciOiJIUzI1NiIsInR5cCI6IkpXVCJ9.eyJlbWFpbCI6ImplbmtpbnNkb21pbmlxdWVAZXhhbXBsZS5vcmciLCJwYXNzd29yZCI6IjJETGJIdlFmIiwiaWF0IjoxNzQ5MTk4OTAyLCJleHAiOjE3NDkxOTk1MDJ9.nz0bu13GF255NDkv4ZV8iSudu-T...</msg>
<var>${token}</var>
<arg>${resp.json()['authorization']}</arg>
<doc>Returns the given values which can then be assigned to a variables.</doc>
<status status="PASS" start="2025-06-06T05:35:02.878816" elapsed="0.001281"/>
</kw>
<kw name="Log To Console" owner="BuiltIn">
<arg>Token: ${token}</arg>
<doc>Logs the given message to the console.</doc>
<status status="PASS" start="2025-06-06T05:35:02.880440" elapsed="0.000414"/>
</kw>
<kw name="Set Global Variable" owner="BuiltIn">
<msg time="2025-06-06T05:35:02.881875" level="INFO">${token_auth} = Bearer eyJhbGciOiJIUzI1NiIsInR5cCI6IkpXVCJ9.eyJlbWFpbCI6ImplbmtpbnNkb21pbmlxdWVAZXhhbXBsZS5vcmciLCJwYXNzd29yZCI6IjJETGJIdlFmIiwiaWF0IjoxNzQ5MTk4OTAyLCJleHAiOjE3NDkxOTk1MDJ9.nz0bu13GF255NDkv4ZV8iSudu-T...</msg>
<arg>${token_auth}</arg>
<arg>${token}</arg>
<doc>Makes a variable available globally in all tests and suites.</doc>
<status status="PASS" start="2025-06-06T05:35:02.881275" elapsed="0.000800"/>
</kw>
<kw name="Configurar Autenticação" owner="base">
<kw name="Create Dictionary" owner="BuiltIn">
<msg time="2025-06-06T05:35:02.884075" level="INFO">&amp;{header} = { authorization=Bearer eyJhbGciOiJIUzI1NiIsInR5cCI6IkpXVCJ9.eyJlbWFpbCI6ImplbmtpbnNkb21pbmlxdWVAZXhhbXBsZS5vcmciLCJwYXNzd29yZCI6IjJETGJIdlFmIiwiaWF0IjoxNzQ5MTk4OTAyLCJleHAiOjE3NDkxOTk1MDJ9.nz0bu13GF25...</msg>
<var>&amp;{header}</var>
<arg>authorization=${auth_token}</arg>
<doc>Creates and returns a dictionary based on the given ``items``.</doc>
<status status="PASS" start="2025-06-06T05:35:02.883422" elapsed="0.000733"/>
</kw>
<kw name="Set Global Variable" owner="BuiltIn">
<msg time="2025-06-06T05:35:02.885150" level="INFO">${HEADERS} = {'authorization': 'Bearer eyJhbGciOiJIUzI1NiIsInR5cCI6IkpXVCJ9.eyJlbWFpbCI6ImplbmtpbnNkb21pbmlxdWVAZXhhbXBsZS5vcmciLCJwYXNzd29yZCI6IjJETGJIdlFmIiwiaWF0IjoxNzQ5MTk4OTAyLCJleHAiOjE3NDkxOTk1MDJ9.nz0bu13G...</msg>
<arg>${HEADERS}</arg>
<arg>${header}</arg>
<doc>Makes a variable available globally in all tests and suites.</doc>
<status status="PASS" start="2025-06-06T05:35:02.884493" elapsed="0.000780"/>
</kw>
<return>
<value>${header}</value>
<status status="PASS" start="2025-06-06T05:35:02.885398" elapsed="0.000093"/>
</return>
<arg>${token}</arg>
<status status="PASS" start="2025-06-06T05:35:02.882571" elapsed="0.003183"/>
</kw>
<return>
<value>${token}</value>
<status status="PASS" start="2025-06-06T05:35:02.885865" elapsed="0.000096"/>
</return>
<arg>${response}</arg>
<status status="PASS" start="2025-06-06T05:35:02.878058" elapsed="0.008157"/>
</kw>
<arg>${response.status_code} == 200</arg>
<arg>Capturar token</arg>
<arg>${response}</arg>
<doc>Runs the given keyword with the given arguments, if ``condition`` is true.</doc>
<status status="PASS" start="2025-06-06T05:35:02.875888" elapsed="0.010481"/>
</kw>
<return>
<value>${response}</value>
<status status="PASS" start="2025-06-06T05:35:02.886493" elapsed="0.000073"/>
</return>
<status status="PASS" start="2025-06-06T05:35:02.732076" elapsed="0.154746"/>
</kw>
<status status="PASS" start="2025-06-06T05:35:02.581265" elapsed="0.305711"/>
</kw>
<kw name="Criar Produto Dinamico" owner="produtos_keyword">
<kw name="POST /produtos_dinamicos" owner="dynamics">
<kw name="Create Dictionary" owner="BuiltIn">
<msg time="2025-06-06T05:35:02.889959" level="INFO">${headers} = {'Authorization': 'Bearer eyJhbGciOiJIUzI1NiIsInR5cCI6IkpXVCJ9.eyJlbWFpbCI6ImplbmtpbnNkb21pbmlxdWVAZXhhbXBsZS5vcmciLCJwYXNzd29yZCI6IjJETGJIdlFmIiwiaWF0IjoxNzQ5MTk4OTAyLCJleHAiOjE3NDkxOTk1MDJ9.nz0bu13G...</msg>
<var>${headers}</var>
<arg>Authorization=${token_auth}</arg>
<doc>Creates and returns a dictionary based on the given ``items``.</doc>
<status status="PASS" start="2025-06-06T05:35:02.889266" elapsed="0.000810"/>
</kw>
<kw name="Criar Dados Produto Aleatorio" owner="dynamics">
<kw name="Word" owner="FakerLibrary">
<msg time="2025-06-06T05:35:02.892471" level="INFO">${nome_produto} = move</msg>
<var>${nome_produto}</var>
<doc>Generate a word.</doc>
<status status="PASS" start="2025-06-06T05:35:02.891931" elapsed="0.000626"/>
</kw>
<kw name="Sentence" owner="FakerLibrary">
<msg time="2025-06-06T05:35:02.893640" level="INFO">${descricao} = Speech too explain rule relationship course.</msg>
<var>${descricao}</var>
<arg>nb_words=10</arg>
<doc>Generate a sentence.</doc>
<status status="PASS" start="2025-06-06T05:35:02.892873" elapsed="0.000898"/>
</kw>
<kw name="Evaluate" owner="BuiltIn">
<msg time="2025-06-06T05:35:02.895146" level="INFO">${preco} = 4606</msg>
<var>${preco}</var>
<arg>random.randint(10, 5000)</arg>
<doc>Evaluates the given expression in Python and returns the result.</doc>
<status status="PASS" start="2025-06-06T05:35:02.894549" elapsed="0.000676"/>
</kw>
<kw name="Evaluate" owner="BuiltIn">
<msg time="2025-06-06T05:35:02.896126" level="INFO">${quantidade} = 28</msg>
<var>${quantidade}</var>
<arg>random.randint(1, 100)</arg>
<doc>Evaluates the given expression in Python and returns the result.</doc>
<status status="PASS" start="2025-06-06T05:35:02.895614" elapsed="0.000585"/>
</kw>
<kw name="Create Dictionary" owner="BuiltIn">
<msg time="2025-06-06T05:35:02.897923" level="INFO">${payload} = {'nome': 'Produto move', 'preco': 4606, 'descricao': 'Speech too explain rule relationship course.', 'quantidade': 28}</msg>
<var>${payload}</var>
<arg>nome=Produto ${nome_produto}</arg>
<arg>preco=${preco}</arg>
<arg>descricao=${descricao}</arg>
<arg>quantidade=${quantidade}</arg>
<doc>Creates and returns a dictionary based on the given ``items``.</doc>
<status status="PASS" start="2025-06-06T05:35:02.896785" elapsed="0.001267"/>
</kw>
<kw name="Log To Console" owner="BuiltIn">
<arg>Produto criado: ${payload}</arg>
<doc>Logs the given message to the console.</doc>
<status status="PASS" start="2025-06-06T05:35:02.898643" elapsed="0.000508"/>
</kw>
<return>
<value>${payload}</value>
<status status="PASS" start="2025-06-06T05:35:02.899288" elapsed="0.000099"/>
</return>
<msg time="2025-06-06T05:35:02.899789" level="INFO">${payload} = {'nome': 'Produto move', 'preco': 4606, 'descricao': 'Speech too explain rule relationship course.', 'quantidade': 28}</msg>
<var>${payload}</var>
<status status="PASS" start="2025-06-06T05:35:02.890952" elapsed="0.008916"/>
</kw>
<kw name="POST On Session" owner="RequestsLibrary">
<msg time="2025-06-06T05:35:03.052663" level="INFO">POST Request : url=http://54.84.70.94:3000/produtos 
 path_url=/produtos 
 headers={'User-Agent': 'python-requests/2.32.3', 'Accept-Encoding': 'gzip, deflate', 'Accept': '*/*', 'Connection': 'keep-alive', 'Authorization': 'Bearer eyJhbGciOiJIUzI1NiIsInR5cCI6IkpXVCJ9.eyJlbWFpbCI6ImplbmtpbnNkb21pbmlxdWVAZXhhbXBsZS5vcmciLCJwYXNzd29yZCI6IjJETGJIdlFmIiwiaWF0IjoxNzQ5MTk4OTAyLCJleHAiOjE3NDkxOTk1MDJ9.nz0bu13GF255NDkv4ZV8iSudu-TDb7YV-0CCHhDxZog', 'Content-Length': '118', 'Content-Type': 'application/json'} 
 body=b'{"nome": "Produto move", "preco": 4606, "descricao": "Speech too explain rule relationship course.", "quantidade": 28}' 
 </msg>
<msg time="2025-06-06T05:35:03.052881" level="INFO">POST Response : url=http://54.84.70.94:3000/produtos 
 status=201, reason=Created 
 headers={'Access-Control-Allow-Origin': '*', 'x-dns-prefetch-control': 'off', 'x-frame-options': 'SAMEORIGIN', 'strict-transport-security': 'max-age=15552000; includeSubDomains', 'x-download-options': 'noopen', 'x-content-type-options': 'nosniff', 'x-xss-protection': '1; mode=block', 'Content-Type': 'application/json; charset=utf-8', 'Content-Length': '82', 'Date': 'Fri, 06 Jun 2025 08:35:02 GMT', 'Connection': 'keep-alive', 'Keep-Alive': 'timeout=5'} 
 body={
    "message": "Cadastro realizado com sucesso",
    "_id": "MUVM0ZC3ZnxNxtGM"
} 
 </msg>
<msg time="2025-06-06T05:35:03.053215" level="INFO">${response} = &lt;Response [201]&gt;</msg>
<var>${response}</var>
<arg>serverest</arg>
<arg>/produtos</arg>
<arg>json=${payload}</arg>
<arg>headers=${headers}</arg>
<doc>Sends a POST request on a previously created HTTP Session.</doc>
<status status="PASS" start="2025-06-06T05:35:02.900319" elapsed="0.152980"/>
</kw>
<kw name="Log To Console" owner="BuiltIn">
<arg>Response: ${response.content}</arg>
<doc>Logs the given message to the console.</doc>
<status status="PASS" start="2025-06-06T05:35:03.053765" elapsed="0.001459"/>
</kw>
<kw name="Set Global Variable" owner="BuiltIn">
<msg time="2025-06-06T05:35:03.056197" level="INFO">${response} = &lt;Response [201]&gt;</msg>
<arg>${response}</arg>
<doc>Makes a variable available globally in all tests and suites.</doc>
<status status="PASS" start="2025-06-06T05:35:03.055604" elapsed="0.000722"/>
</kw>
<return>
<value>${response}</value>
<status status="PASS" start="2025-06-06T05:35:03.056452" elapsed="0.000090"/>
</return>
<status status="PASS" start="2025-06-06T05:35:02.888573" elapsed="0.168246"/>
</kw>
<kw name="Validar Status Code &quot;201&quot;" owner="common" source_name="Validar Status Code &quot;${statuscode}&quot;">
<kw name="Should Be True" owner="BuiltIn">
<arg>${response.status_code} == ${statuscode}</arg>
<doc>Fails if the given condition is not true.</doc>
<status status="PASS" start="2025-06-06T05:35:03.058011" elapsed="0.002508"/>
</kw>
<status status="PASS" start="2025-06-06T05:35:03.057262" elapsed="0.003444"/>
</kw>
<kw name="Set Variable" owner="BuiltIn">
<msg time="2025-06-06T05:35:03.062733" level="INFO">${id_produto} = MUVM0ZC3ZnxNxtGM</msg>
<var>${id_produto}</var>
<arg>${response.json()["_id"]}</arg>
<doc>Returns the given values which can then be assigned to a variables.</doc>
<status status="PASS" start="2025-06-06T05:35:03.061234" elapsed="0.001587"/>
</kw>
<kw name="Log To Console" owner="BuiltIn">
<arg>ID do Produto Dinâmico Salvo: ${id_produto}</arg>
<doc>Logs the given message to the console.</doc>
<status status="PASS" start="2025-06-06T05:35:03.063267" elapsed="0.000467"/>
</kw>
<kw name="Set Global Variable" owner="BuiltIn">
<msg time="2025-06-06T05:35:03.064671" level="INFO">${id_produto} = MUVM0ZC3ZnxNxtGM</msg>
<arg>${id_produto}</arg>
<doc>Makes a variable available globally in all tests and suites.</doc>
<status status="PASS" start="2025-06-06T05:35:03.064136" elapsed="0.000659"/>
</kw>
<return>
<value>${id_produto}</value>
<status status="PASS" start="2025-06-06T05:35:03.064939" elapsed="0.000092"/>
</return>
<status status="PASS" start="2025-06-06T05:35:02.887667" elapsed="0.177731"/>
</kw>
<kw name="Set Variable" owner="BuiltIn">
<msg time="2025-06-06T05:35:03.066386" level="INFO">${produto_id1} = MUVM0ZC3ZnxNxtGM</msg>
<var>${produto_id1}</var>
<arg>${id_produto}</arg>
<doc>Returns the given values which can then be assigned to a variables.</doc>
<status status="PASS" start="2025-06-06T05:35:03.065930" elapsed="0.000534"/>
</kw>
<kw name="Criar Produto Dinamico" owner="produtos_keyword">
<kw name="POST /produtos_dinamicos" owner="dynamics">
<kw name="Create Dictionary" owner="BuiltIn">
<msg time="2025-06-06T05:35:03.071009" level="INFO">${headers} = {'Authorization': 'Bearer eyJhbGciOiJIUzI1NiIsInR5cCI6IkpXVCJ9.eyJlbWFpbCI6ImplbmtpbnNkb21pbmlxdWVAZXhhbXBsZS5vcmciLCJwYXNzd29yZCI6IjJETGJIdlFmIiwiaWF0IjoxNzQ5MTk4OTAyLCJleHAiOjE3NDkxOTk1MDJ9.nz0bu13G...</msg>
<var>${headers}</var>
<arg>Authorization=${token_auth}</arg>
<doc>Creates and returns a dictionary based on the given ``items``.</doc>
<status status="PASS" start="2025-06-06T05:35:03.070306" elapsed="0.000801"/>
</kw>
<kw name="Criar Dados Produto Aleatorio" owner="dynamics">
<kw name="Word" owner="FakerLibrary">
<msg time="2025-06-06T05:35:03.073413" level="INFO">${nome_produto} = give</msg>
<var>${nome_produto}</var>
<doc>Generate a word.</doc>
<status status="PASS" start="2025-06-06T05:35:03.072852" elapsed="0.000653"/>
</kw>
<kw name="Sentence" owner="FakerLibrary">
<msg time="2025-06-06T05:35:03.074496" level="INFO">${descricao} = Control share use very special station window instead television last figure.</msg>
<var>${descricao}</var>
<arg>nb_words=10</arg>
<doc>Generate a sentence.</doc>
<status status="PASS" start="2025-06-06T05:35:03.073833" elapsed="0.000747"/>
</kw>
<kw name="Evaluate" owner="BuiltIn">
<msg time="2025-06-06T05:35:03.075501" level="INFO">${preco} = 2041</msg>
<var>${preco}</var>
<arg>random.randint(10, 5000)</arg>
<doc>Evaluates the given expression in Python and returns the result.</doc>
<status status="PASS" start="2025-06-06T05:35:03.074991" elapsed="0.000588"/>
</kw>
<kw name="Evaluate" owner="BuiltIn">
<msg time="2025-06-06T05:35:03.076522" level="INFO">${quantidade} = 55</msg>
<var>${quantidade}</var>
<arg>random.randint(1, 100)</arg>
<doc>Evaluates the given expression in Python and returns the result.</doc>
<status status="PASS" start="2025-06-06T05:35:03.075965" elapsed="0.000685"/>
</kw>
<kw name="Create Dictionary" owner="BuiltIn">
<msg time="2025-06-06T05:35:03.078508" level="INFO">${payload} = {'nome': 'Produto give', 'preco': 2041, 'descricao': 'Control share use very special station window instead television last figure.', 'quantidade': 55}</msg>
<var>${payload}</var>
<arg>nome=Produto ${nome_produto}</arg>
<arg>preco=${preco}</arg>
<arg>descricao=${descricao}</arg>
<arg>quantidade=${quantidade}</arg>
<doc>Creates and returns a dictionary based on the given ``items``.</doc>
<status status="PASS" start="2025-06-06T05:35:03.077166" elapsed="0.001442"/>
</kw>
<kw name="Log To Console" owner="BuiltIn">
<arg>Produto criado: ${payload}</arg>
<doc>Logs the given message to the console.</doc>
<status status="PASS" start="2025-06-06T05:35:03.079328" elapsed="0.000650"/>
</kw>
<return>
<value>${payload}</value>
<status status="PASS" start="2025-06-06T05:35:03.080131" elapsed="0.000113"/>
</return>
<msg time="2025-06-06T05:35:03.080706" level="INFO">${payload} = {'nome': 'Produto give', 'preco': 2041, 'descricao': 'Control share use very special station window instead television last figure.', 'quantidade': 55}</msg>
<var>${payload}</var>
<status status="PASS" start="2025-06-06T05:35:03.071880" elapsed="0.008917"/>
</kw>
<kw name="POST On Session" owner="RequestsLibrary">
<msg time="2025-06-06T05:35:03.223084" level="INFO">POST Request : url=http://54.84.70.94:3000/produtos 
 path_url=/produtos 
 headers={'User-Agent': 'python-requests/2.32.3', 'Accept-Encoding': 'gzip, deflate', 'Accept': '*/*', 'Connection': 'keep-alive', 'Authorization': 'Bearer eyJhbGciOiJIUzI1NiIsInR5cCI6IkpXVCJ9.eyJlbWFpbCI6ImplbmtpbnNkb21pbmlxdWVAZXhhbXBsZS5vcmciLCJwYXNzd29yZCI6IjJETGJIdlFmIiwiaWF0IjoxNzQ5MTk4OTAyLCJleHAiOjE3NDkxOTk1MDJ9.nz0bu13GF255NDkv4ZV8iSudu-TDb7YV-0CCHhDxZog', 'Content-Length': '151', 'Content-Type': 'application/json'} 
 body=b'{"nome": "Produto give", "preco": 2041, "descricao": "Control share use very special station window instead television last figure.", "quantidade": 55}' 
 </msg>
<msg time="2025-06-06T05:35:03.223335" level="INFO">POST Response : url=http://54.84.70.94:3000/produtos 
 status=201, reason=Created 
 headers={'Access-Control-Allow-Origin': '*', 'x-dns-prefetch-control': 'off', 'x-frame-options': 'SAMEORIGIN', 'strict-transport-security': 'max-age=15552000; includeSubDomains', 'x-download-options': 'noopen', 'x-content-type-options': 'nosniff', 'x-xss-protection': '1; mode=block', 'Content-Type': 'application/json; charset=utf-8', 'Content-Length': '82', 'Date': 'Fri, 06 Jun 2025 08:35:03 GMT', 'Connection': 'keep-alive', 'Keep-Alive': 'timeout=5'} 
 body={
    "message": "Cadastro realizado com sucesso",
    "_id": "66MyVhmXprFiA1n9"
} 
 </msg>
<msg time="2025-06-06T05:35:03.223665" level="INFO">${response} = &lt;Response [201]&gt;</msg>
<var>${response}</var>
<arg>serverest</arg>
<arg>/produtos</arg>
<arg>json=${payload}</arg>
<arg>headers=${headers}</arg>
<doc>Sends a POST request on a previously created HTTP Session.</doc>
<status status="PASS" start="2025-06-06T05:35:03.081283" elapsed="0.142467"/>
</kw>
<kw name="Log To Console" owner="BuiltIn">
<arg>Response: ${response.content}</arg>
<doc>Logs the given message to the console.</doc>
<status status="PASS" start="2025-06-06T05:35:03.224243" elapsed="0.001361"/>
</kw>
<kw name="Set Global Variable" owner="BuiltIn">
<msg time="2025-06-06T05:35:03.226514" level="INFO">${response} = &lt;Response [201]&gt;</msg>
<arg>${response}</arg>
<doc>Makes a variable available globally in all tests and suites.</doc>
<status status="PASS" start="2025-06-06T05:35:03.225963" elapsed="0.000681"/>
</kw>
<return>
<value>${response}</value>
<status status="PASS" start="2025-06-06T05:35:03.226771" elapsed="0.000092"/>
</return>
<status status="PASS" start="2025-06-06T05:35:03.069300" elapsed="0.157854"/>
</kw>
<kw name="Validar Status Code &quot;201&quot;" owner="common" source_name="Validar Status Code &quot;${statuscode}&quot;">
<kw name="Should Be True" owner="BuiltIn">
<arg>${response.status_code} == ${statuscode}</arg>
<doc>Fails if the given condition is not true.</doc>
<status status="PASS" start="2025-06-06T05:35:03.227917" elapsed="0.001715"/>
</kw>
<status status="PASS" start="2025-06-06T05:35:03.227435" elapsed="0.002312"/>
</kw>
<kw name="Set Variable" owner="BuiltIn">
<msg time="2025-06-06T05:35:03.230938" level="INFO">${id_produto} = 66MyVhmXprFiA1n9</msg>
<var>${id_produto}</var>
<arg>${response.json()["_id"]}</arg>
<doc>Returns the given values which can then be assigned to a variables.</doc>
<status status="PASS" start="2025-06-06T05:35:03.229988" elapsed="0.001008"/>
</kw>
<kw name="Log To Console" owner="BuiltIn">
<arg>ID do Produto Dinâmico Salvo: ${id_produto}</arg>
<doc>Logs the given message to the console.</doc>
<status status="PASS" start="2025-06-06T05:35:03.231291" elapsed="0.000422"/>
</kw>
<kw name="Set Global Variable" owner="BuiltIn">
<msg time="2025-06-06T05:35:03.232621" level="INFO">${id_produto} = 66MyVhmXprFiA1n9</msg>
<arg>${id_produto}</arg>
<doc>Makes a variable available globally in all tests and suites.</doc>
<status status="PASS" start="2025-06-06T05:35:03.232085" elapsed="0.000706"/>
</kw>
<return>
<value>${id_produto}</value>
<status status="PASS" start="2025-06-06T05:35:03.232904" elapsed="0.000062"/>
</return>
<status status="PASS" start="2025-06-06T05:35:03.067086" elapsed="0.166056"/>
</kw>
<kw name="Set Variable" owner="BuiltIn">
<msg time="2025-06-06T05:35:03.233750" level="INFO">${produto_id2} = 66MyVhmXprFiA1n9</msg>
<var>${produto_id2}</var>
<arg>${id_produto}</arg>
<doc>Returns the given values which can then be assigned to a variables.</doc>
<status status="PASS" start="2025-06-06T05:35:03.233464" elapsed="0.000333"/>
</kw>
<kw name="Create Dictionary" owner="BuiltIn">
<msg time="2025-06-06T05:35:03.234533" level="INFO">${headers} = {'Authorization': 'Bearer eyJhbGciOiJIUzI1NiIsInR5cCI6IkpXVCJ9.eyJlbWFpbCI6ImplbmtpbnNkb21pbmlxdWVAZXhhbXBsZS5vcmciLCJwYXNzd29yZCI6IjJETGJIdlFmIiwiaWF0IjoxNzQ5MTk4OTAyLCJleHAiOjE3NDkxOTk1MDJ9.nz0bu13G...</msg>
<var>${headers}</var>
<arg>Authorization=${token_auth}</arg>
<doc>Creates and returns a dictionary based on the given ``items``.</doc>
<status status="PASS" start="2025-06-06T05:35:03.234133" elapsed="0.000449"/>
</kw>
<kw name="Create Dictionary" owner="BuiltIn">
<msg time="2025-06-06T05:35:03.235413" level="INFO">${produto1} = {'idProduto': 'MUVM0ZC3ZnxNxtGM', 'quantidade': '1'}</msg>
<var>${produto1}</var>
<arg>idProduto=${produto_id1}</arg>
<arg>quantidade=1</arg>
<doc>Creates and returns a dictionary based on the given ``items``.</doc>
<status status="PASS" start="2025-06-06T05:35:03.234961" elapsed="0.000512"/>
</kw>
<kw name="Create Dictionary" owner="BuiltIn">
<msg time="2025-06-06T05:35:03.236290" level="INFO">${produto2} = {'idProduto': '66MyVhmXprFiA1n9', 'quantidade': '2'}</msg>
<var>${produto2}</var>
<arg>idProduto=${produto_id2}</arg>
<arg>quantidade=2</arg>
<doc>Creates and returns a dictionary based on the given ``items``.</doc>
<status status="PASS" start="2025-06-06T05:35:03.235793" elapsed="0.000546"/>
</kw>
<kw name="Create List" owner="BuiltIn">
<msg time="2025-06-06T05:35:03.237213" level="INFO">@{produtos} = [ {'idProduto': 'MUVM0ZC3ZnxNxtGM', 'quantidade': '1'} | {'idProduto': '66MyVhmXprFiA1n9', 'quantidade': '2'} ]</msg>
<var>@{produtos}</var>
<arg>${produto1}</arg>
<arg>${produto2}</arg>
<doc>Returns a list containing given items.</doc>
<status status="PASS" start="2025-06-06T05:35:03.236683" elapsed="0.000585"/>
</kw>
<kw name="Create Dictionary" owner="BuiltIn">
<msg time="2025-06-06T05:35:03.238774" level="INFO">${payload} = {'produtos': [{'idProduto': 'MUVM0ZC3ZnxNxtGM', 'quantidade': '1'}, {'idProduto': '66MyVhmXprFiA1n9', 'quantidade': '2'}]}</msg>
<var>${payload}</var>
<arg>produtos=${produtos}</arg>
<doc>Creates and returns a dictionary based on the given ``items``.</doc>
<status status="PASS" start="2025-06-06T05:35:03.237721" elapsed="0.001122"/>
</kw>
<kw name="POST On Session" owner="RequestsLibrary">
<msg time="2025-06-06T05:35:03.383299" level="INFO">POST Request : url=http://54.84.70.94:3000/carrinhos 
 path_url=/carrinhos 
 headers={'User-Agent': 'python-requests/2.32.3', 'Accept-Encoding': 'gzip, deflate', 'Accept': '*/*', 'Connection': 'keep-alive', 'Authorization': 'Bearer eyJhbGciOiJIUzI1NiIsInR5cCI6IkpXVCJ9.eyJlbWFpbCI6ImplbmtpbnNkb21pbmlxdWVAZXhhbXBsZS5vcmciLCJwYXNzd29yZCI6IjJETGJIdlFmIiwiaWF0IjoxNzQ5MTk4OTAyLCJleHAiOjE3NDkxOTk1MDJ9.nz0bu13GF255NDkv4ZV8iSudu-TDb7YV-0CCHhDxZog', 'Content-Length': '122', 'Content-Type': 'application/json'} 
 body=b'{"produtos": [{"idProduto": "MUVM0ZC3ZnxNxtGM", "quantidade": "1"}, {"idProduto": "66MyVhmXprFiA1n9", "quantidade": "2"}]}' 
 </msg>
<msg time="2025-06-06T05:35:03.383676" level="INFO">POST Response : url=http://54.84.70.94:3000/carrinhos 
 status=201, reason=Created 
 headers={'Access-Control-Allow-Origin': '*', 'x-dns-prefetch-control': 'off', 'x-frame-options': 'SAMEORIGIN', 'strict-transport-security': 'max-age=15552000; includeSubDomains', 'x-download-options': 'noopen', 'x-content-type-options': 'nosniff', 'x-xss-protection': '1; mode=block', 'Content-Type': 'application/json; charset=utf-8', 'Content-Length': '82', 'Date': 'Fri, 06 Jun 2025 08:35:03 GMT', 'Connection': 'keep-alive', 'Keep-Alive': 'timeout=5'} 
 body={
    "message": "Cadastro realizado com sucesso",
    "_id": "oSpy3hUWWl61o5Kp"
} 
 </msg>
<msg time="2025-06-06T05:35:03.384077" level="INFO">${response} = &lt;Response [201]&gt;</msg>
<var>${response}</var>
<arg>serverest</arg>
<arg>/carrinhos</arg>
<arg>json=${payload}</arg>
<arg>headers=${headers}</arg>
<doc>Sends a POST request on a previously created HTTP Session.</doc>
<status status="PASS" start="2025-06-06T05:35:03.239223" elapsed="0.144950"/>
</kw>
<kw name="Set Global Variable" owner="BuiltIn">
<msg time="2025-06-06T05:35:03.385446" level="INFO">${response} = &lt;Response [201]&gt;</msg>
<arg>${response}</arg>
<doc>Makes a variable available globally in all tests and suites.</doc>
<status status="PASS" start="2025-06-06T05:35:03.384817" elapsed="0.000773"/>
</kw>
<kw name="Validar Status Code &quot;201&quot;" owner="common" source_name="Validar Status Code &quot;${statuscode}&quot;">
<kw name="Should Be True" owner="BuiltIn">
<arg>${response.status_code} == ${statuscode}</arg>
<doc>Fails if the given condition is not true.</doc>
<status status="PASS" start="2025-06-06T05:35:03.387059" elapsed="0.003390"/>
</kw>
<status status="PASS" start="2025-06-06T05:35:03.386226" elapsed="0.004425"/>
</kw>
<kw name="Validar Se Mensagem Contem &quot;Cadastro realizado com sucesso&quot;" owner="common" source_name="Validar Se Mensagem Contem &quot;${palavra}&quot;">
<kw name="Should Contain" owner="BuiltIn">
<arg>${response.json()["message"]}</arg>
<arg>${palavra}</arg>
<doc>Fails if ``container`` does not contain ``item`` one or more times.</doc>
<status status="PASS" start="2025-06-06T05:35:03.392232" elapsed="0.001563"/>
</kw>
<status status="PASS" start="2025-06-06T05:35:03.391303" elapsed="0.002807"/>
</kw>
<status status="PASS" start="2025-06-06T05:35:02.580240" elapsed="0.814307"/>
</test>
<test id="s1-t3" name="Listar carrinhos" line="53">
<kw name="GET /carrinhos" owner="carrinho_keyword">
<kw name="Set Variable" owner="BuiltIn">
<msg time="2025-06-06T05:35:03.398867" level="INFO">${endpoint} = /carrinhos</msg>
<var>${endpoint}</var>
<arg>/carrinhos</arg>
<doc>Returns the given values which can then be assigned to a variables.</doc>
<status status="PASS" start="2025-06-06T05:35:03.398471" elapsed="0.000504"/>
</kw>
<kw name="Set Variable If" owner="BuiltIn">
<msg time="2025-06-06T05:35:03.401010" level="INFO">${endpoint} = /carrinhos</msg>
<var>${endpoint}</var>
<arg>"${id}" != "${EMPTY}"</arg>
<arg>/carrinhos/${id}</arg>
<arg>${endpoint}</arg>
<doc>Sets variable based on the given condition.</doc>
<status status="PASS" start="2025-06-06T05:35:03.399391" elapsed="0.001706"/>
</kw>
<kw name="GET On Session" owner="RequestsLibrary">
<msg time="2025-06-06T05:35:03.540150" level="INFO">GET Request : url=http://54.84.70.94:3000/carrinhos 
 path_url=/carrinhos 
 headers={'User-Agent': 'python-requests/2.32.3', 'Accept-Encoding': 'gzip, deflate', 'Accept': '*/*', 'Connection': 'keep-alive'} 
 body=None 
 </msg>
<msg time="2025-06-06T05:35:03.540384" level="INFO">GET Response : url=http://54.84.70.94:3000/carrinhos 
 status=200, reason=OK 
 headers={'Access-Control-Allow-Origin': '*', 'x-dns-prefetch-control': 'off', 'x-frame-options': 'SAMEORIGIN', 'strict-transport-security': 'max-age=15552000; includeSubDomains', 'x-download-options': 'noopen', 'x-content-type-options': 'nosniff', 'x-xss-protection': '1; mode=block', 'Content-Type': 'application/json; charset=utf-8', 'Content-Length': '5290', 'Date': 'Fri, 06 Jun 2025 08:35:03 GMT', 'Connection': 'keep-alive', 'Keep-Alive': 'timeout=5'} 
 body={
    "quantidade": 11,
    "carrinhos": [
        {
            "produtos": [
                {
                    "idProduto": "zItLwvWhd2MPc89s",
                    "quantidade": "1",
                    "precoUnitario": 3105
                },
                {
                    "idProduto": "WTVrhISUt2cRLniS",
                    "quantidade": "2",
                    "precoUnitario": 4787
                }
            ],
            "precoTotal": 12679,
            "quantidadeTotal": "012",
            "idUsuario": "rfUdLQyK3wr3VIZw",
            "_id": "7AUcB6Gjo5u31Qd4"
        },
        {
            "produtos": [
                {
                    "idProduto": "V3WmE71Gs8qVnxY7",
                    "quantidade": "1",
                    "precoUnitario": 938
                },
                {
                    "idProduto": "lXEZPOJNbVyVbk8B",
                    "quantidade": "2",
                    "precoUnitario": 1922
                }
            ],
            "precoTotal": 4782,
            "quantidadeTotal": "012",
            "idUsuario": "4PX9laJMcK84I7rG",
            "_id": "95bqTZEjt2L0U2FI"
        },
        {
            "produtos": [
                {
                    "idProduto": "qhvIsesMQzVjsxVR",
                    "quantidade": "1",
                    "precoUnitario": 973
                },
                {
                    "idProduto": "HmUecdgU9kL9TYip",
                    "quantidade": "2",
                    "precoUnitario": 787
                }
            ],
            "precoTotal": 2547,
            "quantidadeTotal": "012",
            "idUsuario": "nAhljFMfqHpRKE7O",
            "_id": "CJiMBhdlZ9dL9HOR"
        },
        {
            "produtos": [
                {
                    "idProduto": "IXoxdGzDaXWn5cZR",
                    "quantidade": "1",
                    "precoUnitario": 900
                }
            ],
            "precoTotal": 900,
            "quantidadeTotal": "01",
            "idUsuario": "gZdI6dElNf9kon2G",
            "_id": "VPZD5YQKq8tLnLS7"
        },
        {
            "produtos": [
                {
                    "idProduto": "frZ0dBYIMeTbKO76",
                    "quantidade": "1",
                    "precoUnitario": 822
                }
            ],
            "precoTotal": 822,
            "quantidadeTotal": "01",
            "idUsuario": "A7xM1k1Nso2wWIGN",
            "_id": "bsGyOlqK3P602uH8"
        },
        {
            "produtos": [
                {
                    "idProduto": "hIwWBghEWXK51FKe",
                    "quantidade": "1",
                    "precoUnitario": 2605
                }
            ],
            "precoTotal": 2605,
            "quantidadeTotal": "01",
            "idUsuario": "oPYBzTCCQ0xO93DA",
            "_id": "gOatGssUyDdKkAlF"
        },
        {
            "produtos": [
                {
                    "idProduto": "pFUXgXQW43aW38OV",
                    "quantidade": "1",
                    "precoUnitario": 2234
                },
                {
                    "idProduto": "kZQBGhXNPsYfLA2r",
                    "quantidade": "2",
                    "precoUnitario": 1746
                }
            ],
            "precoTotal": 5726,
            "quantidadeTotal": "012",
            "idUsuario": "wVZiEpGaCe9z7rAK",
            "_id": "kzgY3qs31gyHCQeA"
        },
        {
            "produtos": [
                {
                    "idProduto": "r6NubsKY4HQA3q94",
                    "quantidade": "1",
                    "precoUnitario": 4205
                }
            ],
            "precoTotal": 4205,
            "quantidadeTotal": "01",
            "idUsuario": "TbnRikKUpcfgOh7u",
            "_id": "mClXFUHsEM4zUEDr"
        },
        {
            "produtos": [
                {
                    "idProduto": "MUVM0ZC3ZnxNxtGM",
                    "quantidade": "1",
                    "precoUnitario": 4606
                },
                {
                    "idProduto": "66MyVhmXprFiA1n9",
                    "quantidade": "2",
                    "precoUnitario": 2041
                }
            ],
            "precoTotal": 8688,
            "quantidadeTotal": "012",
            "idUsuario": "pmMvyhKcYXedaTa2",
            "_id": "oSpy3hUWWl61o5Kp"
        },
        {
            "produtos": [
                {
                    "idProduto": "BeeJh5lz3k6kSIzA",
                    "quantidade": 2,
                    "precoUnitario": 470
                },
                {
                    "idProduto": "K6leHdftCeOJj8BJ",
                    "quantidade": 1,
                    "precoUnitario": 5240
                }
            ],
            "precoTotal": 6180,
            "quantidadeTotal": 3,
            "idUsuario": "0uxuPY0cbmQhpEz1",
            "_id": "qbMqntef4iTOwWfg"
        },
        {
            "produtos": [
                {
                    "idProduto": "Fnlqh1H6OKWXy1Mp",
                    "quantidade": "1",
                    "precoUnitario": 2258
                }
            ],
            "precoTotal": 2258,
            "quantidadeTotal": "01",
            "idUsuario": "2sbaiZgczJc90Izi",
            "_id": "uYY8XzsbpB6Q8cXO"
        }
    ]
} 
 </msg>
<msg time="2025-06-06T05:35:03.540973" level="INFO">${response} = &lt;Response [200]&gt;</msg>
<var>${response}</var>
<arg>serverest</arg>
<arg>${endpoint}</arg>
<doc>Sends a GET request on a previously created HTTP Session.</doc>
<status status="PASS" start="2025-06-06T05:35:03.401499" elapsed="0.139581"/>
</kw>
<kw name="Log To Console" owner="BuiltIn">
<arg>Response: ${response.content}</arg>
<doc>Logs the given message to the console.</doc>
<status status="PASS" start="2025-06-06T05:35:03.541679" elapsed="0.001791"/>
</kw>
<kw name="Set Global Variable" owner="BuiltIn">
<msg time="2025-06-06T05:35:03.544499" level="INFO">${response} = &lt;Response [200]&gt;</msg>
<arg>${response}</arg>
<doc>Makes a variable available globally in all tests and suites.</doc>
<status status="PASS" start="2025-06-06T05:35:03.543887" elapsed="0.000750"/>
</kw>
<return>
<value>${response}</value>
<status status="PASS" start="2025-06-06T05:35:03.544775" elapsed="0.000099"/>
</return>
<status status="PASS" start="2025-06-06T05:35:03.396621" elapsed="0.148583"/>
</kw>
<kw name="Validar Status Code &quot;200&quot;" owner="common" source_name="Validar Status Code &quot;${statuscode}&quot;">
<kw name="Should Be True" owner="BuiltIn">
<arg>${response.status_code} == ${statuscode}</arg>
<doc>Fails if the given condition is not true.</doc>
<status status="PASS" start="2025-06-06T05:35:03.546562" elapsed="0.002454"/>
</kw>
<status status="PASS" start="2025-06-06T05:35:03.545758" elapsed="0.003452"/>
</kw>
<status status="PASS" start="2025-06-06T05:35:03.395341" elapsed="0.154225"/>
</test>
<test id="s1-t4" name="Listar carrinho específico" line="57">
<kw name="GET /carrinhos" owner="carrinho_keyword">
<kw name="Set Variable" owner="BuiltIn">
<msg time="2025-06-06T05:35:03.552590" level="INFO">${endpoint} = /carrinhos</msg>
<var>${endpoint}</var>
<arg>/carrinhos</arg>
<doc>Returns the given values which can then be assigned to a variables.</doc>
<status status="PASS" start="2025-06-06T05:35:03.552218" elapsed="0.000460"/>
</kw>
<kw name="Set Variable If" owner="BuiltIn">
<msg time="2025-06-06T05:35:03.554829" level="INFO">${endpoint} = /carrinhos/uYY8XzsbpB6Q8cXO</msg>
<var>${endpoint}</var>
<arg>"${id}" != "${EMPTY}"</arg>
<arg>/carrinhos/${id}</arg>
<arg>${endpoint}</arg>
<doc>Sets variable based on the given condition.</doc>
<status status="PASS" start="2025-06-06T05:35:03.553112" elapsed="0.001823"/>
</kw>
<kw name="GET On Session" owner="RequestsLibrary">
<msg time="2025-06-06T05:35:03.694927" level="INFO">GET Request : url=http://54.84.70.94:3000/carrinhos/uYY8XzsbpB6Q8cXO 
 path_url=/carrinhos/uYY8XzsbpB6Q8cXO 
 headers={'User-Agent': 'python-requests/2.32.3', 'Accept-Encoding': 'gzip, deflate', 'Accept': '*/*', 'Connection': 'keep-alive'} 
 body=None 
 </msg>
<msg time="2025-06-06T05:35:03.695157" level="INFO">GET Response : url=http://54.84.70.94:3000/carrinhos/uYY8XzsbpB6Q8cXO 
 status=200, reason=OK 
 headers={'Access-Control-Allow-Origin': '*', 'x-dns-prefetch-control': 'off', 'x-frame-options': 'SAMEORIGIN', 'strict-transport-security': 'max-age=15552000; includeSubDomains', 'x-download-options': 'noopen', 'x-content-type-options': 'nosniff', 'x-xss-protection': '1; mode=block', 'Content-Type': 'application/json; charset=utf-8', 'Content-Length': '278', 'Date': 'Fri, 06 Jun 2025 08:35:03 GMT', 'Connection': 'keep-alive', 'Keep-Alive': 'timeout=5'} 
 body={
    "produtos": [
        {
            "idProduto": "Fnlqh1H6OKWXy1Mp",
            "quantidade": "1",
            "precoUnitario": 2258
        }
    ],
    "precoTotal": 2258,
    "quantidadeTotal": "01",
    "idUsuario": "2sbaiZgczJc90Izi",
    "_id": "uYY8XzsbpB6Q8cXO"
} 
 </msg>
<msg time="2025-06-06T05:35:03.695494" level="INFO">${response} = &lt;Response [200]&gt;</msg>
<var>${response}</var>
<arg>serverest</arg>
<arg>${endpoint}</arg>
<doc>Sends a GET request on a previously created HTTP Session.</doc>
<status status="PASS" start="2025-06-06T05:35:03.555440" elapsed="0.140143"/>
</kw>
<kw name="Log To Console" owner="BuiltIn">
<arg>Response: ${response.content}</arg>
<doc>Logs the given message to the console.</doc>
<status status="PASS" start="2025-06-06T05:35:03.696086" elapsed="0.001591"/>
</kw>
<kw name="Set Global Variable" owner="BuiltIn">
<msg time="2025-06-06T05:35:03.698833" level="INFO">${response} = &lt;Response [200]&gt;</msg>
<arg>${response}</arg>
<doc>Makes a variable available globally in all tests and suites.</doc>
<status status="PASS" start="2025-06-06T05:35:03.698121" elapsed="0.000873"/>
</kw>
<return>
<value>${response}</value>
<status status="PASS" start="2025-06-06T05:35:03.699132" elapsed="0.000097"/>
</return>
<arg>${CARRINHO_ID}</arg>
<status status="PASS" start="2025-06-06T05:35:03.551282" elapsed="0.148252"/>
</kw>
<kw name="Validar Status Code &quot;200&quot;" owner="common" source_name="Validar Status Code &quot;${statuscode}&quot;">
<kw name="Should Be True" owner="BuiltIn">
<arg>${response.status_code} == ${statuscode}</arg>
<doc>Fails if the given condition is not true.</doc>
<status status="PASS" start="2025-06-06T05:35:03.700946" elapsed="0.002891"/>
</kw>
<status status="PASS" start="2025-06-06T05:35:03.700142" elapsed="0.004064"/>
</kw>
<status status="PASS" start="2025-06-06T05:35:03.550172" elapsed="0.154643"/>
</test>
<test id="s1-t5" name="Concluir compra" line="61">
<kw name="Configurar Usuario e Login" owner="login_keyword">
<kw name="Criar Usuario Dinamico" owner="usuarios_keyword">
<kw name="Criar Dados Usuario Aleatorio Válido" owner="dynamics">
<kw name="Name" owner="FakerLibrary">
<msg time="2025-06-06T05:35:03.714436" level="INFO">${nome_aleatorio} = Eric Hansen</msg>
<var>${nome_aleatorio}</var>
<doc>:example: 'John Doe'</doc>
<status status="PASS" start="2025-06-06T05:35:03.712833" elapsed="0.001760"/>
</kw>
<kw name="Email" owner="FakerLibrary">
<msg time="2025-06-06T05:35:03.716394" level="INFO">${email_aleatorio} = ecooper@example.com</msg>
<var>${email_aleatorio}</var>
<status status="PASS" start="2025-06-06T05:35:03.715169" elapsed="0.001367"/>
</kw>
<kw name="Password" owner="FakerLibrary">
<msg time="2025-06-06T05:35:03.718216" level="INFO">${senha_aleatoria} = d2TkLzdk</msg>
<var>${senha_aleatoria}</var>
<arg>length=8</arg>
<arg>special_chars=False</arg>
<doc>Generate a random password of the specified ``length``.</doc>
<status status="PASS" start="2025-06-06T05:35:03.717095" elapsed="0.001257"/>
</kw>
<kw name="Create Dictionary" owner="BuiltIn">
<msg time="2025-06-06T05:35:03.720803" level="INFO">${payload_aleatorio} = {'nome': 'Eric Hansen', 'email': 'ecooper@example.com', 'password': 'd2TkLzdk', 'administrador': 'true'}</msg>
<var>${payload_aleatorio}</var>
<arg>nome=${nome_aleatorio}</arg>
<arg>email=${email_aleatorio}</arg>
<arg>password=${senha_aleatoria}</arg>
<arg>administrador=true</arg>
<doc>Creates and returns a dictionary based on the given ``items``.</doc>
<status status="PASS" start="2025-06-06T05:35:03.719113" elapsed="0.001868"/>
</kw>
<kw name="Log To Console" owner="BuiltIn">
<arg>Usuário criado: ${payload_aleatorio}</arg>
<doc>Logs the given message to the console.</doc>
<status status="PASS" start="2025-06-06T05:35:03.721726" elapsed="0.000872"/>
</kw>
<kw name="Set Global Variable" owner="BuiltIn">
<msg time="2025-06-06T05:35:03.724673" level="INFO">${DYNAMIC_EMAIL} = ecooper@example.com</msg>
<arg>${DYNAMIC_EMAIL}</arg>
<arg>${email_aleatorio}</arg>
<doc>Makes a variable available globally in all tests and suites.</doc>
<status status="PASS" start="2025-06-06T05:35:03.723370" elapsed="0.001479"/>
</kw>
<kw name="Set Global Variable" owner="BuiltIn">
<msg time="2025-06-06T05:35:03.726733" level="INFO">${DYNAMIC_PASSWORD} = d2TkLzdk</msg>
<arg>${DYNAMIC_PASSWORD}</arg>
<arg>${senha_aleatoria}</arg>
<doc>Makes a variable available globally in all tests and suites.</doc>
<status status="PASS" start="2025-06-06T05:35:03.725469" elapsed="0.001525"/>
</kw>
<return>
<value>${payload_aleatorio}</value>
<status status="PASS" start="2025-06-06T05:35:03.727169" elapsed="0.000115"/>
</return>
<msg time="2025-06-06T05:35:03.727805" level="INFO">${payload} = {'nome': 'Eric Hansen', 'email': 'ecooper@example.com', 'password': 'd2TkLzdk', 'administrador': 'true'}</msg>
<var>${payload}</var>
<status status="PASS" start="2025-06-06T05:35:03.710751" elapsed="0.017406"/>
</kw>
<kw name="POST On Session" owner="RequestsLibrary">
<msg time="2025-06-06T05:35:03.872051" level="INFO">POST Request : url=http://54.84.70.94:3000/usuarios 
 path_url=/usuarios 
 headers={'User-Agent': 'python-requests/2.32.3', 'Accept-Encoding': 'gzip, deflate', 'Accept': '*/*', 'Connection': 'keep-alive', 'Content-Length': '104', 'Content-Type': 'application/json'} 
 body=b'{"nome": "Eric Hansen", "email": "ecooper@example.com", "password": "d2TkLzdk", "administrador": "true"}' 
 </msg>
<msg time="2025-06-06T05:35:03.872322" level="INFO">POST Response : url=http://54.84.70.94:3000/usuarios 
 status=201, reason=Created 
 headers={'Access-Control-Allow-Origin': '*', 'x-dns-prefetch-control': 'off', 'x-frame-options': 'SAMEORIGIN', 'strict-transport-security': 'max-age=15552000; includeSubDomains', 'x-download-options': 'noopen', 'x-content-type-options': 'nosniff', 'x-xss-protection': '1; mode=block', 'Content-Type': 'application/json; charset=utf-8', 'Content-Length': '82', 'Date': 'Fri, 06 Jun 2025 08:35:03 GMT', 'Connection': 'keep-alive', 'Keep-Alive': 'timeout=5'} 
 body={
    "message": "Cadastro realizado com sucesso",
    "_id": "tYsTO2NlV0fQbgQj"
} 
 </msg>
<msg time="2025-06-06T05:35:03.872681" level="INFO">${response} = &lt;Response [201]&gt;</msg>
<var>${response}</var>
<arg>serverest</arg>
<arg>/usuarios</arg>
<arg>json=${payload}</arg>
<arg>expected_status=any</arg>
<doc>Sends a POST request on a previously created HTTP Session.</doc>
<status status="PASS" start="2025-06-06T05:35:03.728885" elapsed="0.143888"/>
</kw>
<kw name="Set Global Variable" owner="BuiltIn">
<msg time="2025-06-06T05:35:03.874010" level="INFO">${response} = &lt;Response [201]&gt;</msg>
<arg>${response}</arg>
<doc>Makes a variable available globally in all tests and suites.</doc>
<status status="PASS" start="2025-06-06T05:35:03.873315" elapsed="0.000847"/>
</kw>
<kw name="Log To Console" owner="BuiltIn">
<arg>Resposta da criação: ${response.content}</arg>
<doc>Logs the given message to the console.</doc>
<status status="PASS" start="2025-06-06T05:35:03.874536" elapsed="0.001534"/>
</kw>
<return>
<value>${response}</value>
<status status="PASS" start="2025-06-06T05:35:03.876285" elapsed="0.000149"/>
</return>
<status status="PASS" start="2025-06-06T05:35:03.709103" elapsed="0.167745"/>
</kw>
<kw name="Fazer login com usuario Dinamico e Armazenar Token" owner="login_keyword">
<kw name="Create Dictionary" owner="BuiltIn">
<msg time="2025-06-06T05:35:03.879120" level="INFO">&amp;{payload} = { email=ecooper@example.com | password=d2TkLzdk }</msg>
<var>&amp;{payload}</var>
<arg>email=${DYNAMIC_EMAIL}</arg>
<arg>password=${DYNAMIC_PASSWORD}</arg>
<doc>Creates and returns a dictionary based on the given ``items``.</doc>
<status status="PASS" start="2025-06-06T05:35:03.878191" elapsed="0.001021"/>
</kw>
<kw name="Log To Console" owner="BuiltIn">
<arg>Tentando login com: ${payload}</arg>
<doc>Logs the given message to the console.</doc>
<status status="PASS" start="2025-06-06T05:35:03.879608" elapsed="0.000519"/>
</kw>
<kw name="POST On Session" owner="RequestsLibrary">
<msg time="2025-06-06T05:35:04.020839" level="INFO">POST Request : url=http://54.84.70.94:3000/login 
 path_url=/login 
 headers={'User-Agent': 'python-requests/2.32.3', 'Accept-Encoding': 'gzip, deflate', 'Accept': '*/*', 'Connection': 'keep-alive', 'Content-Length': '56', 'Content-Type': 'application/json'} 
 body=b'{"email": "ecooper@example.com", "password": "d2TkLzdk"}' 
 </msg>
<msg time="2025-06-06T05:35:04.021095" level="INFO">POST Response : url=http://54.84.70.94:3000/login 
 status=200, reason=OK 
[...]
</kw>
<kw name="Log To Console" owner="BuiltIn">
<arg>ID do Produto Dinâmico Salvo: ${id_produto}</arg>
<doc>Logs the given message to the console.</doc>
<status status="PASS" start="2025-06-06T05:35:05.036236" elapsed="0.000220"/>
</kw>
<kw name="Set Global Variable" owner="BuiltIn">
<msg time="2025-06-06T05:35:05.036924" level="INFO">${id_produto} = uzbJRL6IXHnj7EAu</msg>
<arg>${id_produto}</arg>
<doc>Makes a variable available globally in all tests and suites.</doc>
<status status="PASS" start="2025-06-06T05:35:05.036642" elapsed="0.000346"/>
</kw>
<return>
<value>${id_produto}</value>
<status status="PASS" start="2025-06-06T05:35:05.037051" elapsed="0.000043"/>
</return>
<status status="PASS" start="2025-06-06T05:35:04.874927" elapsed="0.162308"/>
</kw>
<kw name="Criar Carrinho e Armazenar ID" owner="carrinho_keyword">
<kw name="POST /carrinhos" owner="carrinho_keyword">
<kw name="Create Dictionary" owner="BuiltIn">
<msg time="2025-06-06T05:35:05.038838" level="INFO">${headers} = {'Authorization': 'Bearer eyJhbGciOiJIUzI1NiIsInR5cCI6IkpXVCJ9.eyJlbWFpbCI6ImxhbmdrYXRpZUBleGFtcGxlLm5ldCIsInBhc3N3b3JkIjoiRThIdGcxaGYiLCJpYXQiOjE3NDkxOTg5MDQsImV4cCI6MTc0OTE5OTUwNH0.QGPNUFrHm63GLxDhg...</msg>
<var>${headers}</var>
<arg>Authorization=${token_auth}</arg>
<doc>Creates and returns a dictionary based on the given ``items``.</doc>
<status status="PASS" start="2025-06-06T05:35:05.038489" elapsed="0.000394"/>
</kw>
<kw name="Create Dictionary" owner="BuiltIn">
<msg time="2025-06-06T05:35:05.039420" level="INFO">${produto} = {'idProduto': 'uzbJRL6IXHnj7EAu', 'quantidade': '1'}</msg>
<var>${produto}</var>
<arg>idProduto=${id_produto}</arg>
<arg>quantidade=1</arg>
<doc>Creates and returns a dictionary based on the given ``items``.</doc>
<status status="PASS" start="2025-06-06T05:35:05.039102" elapsed="0.000357"/>
</kw>
<kw name="Create List" owner="BuiltIn">
<msg time="2025-06-06T05:35:05.039918" level="INFO">@{produtos} = [ ]</msg>
<var>@{produtos}</var>
<doc>Returns a list containing given items.</doc>
<status status="PASS" start="2025-06-06T05:35:05.039640" elapsed="0.000332"/>
</kw>
<kw name="Append To List" owner="Collections">
<arg>${produtos}</arg>
<arg>${produto}</arg>
<doc>Adds ``values`` to the end of ``list``.</doc>
<status status="PASS" start="2025-06-06T05:35:05.040159" elapsed="0.000236"/>
</kw>
<kw name="Create Dictionary" owner="BuiltIn">
<msg time="2025-06-06T05:35:05.040760" level="INFO">${payload} = {}</msg>
<var>${payload}</var>
<doc>Creates and returns a dictionary based on the given ``items``.</doc>
<status status="PASS" start="2025-06-06T05:35:05.040573" elapsed="0.000223"/>
</kw>
<kw name="Set To Dictionary" owner="Collections">
<arg>${payload}</arg>
<arg>produtos=${produtos}</arg>
<doc>Adds the given ``key_value_pairs`` and/or ``items`` to the ``dictionary``.</doc>
<status status="PASS" start="2025-06-06T05:35:05.041025" elapsed="0.000308"/>
</kw>
<kw name="POST On Session" owner="RequestsLibrary">
<msg time="2025-06-06T05:35:05.183374" level="INFO">POST Request : url=http://54.84.70.94:3000/carrinhos 
 path_url=/carrinhos 
 headers={'User-Agent': 'python-requests/2.32.3', 'Accept-Encoding': 'gzip, deflate', 'Accept': '*/*', 'Connection': 'keep-alive', 'Authorization': 'Bearer eyJhbGciOiJIUzI1NiIsInR5cCI6IkpXVCJ9.eyJlbWFpbCI6ImxhbmdrYXRpZUBleGFtcGxlLm5ldCIsInBhc3N3b3JkIjoiRThIdGcxaGYiLCJpYXQiOjE3NDkxOTg5MDQsImV4cCI6MTc0OTE5OTUwNH0.QGPNUFrHm63GLxDhg8D0gKPZpdo9zvTjr8guBR7hpcI', 'Content-Length': '68', 'Content-Type': 'application/json'} 
 body=b'{"produtos": [{"idProduto": "uzbJRL6IXHnj7EAu", "quantidade": "1"}]}' 
 </msg>
<msg time="2025-06-06T05:35:05.183611" level="INFO">POST Response : url=http://54.84.70.94:3000/carrinhos 
 status=201, reason=Created 
 headers={'Access-Control-Allow-Origin': '*', 'x-dns-prefetch-control': 'off', 'x-frame-options': 'SAMEORIGIN', 'strict-transport-security': 'max-age=15552000; includeSubDomains', 'x-download-options': 'noopen', 'x-content-type-options': 'nosniff', 'x-xss-protection': '1; mode=block', 'Content-Type': 'application/json; charset=utf-8', 'Content-Length': '82', 'Date': 'Fri, 06 Jun 2025 08:35:05 GMT', 'Connection': 'keep-alive', 'Keep-Alive': 'timeout=5'} 
 body={
    "message": "Cadastro realizado com sucesso",
    "_id": "v8UHz496B1bIKrZ8"
} 
 </msg>
<msg time="2025-06-06T05:35:05.184240" level="INFO">${response} = &lt;Response [201]&gt;</msg>
<var>${response}</var>
<arg>serverest</arg>
<arg>/carrinhos</arg>
<arg>json=${payload}</arg>
<arg>headers=${headers}</arg>
<doc>Sends a POST request on a previously created HTTP Session.</doc>
<status status="PASS" start="2025-06-06T05:35:05.041551" elapsed="0.142788"/>
</kw>
<kw name="Log To Console" owner="BuiltIn">
<arg>Response: ${response.content}</arg>
<doc>Logs the given message to the console.</doc>
<status status="PASS" start="2025-06-06T05:35:05.184832" elapsed="0.001541"/>
</kw>
<kw name="Set Global Variable" owner="BuiltIn">
<msg time="2025-06-06T05:35:05.187438" level="INFO">${response} = &lt;Response [201]&gt;</msg>
<arg>${response}</arg>
<doc>Makes a variable available globally in all tests and suites.</doc>
<status status="PASS" start="2025-06-06T05:35:05.186788" elapsed="0.000789"/>
</kw>
<return>
<value>${response}</value>
<status status="PASS" start="2025-06-06T05:35:05.187718" elapsed="0.000100"/>
</return>
<status status="PASS" start="2025-06-06T05:35:05.038080" elapsed="0.150062"/>
</kw>
<kw name="Validar Status Code &quot;201&quot;" owner="common" source_name="Validar Status Code &quot;${statuscode}&quot;">
<kw name="Should Be True" owner="BuiltIn">
<arg>${response.status_code} == ${statuscode}</arg>
<doc>Fails if the given condition is not true.</doc>
<status status="PASS" start="2025-06-06T05:35:05.189403" elapsed="0.002469"/>
</kw>
<status status="PASS" start="2025-06-06T05:35:05.188602" elapsed="0.003602"/>
</kw>
<kw name="Set Variable" owner="BuiltIn">
<msg time="2025-06-06T05:35:05.194193" level="INFO">${id_carrinho} = v8UHz496B1bIKrZ8</msg>
<var>${id_carrinho}</var>
<arg>${response.json()["_id"]}</arg>
<doc>Returns the given values which can then be assigned to a variables.</doc>
<status status="PASS" start="2025-06-06T05:35:05.192679" elapsed="0.001605"/>
</kw>
<kw name="Log To Console" owner="BuiltIn">
<arg>ID do Carrinho Salvo: ${id_carrinho}</arg>
<doc>Logs the given message to the console.</doc>
<status status="PASS" start="2025-06-06T05:35:05.194690" elapsed="0.000534"/>
</kw>
<kw name="Set Global Variable" owner="BuiltIn">
<msg time="2025-06-06T05:35:05.196556" level="INFO">${id_carrinho} = v8UHz496B1bIKrZ8</msg>
<arg>${id_carrinho}</arg>
<doc>Makes a variable available globally in all tests and suites.</doc>
<status status="PASS" start="2025-06-06T05:35:05.195797" elapsed="0.000914"/>
</kw>
<kw name="Set Global Variable" owner="BuiltIn">
<msg time="2025-06-06T05:35:05.197757" level="INFO">${CARRINHO_ID} = v8UHz496B1bIKrZ8</msg>
<arg>${CARRINHO_ID}</arg>
<arg>${id_carrinho}</arg>
<doc>Makes a variable available globally in all tests and suites.</doc>
<status status="PASS" start="2025-06-06T05:35:05.197149" elapsed="0.000765"/>
</kw>
<return>
<value>${id_carrinho}</value>
<status status="PASS" start="2025-06-06T05:35:05.198131" elapsed="0.000103"/>
</return>
<status status="PASS" start="2025-06-06T05:35:05.037529" elapsed="0.161016"/>
</kw>
<kw name="Cancelar Compra e Validar">
<kw name="DELETE /carrinhos sem produtos" owner="carrinho_keyword">
<kw name="Create Dictionary" owner="BuiltIn">
<msg time="2025-06-06T05:35:05.202642" level="INFO">&amp;{header} = { Authorization=Bearer eyJhbGciOiJIUzI1NiIsInR5cCI6IkpXVCJ9.eyJlbWFpbCI6ImxhbmdrYXRpZUBleGFtcGxlLm5ldCIsInBhc3N3b3JkIjoiRThIdGcxaGYiLCJpYXQiOjE3NDkxOTg5MDQsImV4cCI6MTc0OTE5OTUwNH0.QGPNUFrHm63GLxDhg8D0...</msg>
<var>&amp;{header}</var>
<arg>Authorization=${token_auth}</arg>
<doc>Creates and returns a dictionary based on the given ``items``.</doc>
<status status="PASS" start="2025-06-06T05:35:05.201860" elapsed="0.000877"/>
</kw>
<kw name="DELETE On Session" owner="RequestsLibrary">
<msg time="2025-06-06T05:35:05.340426" level="INFO">DELETE Request : url=http://54.84.70.94:3000/carrinhos/cancelar-compra 
 path_url=/carrinhos/cancelar-compra 
 headers={'User-Agent': 'python-requests/2.32.3', 'Accept-Encoding': 'gzip, deflate', 'Accept': '*/*', 'Connection': 'keep-alive', 'Authorization': 'Bearer eyJhbGciOiJIUzI1NiIsInR5cCI6IkpXVCJ9.eyJlbWFpbCI6ImxhbmdrYXRpZUBleGFtcGxlLm5ldCIsInBhc3N3b3JkIjoiRThIdGcxaGYiLCJpYXQiOjE3NDkxOTg5MDQsImV4cCI6MTc0OTE5OTUwNH0.QGPNUFrHm63GLxDhg8D0gKPZpdo9zvTjr8guBR7hpcI', 'Content-Length': '0'} 
 body=None 
 </msg>
<msg time="2025-06-06T05:35:05.340663" level="INFO">DELETE Response : url=http://54.84.70.94:3000/carrinhos/cancelar-compra 
 status=200, reason=OK 
 headers={'Access-Control-Allow-Origin': '*', 'x-dns-prefetch-control': 'off', 'x-frame-options': 'SAMEORIGIN', 'strict-transport-security': 'max-age=15552000; includeSubDomains', 'x-download-options': 'noopen', 'x-content-type-options': 'nosniff', 'x-xss-protection': '1; mode=block', 'Content-Type': 'application/json; charset=utf-8', 'Content-Length': '86', 'Date': 'Fri, 06 Jun 2025 08:35:05 GMT', 'Connection': 'keep-alive', 'Keep-Alive': 'timeout=5'} 
 body={
    "message": "Registro excluído com sucesso. Estoque dos produtos reabastecido"
} 
 </msg>
<msg time="2025-06-06T05:35:05.341034" level="INFO">${response} = &lt;Response [200]&gt;</msg>
<var>${response}</var>
<arg>serverest</arg>
<arg>/carrinhos/cancelar-compra</arg>
<arg>headers=${header}</arg>
<doc>Sends a DELETE request on a previously created HTTP Session.</doc>
<status status="PASS" start="2025-06-06T05:35:05.203154" elapsed="0.137972"/>
</kw>
<kw name="Log To Console" owner="BuiltIn">
<arg>Response: ${response.content}</arg>
<doc>Logs the given message to the console.</doc>
<status status="PASS" start="2025-06-06T05:35:05.341625" elapsed="0.001987"/>
</kw>
<kw name="Set Global Variable" owner="BuiltIn">
<msg time="2025-06-06T05:35:05.344823" level="INFO">${response} = &lt;Response [200]&gt;</msg>
<arg>${response}</arg>
<doc>Makes a variable available globally in all tests and suites.</doc>
<status status="PASS" start="2025-06-06T05:35:05.344145" elapsed="0.000844"/>
</kw>
<return>
<value>${response}</value>
<status status="PASS" start="2025-06-06T05:35:05.345127" elapsed="0.000101"/>
</return>
<status status="PASS" start="2025-06-06T05:35:05.201068" elapsed="0.144463"/>
</kw>
<kw name="Validar Status Code &quot;200&quot;" owner="common" source_name="Validar Status Code &quot;${statuscode}&quot;">
<kw name="Should Be True" owner="BuiltIn">
<arg>${response.status_code} == ${statuscode}</arg>
<doc>Fails if the given condition is not true.</doc>
<status status="PASS" start="2025-06-06T05:35:05.346798" elapsed="0.002627"/>
</kw>
<status status="PASS" start="2025-06-06T05:35:05.346018" elapsed="0.003606"/>
</kw>
<kw name="Validar Se Mensagem Contem &quot;Registro excluído com sucesso&quot;" owner="common" source_name="Validar Se Mensagem Contem &quot;${palavra}&quot;">
<kw name="Should Contain" owner="BuiltIn">
<arg>${response.json()["message"]}</arg>
<arg>${palavra}</arg>
<doc>Fails if ``container`` does not contain ``item`` one or more times.</doc>
<status status="PASS" start="2025-06-06T05:35:05.351106" elapsed="0.001471"/>
</kw>
<status status="PASS" start="2025-06-06T05:35:05.350188" elapsed="0.002608"/>
</kw>
<status status="PASS" start="2025-06-06T05:35:05.200070" elapsed="0.152902"/>
</kw>
<status status="PASS" start="2025-06-06T05:35:04.547866" elapsed="0.805534"/>
</test>
<kw name="Teardown Test Suite" type="TEARDOWN">
<kw name="Delete All Sessions" owner="RequestsLibrary">
<msg time="2025-06-06T05:35:05.355845" level="INFO">Deleting All Sessions</msg>
<doc>Removes all the session objects</doc>
<status status="PASS" start="2025-06-06T05:35:05.355618" elapsed="0.000479"/>
</kw>
<kw name="Log" owner="BuiltIn">
<msg time="2025-06-06T05:35:05.356756" level="INFO">Finalizando suite de testes de carrinhos</msg>
<arg>Finalizando suite de testes de carrinhos</arg>
<doc>Logs the given message with the given level.</doc>
<status status="PASS" start="2025-06-06T05:35:05.356479" elapsed="0.000435"/>
</kw>
<status status="PASS" start="2025-06-06T05:35:05.355019" elapsed="0.002078"/>
</kw>
<doc>Arquivo de testes para endpoint de carrinhos</doc>
<status status="PASS" start="2025-06-06T05:35:01.400261" elapsed="3.956930"/>
</suite>
<statistics>
<total>
<stat pass="6" fail="0" skip="0">All Tests</stat>
</total>
<tag>
</tag>
<suite>
<stat name="Carrinhos Tests" id="s1" pass="6" fail="0" skip="0">Carrinhos Tests</stat>
</suite>
</statistics>
<errors>
<msg time="2025-06-06T05:35:01.433176" level="WARN">Error in file '/home/cortes/Documents/Compass Estágio/ServeRest_Robot_Docker/Keywords/carrinho_keyword.robot' on line 26: The '[Return]' setting is deprecated. Use the 'RETURN' statement instead.</msg>
<msg time="2025-06-06T05:35:01.433431" level="WARN">Error in file '/home/cortes/Documents/Compass Estágio/ServeRest_Robot_Docker/Keywords/carrinho_keyword.robot' on line 35: The '[Return]' setting is deprecated. Use the 'RETURN' statement instead.</msg>
<msg time="2025-06-06T05:35:01.433641" level="WARN">Error in file '/home/cortes/Documents/Compass Estágio/ServeRest_Robot_Docker/Keywords/carrinho_keyword.robot' on line 43: The '[Return]' setting is deprecated. Use the 'RETURN' statement instead.</msg>
<msg time="2025-06-06T05:35:01.433926" level="WARN">Error in file '/home/cortes/Documents/Compass Estágio/ServeRest_Robot_Docker/Keywords/carrinho_keyword.robot' on line 58: The '[Return]' setting is deprecated. Use the 'RETURN' statement instead.</msg>
<msg time="2025-06-06T05:35:01.434240" level="WARN">Error in file '/home/cortes/Documents/Compass Estágio/ServeRest_Robot_Docker/Keywords/carrinho_keyword.robot' on line 67: The '[Return]' setting is deprecated. Use the 'RETURN' statement instead.</msg>
<msg time="2025-06-06T05:35:01.435902" level="WARN">Error in file '/home/cortes/Documents/Compass Estágio/ServeRest_Robot_Docker/support/base.robot' on line 19: The '[Return]' setting is deprecated. Use the 'RETURN' statement instead.</msg>
<msg time="2025-06-06T05:35:01.535612" level="WARN">Error in file '/home/cortes/Documents/Compass Estágio/ServeRest_Robot_Docker/support/common/common.robot' on line 18: The '[Return]' setting is deprecated. Use the 'RETURN' statement instead.</msg>
<msg time="2025-06-06T05:35:01.540100" level="WARN">Error in file '/home/cortes/Documents/Compass Estágio/ServeRest_Robot_Docker/support/fixtures/dynamics.robot' on line 19: The '[Return]' setting is deprecated. Use the 'RETURN' statement instead.</msg>
<msg time="2025-06-06T05:35:01.540349" level="WARN">Error in file '/home/cortes/Documents/Compass Estágio/ServeRest_Robot_Docker/support/fixtures/dynamics.robot' on line 41: The '[Return]' setting is deprecated. Use the 'RETURN' statement instead.</msg>
<msg time="2025-06-06T05:35:01.540518" level="WARN">Error in file '/home/cortes/Documents/Compass Estágio/ServeRest_Robot_Docker/support/fixtures/dynamics.robot' on line 50: The '[Return]' setting is deprecated. Use the 'RETURN' statement instead.</msg>
<msg time="2025-06-06T05:35:01.764069" level="WARN">Error in file '/home/cortes/Documents/Compass Estágio/ServeRest_Robot_Docker/Keywords/login_keyword.robot' on line 15: The '[Return]' setting is deprecated. Use the 'RETURN' statement instead.</msg>
<msg time="2025-06-06T05:35:01.764277" level="WARN">Error in file '/home/cortes/Documents/Compass Estágio/ServeRest_Robot_Docker/Keywords/login_keyword.robot' on line 26: The '[Return]' setting is deprecated. Use the 'RETURN' statement instead.</msg>
<msg time="2025-06-06T05:35:01.764626" level="WARN">Error in file '/home/cortes/Documents/Compass Estágio/ServeRest_Robot_Docker/Keywords/login_keyword.robot' on line 42: The '[Return]' setting is deprecated. Use the 'RETURN' statement instead.</msg>
<msg time="2025-06-06T05:35:01.786753" level="WARN">Error in file '/home/cortes/Documents/Compass Estágio/ServeRest_Robot_Docker/Keywords/produtos_keyword.robot' on line 18: The '[Return]' setting is deprecated. Use the 'RETURN' statement instead.</msg>
<msg time="2025-06-06T05:35:01.787058" level="WARN">Error in file '/home/cortes/Documents/Compass Estágio/ServeRest_Robot_Docker/Keywords/produtos_keyword.robot' on line 27: The '[Return]' setting is deprecated. Use the 'RETURN' statement instead.</msg>
<msg time="2025-06-06T05:35:01.787345" level="WARN">Error in file '/home/cortes/Documents/Compass Estágio/ServeRest_Robot_Docker/Keywords/produtos_keyword.robot' on line 39: The '[Return]' setting is deprecated. Use the 'RETURN' statement instead.</msg>
<msg time="2025-06-06T05:35:01.787555" level="WARN">Error in file '/home/cortes/Documents/Compass Estágio/ServeRest_Robot_Docker/Keywords/produtos_keyword.robot' on line 47: The '[Return]' setting is deprecated. Use the 'RETURN' statement instead.</msg>
<msg time="2025-06-06T05:35:01.787820" level="WARN">Error in file '/home/cortes/Documents/Compass Estágio/ServeRest_Robot_Docker/Keywords/produtos_keyword.robot' on line 61: The '[Return]' setting is deprecated. Use the 'RETURN' statement instead.</msg>
<msg time="2025-06-06T05:35:01.788034" level="WARN">Error in file '/home/cortes/Documents/Compass Estágio/ServeRest_Robot_Docker/Keywords/produtos_keyword.robot' on line 67: The '[Return]' setting is deprecated. Use the 'RETURN' statement instead.</msg>
<msg time="2025-06-06T05:35:01.788258" level="WARN">Error in file '/home/cortes/Documents/Compass Estágio/ServeRest_Robot_Docker/Keywords/produtos_keyword.robot' on line 74: The '[Return]' setting is deprecated. Use the 'RETURN' statement instead.</msg>
<msg time="2025-06-06T05:35:01.788423" level="WARN">Error in file '/home/cortes/Documents/Compass Estágio/ServeRest_Robot_Docker/Keywords/produtos_keyword.robot' on line 85: The '[Return]' setting is deprecated. Use the 'RETURN' statement instead.</msg>
<msg time="2025-06-06T05:35:01.793765" level="WARN">Error in file '/home/cortes/Documents/Compass Estágio/ServeRest_Robot_Docker/Keywords/usuarios_keyword.robot' on line 16: The '[Return]' setting is deprecated. Use the 'RETURN' statement instead.</msg>
<msg time="2025-06-06T05:35:01.794011" level="WARN">Error in file '/home/cortes/Documents/Compass Estágio/ServeRest_Robot_Docker/Keywords/usuarios_keyword.robot' on line 23: The '[Return]' setting is deprecated. Use the 'RETURN' statement instead.</msg>
<msg time="2025-06-06T05:35:01.794192" level="WARN">Error in file '/home/cortes/Documents/Compass Estágio/ServeRest_Robot_Docker/Keywords/usuarios_keyword.robot' on line 28: The '[Return]' setting is deprecated. Use the 'RETURN' statement instead.</msg>
<msg time="2025-06-06T05:35:01.794429" level="WARN">Error in file '/home/cortes/Documents/Compass Estágio/ServeRest_Robot_Docker/Keywords/usuarios_keyword.robot' on line 34: The '[Return]' setting is deprecated. Use the 'RETURN' statement instead.</msg>
<msg time="2025-06-06T05:35:01.794634" level="WARN">Error in file '/home/cortes/Documents/Compass Estágio/ServeRest_Robot_Docker/Keywords/usuarios_keyword.robot' on line 40: The '[Return]' setting is deprecated. Use the 'RETURN' statement instead.</msg>
<msg time="2025-06-06T05:35:01.794967" level="WARN">Error in file '/home/cortes/Documents/Compass Estágio/ServeRest_Robot_Docker/Keywords/usuarios_keyword.robot' on line 51: The '[Return]' setting is deprecated. Use the 'RETURN' statement instead.</msg>
<msg time="2025-06-06T05:35:01.795264" level="WARN">Error in file '/home/cortes/Documents/Compass Estágio/ServeRest_Robot_Docker/Keywords/usuarios_keyword.robot' on line 62: The '[Return]' setting is deprecated. Use the 'RETURN' statement instead.</msg>
<msg time="2025-06-06T05:35:01.795562" level="WARN">Error in file '/home/cortes/Documents/Compass Estágio/ServeRest_Robot_Docker/Keywords/usuarios_keyword.robot' on line 73: The '[Return]' setting is deprecated. Use the 'RETURN' statement instead.</msg>
</errors>
</robot>
