<?xml version="1.0" encoding="UTF-8"?>
<robot generator="Robot 7.3 (Python 3.12.7 on linux)" generated="2025-06-06T05:09:32.094199" rpa="false" schemaversion="5">
<suite id="s1" name="Carrinhos Tests" source="/home/cortes/Documents/Compass Estágio/ServeRest_Robot_Docker/tests/carrinhos_tests.robot">
<kw name="Setup Test Suite" type="SETUP">
<kw name="Create Session" owner="RequestsLibrary">
<msg time="2025-06-06T05:09:32.493029" level="INFO">Creating Session using : alias=serverest, url=https://compassuol.serverest.dev/, headers={},                     cookies={}, auth=None, timeout=None, proxies=None, verify=False,                     debug=0 </msg>
<arg>serverest</arg>
<arg>${BASE_URL}</arg>
<arg>verify=${FALSE}</arg>
<doc>Create Session: create a HTTP session to a server</doc>
<status status="PASS" start="2025-06-06T05:09:32.492573" elapsed="0.000753"/>
</kw>
<kw name="Set Global Variable" owner="BuiltIn">
<msg time="2025-06-06T05:09:32.494038" level="INFO">${BASE_URL} = https://compassuol.serverest.dev/</msg>
<arg>${BASE_URL}</arg>
<doc>Makes a variable available globally in all tests and suites.</doc>
<status status="PASS" start="2025-06-06T05:09:32.493612" elapsed="0.000522"/>
</kw>
<status status="PASS" start="2025-06-06T05:09:32.491055" elapsed="0.003192"/>
</kw>
<test id="s1-t1" name="Criar carrinho com produto dinâmico" line="16">
<kw name="Configurar Usuario e Login" owner="login_keyword">
<kw name="Criar Usuario Dinamico" owner="usuarios_keyword">
<kw name="Criar Dados Usuario Aleatorio Válido" owner="dynamics">
<kw name="Name" owner="FakerLibrary">
<msg time="2025-06-06T05:09:32.497341" level="INFO">${nome_aleatorio} = Dennis Taylor</msg>
<var>${nome_aleatorio}</var>
<doc>:example: 'John Doe'</doc>
<status status="PASS" start="2025-06-06T05:09:32.496816" elapsed="0.000571"/>
</kw>
<kw name="Email" owner="FakerLibrary">
<msg time="2025-06-06T05:09:32.497878" level="INFO">${email_aleatorio} = bwright@example.org</msg>
<var>${email_aleatorio}</var>
<status status="PASS" start="2025-06-06T05:09:32.497543" elapsed="0.000382"/>
</kw>
<kw name="Password" owner="FakerLibrary">
<msg time="2025-06-06T05:09:32.498437" level="INFO">${senha_aleatoria} = wuyg2oRu</msg>
<var>${senha_aleatoria}</var>
<arg>length=8</arg>
<arg>special_chars=False</arg>
<doc>Generate a random password of the specified ``length``.</doc>
<status status="PASS" start="2025-06-06T05:09:32.498068" elapsed="0.000406"/>
</kw>
<kw name="Create Dictionary" owner="BuiltIn">
<msg time="2025-06-06T05:09:32.499271" level="INFO">${payload_aleatorio} = {'nome': 'Dennis Taylor', 'email': 'bwright@example.org', 'password': 'wuyg2oRu', 'administrador': 'true'}</msg>
<var>${payload_aleatorio}</var>
<arg>nome=${nome_aleatorio}</arg>
<arg>email=${email_aleatorio}</arg>
<arg>password=${senha_aleatoria}</arg>
<arg>administrador=true</arg>
<doc>Creates and returns a dictionary based on the given ``items``.</doc>
<status status="PASS" start="2025-06-06T05:09:32.498670" elapsed="0.000638"/>
</kw>
<kw name="Log To Console" owner="BuiltIn">
<arg>Usuário criado: ${payload_aleatorio}</arg>
<doc>Logs the given message to the console.</doc>
<status status="PASS" start="2025-06-06T05:09:32.499485" elapsed="0.000251"/>
</kw>
<kw name="Set Global Variable" owner="BuiltIn">
<msg time="2025-06-06T05:09:32.500245" level="INFO">${DYNAMIC_EMAIL} = bwright@example.org</msg>
<arg>${DYNAMIC_EMAIL}</arg>
<arg>${email_aleatorio}</arg>
<doc>Makes a variable available globally in all tests and suites.</doc>
<status status="PASS" start="2025-06-06T05:09:32.499926" elapsed="0.000379"/>
</kw>
<kw name="Set Global Variable" owner="BuiltIn">
<msg time="2025-06-06T05:09:32.500772" level="INFO">${DYNAMIC_PASSWORD} = wuyg2oRu</msg>
<arg>${DYNAMIC_PASSWORD}</arg>
<arg>${senha_aleatoria}</arg>
<doc>Makes a variable available globally in all tests and suites.</doc>
<status status="PASS" start="2025-06-06T05:09:32.500472" elapsed="0.000357"/>
</kw>
<return>
<value>${payload_aleatorio}</value>
<status status="PASS" start="2025-06-06T05:09:32.500907" elapsed="0.000066"/>
</return>
<msg time="2025-06-06T05:09:32.501174" level="INFO">${payload} = {'nome': 'Dennis Taylor', 'email': 'bwright@example.org', 'password': 'wuyg2oRu', 'administrador': 'true'}</msg>
<var>${payload}</var>
<status status="PASS" start="2025-06-06T05:09:32.496452" elapsed="0.004758"/>
</kw>
<kw name="POST On Session" owner="RequestsLibrary">
<msg time="2025-06-06T05:09:32.848671" level="INFO">POST Request : url=https://compassuol.serverest.dev/usuarios 
 path_url=/usuarios 
 headers={'User-Agent': 'python-requests/2.32.3', 'Accept-Encoding': 'gzip, deflate', 'Accept': '*/*', 'Connection': 'keep-alive', 'Content-Length': '106', 'Content-Type': 'application/json'} 
 body=b'{"nome": "Dennis Taylor", "email": "bwright@example.org", "password": "wuyg2oRu", "administrador": "true"}' 
 </msg>
<msg time="2025-06-06T05:09:32.848829" level="INFO">POST Response : url=https://compassuol.serverest.dev/usuarios 
 status=201, reason=Created 
 headers={'access-control-allow-origin': '*', 'x-dns-prefetch-control': 'off', 'x-frame-options': 'SAMEORIGIN', 'strict-transport-security': 'max-age=15552000; includeSubDomains', 'x-download-options': 'noopen', 'x-content-type-options': 'nosniff', 'x-xss-protection': '1; mode=block', 'content-type': 'application/json; charset=utf-8', 'x-cloud-trace-context': '5d2cdc6b147496c2cf89385fd571093e;o=1', 'date': 'Fri, 06 Jun 2025 08:09:32 GMT', 'server': 'Google Frontend', 'Content-Length': '82'} 
 body={
    "message": "Cadastro realizado com sucesso",
    "_id": "FgtX3G13p3W6ykYz"
} 
 </msg>
<msg time="2025-06-06T05:09:32.848951" level="INFO">/home/cortes/Documents/Compass Estágio/ServeRest_Robot_Docker/venv/lib/python3.12/site-packages/urllib3/connectionpool.py:1097: InsecureRequestWarning: Unverified HTTPS request is being made to host 'compassuol.serverest.dev'. Adding certificate verification is strongly advised. See: https://urllib3.readthedocs.io/en/latest/advanced-usage.html#tls-warnings
  warnings.warn(</msg>
<msg time="2025-06-06T05:09:32.849137" level="INFO">${response} = &lt;Response [201]&gt;</msg>
<var>${response}</var>
<arg>serverest</arg>
<arg>/usuarios</arg>
<arg>json=${payload}</arg>
<arg>expected_status=any</arg>
<doc>Sends a POST request on a previously created HTTP Session.</doc>
<status status="PASS" start="2025-06-06T05:09:32.501379" elapsed="0.347800"/>
</kw>
<kw name="Set Global Variable" owner="BuiltIn">
<msg time="2025-06-06T05:09:32.849752" level="INFO">${response} = &lt;Response [201]&gt;</msg>
<arg>${response}</arg>
<doc>Makes a variable available globally in all tests and suites.</doc>
<status status="PASS" start="2025-06-06T05:09:32.849442" elapsed="0.000370"/>
</kw>
<kw name="Log To Console" owner="BuiltIn">
<arg>Resposta da criação: ${response.content}</arg>
<doc>Logs the given message to the console.</doc>
<status status="PASS" start="2025-06-06T05:09:32.849992" elapsed="0.000811"/>
</kw>
<return>
<value>${response}</value>
<status status="PASS" start="2025-06-06T05:09:32.850919" elapsed="0.000055"/>
</return>
<status status="PASS" start="2025-06-06T05:09:32.496027" elapsed="0.355128"/>
</kw>
<kw name="Fazer login com usuario Dinamico e Armazenar Token" owner="login_keyword">
<kw name="Create Dictionary" owner="BuiltIn">
<msg time="2025-06-06T05:09:32.852156" level="INFO">&amp;{payload} = { email=bwright@example.org | password=wuyg2oRu }</msg>
<var>&amp;{payload}</var>
<arg>email=${DYNAMIC_EMAIL}</arg>
<arg>password=${DYNAMIC_PASSWORD}</arg>
<doc>Creates and returns a dictionary based on the given ``items``.</doc>
<status status="PASS" start="2025-06-06T05:09:32.851730" elapsed="0.000465"/>
</kw>
<kw name="Log To Console" owner="BuiltIn">
<arg>Tentando login com: ${payload}</arg>
<doc>Logs the given message to the console.</doc>
<status status="PASS" start="2025-06-06T05:09:32.852365" elapsed="0.000204"/>
</kw>
<kw name="POST On Session" owner="RequestsLibrary">
<msg time="2025-06-06T05:09:33.021864" level="INFO">POST Request : url=https://compassuol.serverest.dev/login 
 path_url=/login 
 headers={'User-Agent': 'python-requests/2.32.3', 'Accept-Encoding': 'gzip, deflate', 'Accept': '*/*', 'Connection': 'keep-alive', 'Content-Length': '56', 'Content-Type': 'application/json'} 
 body=b'{"email": "bwright@example.org", "password": "wuyg2oRu"}' 
 </msg>
<msg time="2025-06-06T05:09:33.022116" level="INFO">POST Response : url=https://compassuol.serverest.dev/login 
 status=200, reason=OK 
 headers={'access-control-allow-origin': '*', 'x-dns-prefetch-control': 'off', 'x-frame-options': 'SAMEORIGIN', 'strict-transport-security': 'max-age=15552000; includeSubDomains', 'x-download-options': 'noopen', 'x-content-type-options': 'nosniff', 'x-xss-protection': '1; mode=block', 'content-type': 'application/json; charset=utf-8', 'x-cloud-trace-context': '6ac29770b2d57e31cf89385fd5710ca9', 'date': 'Fri, 06 Jun 2025 08:09:32 GMT', 'server': 'Google Frontend', 'Content-Length': '277'} 
 body={
    "message": "Login realizado com sucesso",
    "authorization": "Bearer eyJhbGciOiJIUzI1NiIsInR5cCI6IkpXVCJ9.eyJlbWFpbCI6ImJ3cmlnaHRAZXhhbXBsZS5vcmciLCJwYXNzd29yZCI6Ind1eWcyb1J1IiwiaWF0IjoxNzQ5MTk3MzcyLCJleHAiOjE3NDkxOTc5NzJ9.EalatScD3EKAakPpgTRXiHRhkCOkLG3-UPG-CIS53YY"
} 
 </msg>
<msg time="2025-06-06T05:09:33.022222" level="INFO">/home/cortes/Documents/Compass Estágio/ServeRest_Robot_Docker/venv/lib/python3.12/site-packages/urllib3/connectionpool.py:1097: InsecureRequestWarning: Unverified HTTPS request is being made to host 'compassuol.serverest.dev'. Adding certificate verification is strongly advised. See: https://urllib3.readthedocs.io/en/latest/advanced-usage.html#tls-warnings
  warnings.warn(</msg>
<msg time="2025-06-06T05:09:33.022469" level="INFO">${response} = &lt;Response [200]&gt;</msg>
<var>${response}</var>
<arg>serverest</arg>
<arg>/login</arg>
<arg>json=${payload}</arg>
<arg>expected_status=any</arg>
<doc>Sends a POST request on a previously created HTTP Session.</doc>
<status status="PASS" start="2025-06-06T05:09:32.852730" elapsed="0.169810"/>
</kw>
<kw name="Log To Console" owner="BuiltIn">
<arg>Response: ${response.content}</arg>
<doc>Logs the given message to the console.</doc>
<status status="PASS" start="2025-06-06T05:09:33.022836" elapsed="0.000796"/>
</kw>
<kw name="Set Global Variable" owner="BuiltIn">
<msg time="2025-06-06T05:09:33.024188" level="INFO">${response} = &lt;Response [200]&gt;</msg>
<arg>${response}</arg>
<doc>Makes a variable available globally in all tests and suites.</doc>
<status status="PASS" start="2025-06-06T05:09:33.023847" elapsed="0.000409"/>
</kw>
<kw name="Run Keyword If" owner="BuiltIn">
<kw name="Capturar token" owner="login_keyword">
<kw name="Set Variable" owner="BuiltIn">
<msg time="2025-06-06T05:09:33.026428" level="INFO">${token} = Bearer eyJhbGciOiJIUzI1NiIsInR5cCI6IkpXVCJ9.eyJlbWFpbCI6ImJ3cmlnaHRAZXhhbXBsZS5vcmciLCJwYXNzd29yZCI6Ind1eWcyb1J1IiwiaWF0IjoxNzQ5MTk3MzcyLCJleHAiOjE3NDkxOTc5NzJ9.EalatScD3EKAakPpgTRXiHRhkCOkLG3-UPG-CIS...</msg>
<var>${token}</var>
<arg>${resp.json()['authorization']}</arg>
<doc>Returns the given values which can then be assigned to a variables.</doc>
<status status="PASS" start="2025-06-06T05:09:33.025763" elapsed="0.000710"/>
</kw>
<kw name="Log To Console" owner="BuiltIn">
<arg>Token: ${token}</arg>
<doc>Logs the given message to the console.</doc>
<status status="PASS" start="2025-06-06T05:09:33.026662" elapsed="0.000251"/>
</kw>
<kw name="Set Global Variable" owner="BuiltIn">
<msg time="2025-06-06T05:09:33.027435" level="INFO">${token_auth} = Bearer eyJhbGciOiJIUzI1NiIsInR5cCI6IkpXVCJ9.eyJlbWFpbCI6ImJ3cmlnaHRAZXhhbXBsZS5vcmciLCJwYXNzd29yZCI6Ind1eWcyb1J1IiwiaWF0IjoxNzQ5MTk3MzcyLCJleHAiOjE3NDkxOTc5NzJ9.EalatScD3EKAakPpgTRXiHRhkCOkLG3-UPG-CIS...</msg>
<arg>${token_auth}</arg>
<arg>${token}</arg>
<doc>Makes a variable available globally in all tests and suites.</doc>
<status status="PASS" start="2025-06-06T05:09:33.027105" elapsed="0.000396"/>
</kw>
<kw name="Configurar Autenticação" owner="base">
<kw name="Create Dictionary" owner="BuiltIn">
<msg time="2025-06-06T05:09:33.028704" level="INFO">&amp;{header} = { authorization=Bearer eyJhbGciOiJIUzI1NiIsInR5cCI6IkpXVCJ9.eyJlbWFpbCI6ImJ3cmlnaHRAZXhhbXBsZS5vcmciLCJwYXNzd29yZCI6Ind1eWcyb1J1IiwiaWF0IjoxNzQ5MTk3MzcyLCJleHAiOjE3NDkxOTc5NzJ9.EalatScD3EKAakPpgTRXiHR...</msg>
<var>&amp;{header}</var>
<arg>authorization=${auth_token}</arg>
<doc>Creates and returns a dictionary based on the given ``items``.</doc>
<status status="PASS" start="2025-06-06T05:09:33.028269" elapsed="0.000482"/>
</kw>
<kw name="Set Global Variable" owner="BuiltIn">
<msg time="2025-06-06T05:09:33.030189" level="INFO">${HEADERS} = {'authorization': 'Bearer eyJhbGciOiJIUzI1NiIsInR5cCI6IkpXVCJ9.eyJlbWFpbCI6ImJ3cmlnaHRAZXhhbXBsZS5vcmciLCJwYXNzd29yZCI6Ind1eWcyb1J1IiwiaWF0IjoxNzQ5MTk3MzcyLCJleHAiOjE3NDkxOTc5NzJ9.EalatScD3EKAakPpgTRX...</msg>
<arg>${HEADERS}</arg>
<arg>${header}</arg>
<doc>Makes a variable available globally in all tests and suites.</doc>
<status status="PASS" start="2025-06-06T05:09:33.028968" elapsed="0.001307"/>
</kw>
<return>
<value>${header}</value>
<status status="PASS" start="2025-06-06T05:09:33.030356" elapsed="0.000056"/>
</return>
<arg>${token}</arg>
<status status="PASS" start="2025-06-06T05:09:33.027756" elapsed="0.002805"/>
</kw>
<return>
<value>${token}</value>
<status status="PASS" start="2025-06-06T05:09:33.030623" elapsed="0.000039"/>
</return>
<arg>${response}</arg>
<status status="PASS" start="2025-06-06T05:09:33.025331" elapsed="0.005463"/>
</kw>
<arg>${response.status_code} == 200</arg>
<arg>Capturar token</arg>
<arg>${response}</arg>
<doc>Runs the given keyword with the given arguments, if ``condition`` is true.</doc>
<status status="PASS" start="2025-06-06T05:09:33.024451" elapsed="0.006424"/>
</kw>
<return>
<value>${response}</value>
<status status="PASS" start="2025-06-06T05:09:33.030970" elapsed="0.000039"/>
</return>
<status status="PASS" start="2025-06-06T05:09:32.851408" elapsed="0.179790"/>
</kw>
<status status="PASS" start="2025-06-06T05:09:32.495195" elapsed="0.536125"/>
</kw>
<kw name="Criar Produto Dinamico" owner="produtos_keyword">
<kw name="POST /produtos_dinamicos" owner="dynamics">
<kw name="Create Dictionary" owner="BuiltIn">
<msg time="2025-06-06T05:09:33.033042" level="INFO">${headers} = {'Authorization': 'Bearer eyJhbGciOiJIUzI1NiIsInR5cCI6IkpXVCJ9.eyJlbWFpbCI6ImJ3cmlnaHRAZXhhbXBsZS5vcmciLCJwYXNzd29yZCI6Ind1eWcyb1J1IiwiaWF0IjoxNzQ5MTk3MzcyLCJleHAiOjE3NDkxOTc5NzJ9.EalatScD3EKAakPpgTRX...</msg>
<var>${headers}</var>
<arg>Authorization=${token_auth}</arg>
<doc>Creates and returns a dictionary based on the given ``items``.</doc>
<status status="PASS" start="2025-06-06T05:09:33.032664" elapsed="0.000422"/>
</kw>
<kw name="Criar Dados Produto Aleatorio" owner="dynamics">
<kw name="Word" owner="FakerLibrary">
<msg time="2025-06-06T05:09:33.033934" level="INFO">${nome_produto} = experience</msg>
<var>${nome_produto}</var>
<doc>Generate a word.</doc>
<status status="PASS" start="2025-06-06T05:09:33.033667" elapsed="0.000308"/>
</kw>
<kw name="Sentence" owner="FakerLibrary">
<msg time="2025-06-06T05:09:33.034463" level="INFO">${descricao} = Deal issue late control season institution church politics make four.</msg>
<var>${descricao}</var>
<arg>nb_words=10</arg>
<doc>Generate a sentence.</doc>
<status status="PASS" start="2025-06-06T05:09:33.034130" elapsed="0.000372"/>
</kw>
<kw name="Evaluate" owner="BuiltIn">
<msg time="2025-06-06T05:09:33.034964" level="INFO">${preco} = 944</msg>
<var>${preco}</var>
<arg>random.randint(10, 5000)</arg>
<doc>Evaluates the given expression in Python and returns the result.</doc>
<status status="PASS" start="2025-06-06T05:09:33.034688" elapsed="0.000313"/>
</kw>
<kw name="Evaluate" owner="BuiltIn">
<msg time="2025-06-06T05:09:33.035425" level="INFO">${quantidade} = 42</msg>
<var>${quantidade}</var>
<arg>random.randint(1, 100)</arg>
<doc>Evaluates the given expression in Python and returns the result.</doc>
<status status="PASS" start="2025-06-06T05:09:33.035172" elapsed="0.000291"/>
</kw>
<kw name="Create Dictionary" owner="BuiltIn">
<msg time="2025-06-06T05:09:33.036735" level="INFO">${payload} = {'nome': 'Produto experience', 'preco': 944, 'descricao': 'Deal issue late control season institution church politics make four.', 'quantidade': 42}</msg>
<var>${payload}</var>
<arg>nome=Produto ${nome_produto}</arg>
<arg>preco=${preco}</arg>
<arg>descricao=${descricao}</arg>
<arg>quantidade=${quantidade}</arg>
<doc>Creates and returns a dictionary based on the given ``items``.</doc>
<status status="PASS" start="2025-06-06T05:09:33.035651" elapsed="0.001161"/>
</kw>
<kw name="Log To Console" owner="BuiltIn">
<arg>Produto criado: ${payload}</arg>
<doc>Logs the given message to the console.</doc>
<status status="PASS" start="2025-06-06T05:09:33.037336" elapsed="0.000481"/>
</kw>
<return>
<value>${payload}</value>
<status status="PASS" start="2025-06-06T05:09:33.037940" elapsed="0.000062"/>
</return>
<msg time="2025-06-06T05:09:33.038231" level="INFO">${payload} = {'nome': 'Produto experience', 'preco': 944, 'descricao': 'Deal issue late control season institution church politics make four.', 'quantidade': 42}</msg>
<var>${payload}</var>
<status status="PASS" start="2025-06-06T05:09:33.033345" elapsed="0.004932"/>
</kw>
<kw name="POST On Session" owner="RequestsLibrary">
<msg time="2025-06-06T05:09:33.211194" level="INFO">POST Request : url=https://compassuol.serverest.dev/produtos 
 path_url=/produtos 
 headers={'User-Agent': 'python-requests/2.32.3', 'Accept-Encoding': 'gzip, deflate', 'Accept': '*/*', 'Connection': 'keep-alive', 'Authorization': 'Bearer eyJhbGciOiJIUzI1NiIsInR5cCI6IkpXVCJ9.eyJlbWFpbCI6ImJ3cmlnaHRAZXhhbXBsZS5vcmciLCJwYXNzd29yZCI6Ind1eWcyb1J1IiwiaWF0IjoxNzQ5MTk3MzcyLCJleHAiOjE3NDkxOTc5NzJ9.EalatScD3EKAakPpgTRXiHRhkCOkLG3-UPG-CIS53YY', 'Content-Length': '148', 'Content-Type': 'application/json'} 
 body=b'{"nome": "Produto experience", "preco": 944, "descricao": "Deal issue late control season institution church politics make four.", "quantidade": 42}' 
 </msg>
<msg time="2025-06-06T05:09:33.211369" level="INFO">POST Response : url=https://compassuol.serverest.dev/produtos 
 status=201, reason=Created 
 headers={'access-control-allow-origin': '*', 'x-dns-prefetch-control': 'off', 'x-frame-options': 'SAMEORIGIN', 'strict-transport-security': 'max-age=15552000; includeSubDomains', 'x-download-options': 'noopen', 'x-content-type-options': 'nosniff', 'x-xss-protection': '1; mode=block', 'content-type': 'application/json; charset=utf-8', 'x-cloud-trace-context': '9c2e333e672d8508cf89385fd5710db9', 'date': 'Fri, 06 Jun 2025 08:09:33 GMT', 'server': 'Google Frontend', 'Content-Length': '82'} 
 body={
    "message": "Cadastro realizado com sucesso",
    "_id": "6UzPLX8zuFONEqYh"
} 
 </msg>
<msg time="2025-06-06T05:09:33.211506" level="INFO">/home/cortes/Documents/Compass Estágio/ServeRest_Robot_Docker/venv/lib/python3.12/site-packages/urllib3/connectionpool.py:1097: InsecureRequestWarning: Unverified HTTPS request is being made to host 'compassuol.serverest.dev'. Adding certificate verification is strongly advised. See: https://urllib3.readthedocs.io/en/latest/advanced-usage.html#tls-warnings
  warnings.warn(</msg>
<msg time="2025-06-06T05:09:33.211748" level="INFO">${response} = &lt;Response [201]&gt;</msg>
<var>${response}</var>
<arg>serverest</arg>
<arg>/produtos</arg>
<arg>json=${payload}</arg>
<arg>headers=${headers}</arg>
<doc>Sends a POST request on a previously created HTTP Session.</doc>
<status status="PASS" start="2025-06-06T05:09:33.038507" elapsed="0.173294"/>
</kw>
<kw name="Log To Console" owner="BuiltIn">
<arg>Response: ${response.content}</arg>
<doc>Logs the given message to the console.</doc>
<status status="PASS" start="2025-06-06T05:09:33.212129" elapsed="0.000932"/>
</kw>
<kw name="Set Global Variable" owner="BuiltIn">
<msg time="2025-06-06T05:09:33.213665" level="INFO">${response} = &lt;Response [201]&gt;</msg>
<arg>${response}</arg>
<doc>Makes a variable available globally in all tests and suites.</doc>
<status status="PASS" start="2025-06-06T05:09:33.213302" elapsed="0.000445"/>
</kw>
<return>
<value>${response}</value>
<status status="PASS" start="2025-06-06T05:09:33.213829" elapsed="0.000072"/>
</return>
<status status="PASS" start="2025-06-06T05:09:33.032303" elapsed="0.181780"/>
</kw>
<kw name="Validar Status Code &quot;201&quot;" owner="common" source_name="Validar Status Code &quot;${statuscode}&quot;">
<kw name="Should Be True" owner="BuiltIn">
<arg>${response.status_code} == ${statuscode}</arg>
<doc>Fails if the given condition is not true.</doc>
<status status="PASS" start="2025-06-06T05:09:33.214833" elapsed="0.001415"/>
</kw>
<status status="PASS" start="2025-06-06T05:09:33.214363" elapsed="0.001997"/>
</kw>
<kw name="Set Variable" owner="BuiltIn">
<msg time="2025-06-06T05:09:33.217352" level="INFO">${id_produto} = 6UzPLX8zuFONEqYh</msg>
<var>${id_produto}</var>
<arg>${response.json()["_id"]}</arg>
<doc>Returns the given values which can then be assigned to a variables.</doc>
<status status="PASS" start="2025-06-06T05:09:33.216575" elapsed="0.000827"/>
</kw>
<kw name="Log To Console" owner="BuiltIn">
<arg>ID do Produto Dinâmico Salvo: ${id_produto}</arg>
<doc>Logs the given message to the console.</doc>
<status status="PASS" start="2025-06-06T05:09:33.217630" elapsed="0.000317"/>
</kw>
<kw name="Set Global Variable" owner="BuiltIn">
<msg time="2025-06-06T05:09:33.218679" level="INFO">${id_produto} = 6UzPLX8zuFONEqYh</msg>
<arg>${id_produto}</arg>
<doc>Makes a variable available globally in all tests and suites.</doc>
<status status="PASS" start="2025-06-06T05:09:33.218299" elapsed="0.000482"/>
</kw>
<return>
<value>${id_produto}</value>
<status status="PASS" start="2025-06-06T05:09:33.218862" elapsed="0.000069"/>
</return>
<status status="PASS" start="2025-06-06T05:09:33.031848" elapsed="0.187256"/>
</kw>
<kw name="Criar Carrinho e Armazenar ID" owner="carrinho_keyword">
<kw name="POST /carrinhos" owner="carrinho_keyword">
<kw name="Create Dictionary" owner="BuiltIn">
<msg time="2025-06-06T05:09:33.220811" level="INFO">${headers} = {'Authorization': 'Bearer eyJhbGciOiJIUzI1NiIsInR5cCI6IkpXVCJ9.eyJlbWFpbCI6ImJ3cmlnaHRAZXhhbXBsZS5vcmciLCJwYXNzd29yZCI6Ind1eWcyb1J1IiwiaWF0IjoxNzQ5MTk3MzcyLCJleHAiOjE3NDkxOTc5NzJ9.EalatScD3EKAakPpgTRX...</msg>
<var>${headers}</var>
<arg>Authorization=${token_auth}</arg>
<doc>Creates and returns a dictionary based on the given ``items``.</doc>
<status status="PASS" start="2025-06-06T05:09:33.220429" elapsed="0.000433"/>
</kw>
<kw name="Create Dictionary" owner="BuiltIn">
<msg time="2025-06-06T05:09:33.221484" level="INFO">${produto} = {'idProduto': '6UzPLX8zuFONEqYh', 'quantidade': '1'}</msg>
<var>${produto}</var>
<arg>idProduto=${id_produto}</arg>
<arg>quantidade=1</arg>
<doc>Creates and returns a dictionary based on the given ``items``.</doc>
<status status="PASS" start="2025-06-06T05:09:33.221106" elapsed="0.000426"/>
</kw>
<kw name="Create List" owner="BuiltIn">
<msg time="2025-06-06T05:09:33.222005" level="INFO">@{produtos} = [ ]</msg>
<var>@{produtos}</var>
<doc>Returns a list containing given items.</doc>
<status status="PASS" start="2025-06-06T05:09:33.221761" elapsed="0.000291"/>
</kw>
<kw name="Append To List" owner="Collections">
<arg>${produtos}</arg>
<arg>${produto}</arg>
<doc>Adds ``values`` to the end of ``list``.</doc>
<status status="PASS" start="2025-06-06T05:09:33.222258" elapsed="0.000260"/>
</kw>
<kw name="Create Dictionary" owner="BuiltIn">
<msg time="2025-06-06T05:09:33.222996" level="INFO">${payload} = {}</msg>
<var>${payload}</var>
<doc>Creates and returns a dictionary based on the given ``items``.</doc>
<status status="PASS" start="2025-06-06T05:09:33.222752" elapsed="0.000290"/>
</kw>
<kw name="Set To Dictionary" owner="Collections">
<arg>${payload}</arg>
<arg>produtos=${produtos}</arg>
<doc>Adds the given ``key_value_pairs`` and/or ``items`` to the ``dictionary``.</doc>
<status status="PASS" start="2025-06-06T05:09:33.223248" elapsed="0.000299"/>
</kw>
<kw name="POST On Session" owner="RequestsLibrary">
<msg time="2025-06-06T05:09:33.392097" level="INFO">POST Request : url=https://compassuol.serverest.dev/carrinhos 
 path_url=/carrinhos 
 headers={'User-Agent': 'python-requests/2.32.3', 'Accept-Encoding': 'gzip, deflate', 'Accept': '*/*', 'Connection': 'keep-alive', 'Authorization': 'Bearer eyJhbGciOiJIUzI1NiIsInR5cCI6IkpXVCJ9.eyJlbWFpbCI6ImJ3cmlnaHRAZXhhbXBsZS5vcmciLCJwYXNzd29yZCI6Ind1eWcyb1J1IiwiaWF0IjoxNzQ5MTk3MzcyLCJleHAiOjE3NDkxOTc5NzJ9.EalatScD3EKAakPpgTRXiHRhkCOkLG3-UPG-CIS53YY', 'Content-Length': '68', 'Content-Type': 'application/json'} 
 body=b'{"produtos": [{"idProduto": "6UzPLX8zuFONEqYh", "quantidade": "1"}]}' 
 </msg>
<msg time="2025-06-06T05:09:33.392429" level="INFO">POST Response : url=https://compassuol.serverest.dev/carrinhos 
 status=201, reason=Created 
 headers={'access-control-allow-origin': '*', 'x-dns-prefetch-control': 'off', 'x-frame-options': 'SAMEORIGIN', 'strict-transport-security': 'max-age=15552000; includeSubDomains', 'x-download-options': 'noopen', 'x-content-type-options': 'nosniff', 'x-xss-protection': '1; mode=block', 'content-type': 'application/json; charset=utf-8', 'x-cloud-trace-context': '3d7d622ea109d4c3cf89385fd57104e0', 'date': 'Fri, 06 Jun 2025 08:09:33 GMT', 'server': 'Google Frontend', 'Content-Length': '82'} 
 body={
    "message": "Cadastro realizado com sucesso",
    "_id": "CegUBmkGvOK81yvT"
} 
 </msg>
<msg time="2025-06-06T05:09:33.392586" level="INFO">/home/cortes/Documents/Compass Estágio/ServeRest_Robot_Docker/venv/lib/python3.12/site-packages/urllib3/connectionpool.py:1097: InsecureRequestWarning: Unverified HTTPS request is being made to host 'compassuol.serverest.dev'. Adding certificate verification is strongly advised. See: https://urllib3.readthedocs.io/en/latest/advanced-usage.html#tls-warnings
  warnings.warn(</msg>
<msg time="2025-06-06T05:09:33.392843" level="INFO">${response} = &lt;Response [201]&gt;</msg>
<var>${response}</var>
<arg>serverest</arg>
<arg>/carrinhos</arg>
<arg>json=${payload}</arg>
<arg>headers=${headers}</arg>
<doc>Sends a POST request on a previously created HTTP Session.</doc>
<status status="PASS" start="2025-06-06T05:09:33.223777" elapsed="0.169147"/>
</kw>
<kw name="Log To Console" owner="BuiltIn">
<arg>Response: ${response.content}</arg>
<doc>Logs the given message to the console.</doc>
<status status="PASS" start="2025-06-06T05:09:33.393282" elapsed="0.001046"/>
</kw>
<kw name="Set Global Variable" owner="BuiltIn">
<msg time="2025-06-06T05:09:33.395043" level="INFO">${response} = &lt;Response [201]&gt;</msg>
<arg>${response}</arg>
<doc>Makes a variable available globally in all tests and suites.</doc>
<status status="PASS" start="2025-06-06T05:09:33.394606" elapsed="0.000530"/>
</kw>
<return>
<value>${response}</value>
<status status="PASS" start="2025-06-06T05:09:33.395229" elapsed="0.000069"/>
</return>
<status status="PASS" start="2025-06-06T05:09:33.220015" elapsed="0.175492"/>
</kw>
<kw name="Validar Status Code &quot;201&quot;" owner="common" source_name="Validar Status Code &quot;${statuscode}&quot;">
<kw name="Should Be True" owner="BuiltIn">
<arg>${response.status_code} == ${statuscode}</arg>
<doc>Fails if the given condition is not true.</doc>
<status status="PASS" start="2025-06-06T05:09:33.396365" elapsed="0.001643"/>
</kw>
<status status="PASS" start="2025-06-06T05:09:33.395819" elapsed="0.002320"/>
</kw>
<kw name="Set Variable" owner="BuiltIn">
<msg time="2025-06-06T05:09:33.399300" level="INFO">${id_carrinho} = CegUBmkGvOK81yvT</msg>
<var>${id_carrinho}</var>
<arg>${response.json()["_id"]}</arg>
<doc>Returns the given values which can then be assigned to a variables.</doc>
<status status="PASS" start="2025-06-06T05:09:33.398386" elapsed="0.000975"/>
</kw>
<kw name="Log To Console" owner="BuiltIn">
<arg>ID do Carrinho Salvo: ${id_carrinho}</arg>
<doc>Logs the given message to the console.</doc>
<status status="PASS" start="2025-06-06T05:09:33.399633" elapsed="0.000338"/>
</kw>
<kw name="Set Global Variable" owner="BuiltIn">
<msg time="2025-06-06T05:09:33.400628" level="INFO">${id_carrinho} = CegUBmkGvOK81yvT</msg>
<arg>${id_carrinho}</arg>
<doc>Makes a variable available globally in all tests and suites.</doc>
<status status="PASS" start="2025-06-06T05:09:33.400240" elapsed="0.000480"/>
</kw>
<kw name="Set Global Variable" owner="BuiltIn">
<msg time="2025-06-06T05:09:33.401408" level="INFO">${CARRINHO_ID} = CegUBmkGvOK81yvT</msg>
<arg>${CARRINHO_ID}</arg>
<arg>${id_carrinho}</arg>
<doc>Makes a variable available globally in all tests and suites.</doc>
<status status="PASS" start="2025-06-06T05:09:33.401001" elapsed="0.000494"/>
</kw>
<return>
<value>${id_carrinho}</value>
<status status="PASS" start="2025-06-06T05:09:33.401590" elapsed="0.000067"/>
</return>
<status status="PASS" start="2025-06-06T05:09:33.219480" elapsed="0.182382"/>
</kw>
<kw name="Validar Status Code &quot;201&quot;" owner="common" source_name="Validar Status Code &quot;${statuscode}&quot;">
<kw name="Should Be True" owner="BuiltIn">
<arg>${response.status_code} == ${statuscode}</arg>
<doc>Fails if the given condition is not true.</doc>
<status status="PASS" start="2025-06-06T05:09:33.403219" elapsed="0.001744"/>
</kw>
<status status="PASS" start="2025-06-06T05:09:33.402259" elapsed="0.002845"/>
</kw>
<kw name="Validar Se Mensagem Contem &quot;Cadastro realizado com sucesso&quot;" owner="common" source_name="Validar Se Mensagem Contem &quot;${palavra}&quot;">
<kw name="Should Contain" owner="BuiltIn">
<arg>${response.json()["message"]}</arg>
<arg>${palavra}</arg>
<doc>Fails if ``container`` does not contain ``item`` one or more times.</doc>
<status status="PASS" start="2025-06-06T05:09:33.406067" elapsed="0.000952"/>
</kw>
<status status="PASS" start="2025-06-06T05:09:33.405507" elapsed="0.001649"/>
</kw>
<status status="PASS" start="2025-06-06T05:09:32.494342" elapsed="0.913083"/>
</test>
<test id="s1-t2" name="Adicionar produto ao carrinho" line="23">
<kw name="Configurar Usuario e Login" owner="login_keyword">
<kw name="Criar Usuario Dinamico" owner="usuarios_keyword">
<kw name="Criar Dados Usuario Aleatorio Válido" owner="dynamics">
<kw name="Name" owner="FakerLibrary">
<msg time="2025-06-06T05:09:33.411443" level="INFO">${nome_aleatorio} = Robert Proctor</msg>
<var>${nome_aleatorio}</var>
<doc>:example: 'John Doe'</doc>
<status status="PASS" start="2025-06-06T05:09:33.410691" elapsed="0.000822"/>
</kw>
<kw name="Email" owner="FakerLibrary">
<msg time="2025-06-06T05:09:33.412742" level="INFO">${email_aleatorio} = lmedina@example.org</msg>
<var>${email_aleatorio}</var>
<status status="PASS" start="2025-06-06T05:09:33.411759" elapsed="0.001096"/>
</kw>
<kw name="Password" owner="FakerLibrary">
<msg time="2025-06-06T05:09:33.414147" level="INFO">${senha_aleatoria} = 6DWHdEOc</msg>
<var>${senha_aleatoria}</var>
<arg>length=8</arg>
<arg>special_chars=False</arg>
<doc>Generate a random password of the specified ``length``.</doc>
<status status="PASS" start="2025-06-06T05:09:33.413300" elapsed="0.000944"/>
</kw>
<kw name="Create Dictionary" owner="BuiltIn">
<msg time="2025-06-06T05:09:33.415526" level="INFO">${payload_aleatorio} = {'nome': 'Robert Proctor', 'email': 'lmedina@example.org', 'password': '6DWHdEOc', 'administrador': 'true'}</msg>
<var>${payload_aleatorio}</var>
<arg>nome=${nome_aleatorio}</arg>
<arg>email=${email_aleatorio}</arg>
<arg>password=${senha_aleatoria}</arg>
<arg>administrador=true</arg>
<doc>Creates and returns a dictionary based on the given ``items``.</doc>
<status status="PASS" start="2025-06-06T05:09:33.414716" elapsed="0.000874"/>
</kw>
<kw name="Log To Console" owner="BuiltIn">
<arg>Usuário criado: ${payload_aleatorio}</arg>
<doc>Logs the given message to the console.</doc>
<status status="PASS" start="2025-06-06T05:09:33.415925" elapsed="0.000387"/>
</kw>
<kw name="Set Global Variable" owner="BuiltIn">
<msg time="2025-06-06T05:09:33.417126" level="INFO">${DYNAMIC_EMAIL} = lmedina@example.org</msg>
<arg>${DYNAMIC_EMAIL}</arg>
<arg>${email_aleatorio}</arg>
<doc>Makes a variable available globally in all tests and suites.</doc>
<status status="PASS" start="2025-06-06T05:09:33.416597" elapsed="0.000622"/>
</kw>
<kw name="Set Global Variable" owner="BuiltIn">
<msg time="2025-06-06T05:09:33.417970" level="INFO">${DYNAMIC_PASSWORD} = 6DWHdEOc</msg>
<arg>${DYNAMIC_PASSWORD}</arg>
<arg>${senha_aleatoria}</arg>
<doc>Makes a variable available globally in all tests and suites.</doc>
<status status="PASS" start="2025-06-06T05:09:33.417481" elapsed="0.000579"/>
</kw>
<return>
<value>${payload_aleatorio}</value>
<status status="PASS" start="2025-06-06T05:09:33.418158" elapsed="0.000074"/>
</return>
<msg time="2025-06-06T05:09:33.418574" level="INFO">${payload} = {'nome': 'Robert Proctor', 'email': 'lmedina@example.org', 'password': '6DWHdEOc', 'administrador': 'true'}</msg>
<var>${payload}</var>
<status status="PASS" start="2025-06-06T05:09:33.410021" elapsed="0.008778"/>
</kw>
<kw name="POST On Session" owner="RequestsLibrary">
<msg time="2025-06-06T05:09:33.581353" level="INFO">POST Request : url=https://compassuol.serverest.dev/usuarios 
 path_url=/usuarios 
 headers={'User-Agent': 'python-requests/2.32.3', 'Accept-Encoding': 'gzip, deflate', 'Accept': '*/*', 'Connection': 'keep-alive', 'Content-Length': '107', 'Content-Type': 'application/json'} 
 body=b'{"nome": "Robert Proctor", "email": "lmedina@example.org", "password": "6DWHdEOc", "administrador": "true"}' 
 </msg>
<msg time="2025-06-06T05:09:33.581526" level="INFO">POST Response : url=https://compassuol.serverest.dev/usuarios 
 status=201, reason=Created 
 headers={'access-control-allow-origin': '*', 'x-dns-prefetch-control': 'off', 'x-frame-options': 'SAMEORIGIN', 'strict-transport-security': 'max-age=15552000; includeSubDomains', 'x-download-options': 'noopen', 'x-content-type-options': 'nosniff', 'x-xss-protection': '1; mode=block', 'content-type': 'application/json; charset=utf-8', 'x-cloud-trace-context': 'db6af2372afb51fdcf89385fd5710de5', 'date': 'Fri, 06 Jun 2025 08:09:33 GMT', 'server': 'Google Frontend', 'Content-Length': '82'} 
 body={
    "message": "Cadastro realizado com sucesso",
    "_id": "Pgjh8NcJVwAPUuow"
} 
 </msg>
<msg time="2025-06-06T05:09:33.581659" level="INFO">/home/cortes/Documents/Compass Estágio/ServeRest_Robot_Docker/venv/lib/python3.12/site-packages/urllib3/connectionpool.py:1097: InsecureRequestWarning: Unverified HTTPS request is being made to host 'compassuol.serverest.dev'. Adding certificate verification is strongly advised. See: https://urllib3.readthedocs.io/en/latest/advanced-usage.html#tls-warnings
  warnings.warn(</msg>
<msg time="2025-06-06T05:09:33.581935" level="INFO">${response} = &lt;Response [201]&gt;</msg>
<var>${response}</var>
<arg>serverest</arg>
<arg>/usuarios</arg>
<arg>json=${payload}</arg>
<arg>expected_status=any</arg>
<doc>Sends a POST request on a previously created HTTP Session.</doc>
<status status="PASS" start="2025-06-06T05:09:33.419133" elapsed="0.162870"/>
</kw>
<kw name="Set Global Variable" owner="BuiltIn">
<msg time="2025-06-06T05:09:33.582848" level="INFO">${response} = &lt;Response [201]&gt;</msg>
<arg>${response}</arg>
<doc>Makes a variable available globally in all tests and suites.</doc>
<status status="PASS" start="2025-06-06T05:09:33.582374" elapsed="0.000588"/>
</kw>
<kw name="Log To Console" owner="BuiltIn">
<arg>Resposta da criação: ${response.content}</arg>
<doc>Logs the given message to the console.</doc>
<status status="PASS" start="2025-06-06T05:09:33.583233" elapsed="0.001068"/>
</kw>
<return>
<value>${response}</value>
<status status="PASS" start="2025-06-06T05:09:33.584412" elapsed="0.000077"/>
</return>
<status status="PASS" start="2025-06-06T05:09:33.409193" elapsed="0.175523"/>
</kw>
<kw name="Fazer login com usuario Dinamico e Armazenar Token" owner="login_keyword">
<kw name="Create Dictionary" owner="BuiltIn">
<msg time="2025-06-06T05:09:33.586340" level="INFO">&amp;{payload} = { email=lmedina@example.org | password=6DWHdEOc }</msg>
<var>&amp;{payload}</var>
<arg>email=${DYNAMIC_EMAIL}</arg>
<arg>password=${DYNAMIC_PASSWORD}</arg>
<doc>Creates and returns a dictionary based on the given ``items``.</doc>
<status status="PASS" start="2025-06-06T05:09:33.585688" elapsed="0.000717"/>
</kw>
<kw name="Log To Console" owner="BuiltIn">
<arg>Tentando login com: ${payload}</arg>
<doc>Logs the given message to the console.</doc>
<status status="PASS" start="2025-06-06T05:09:33.586680" elapsed="0.000347"/>
</kw>
<kw name="POST On Session" owner="RequestsLibrary">
<msg time="2025-06-06T05:09:33.751943" level="INFO">POST Request : url=https://compassuol.serverest.dev/login 
 path_url=/login 
 headers={'User-Agent': 'python-requests/2.32.3', 'Accept-Encoding': 'gzip, deflate', 'Accept': '*/*', 'Connection': 'keep-alive', 'Content-Length': '56', 'Content-Type': 'application/json'} 
 body=b'{"email": "lmedina@example.org", "password": "6DWHdEOc"}' 
 </msg>
<msg time="2025-06-06T05:09:33.752202" level="INFO">POST Response : url=https://compassuol.serverest.dev/login 
 status=200, reason=OK 
 headers={'access-control-allow-origin': '*', 'x-dns-prefetch-control': 'off', 'x-frame-options': 'SAMEORIGIN', 'strict-transport-security': 'max-age=15552000; includeSubDomains', 'x-download-options': 'noopen', 'x-content-type-options': 'nosniff', 'x-xss-protection': '1; mode=block', 'content-type': 'application/json; charset=utf-8', 'x-cloud-trace-context': 'ef5a8c2769f05a14cf89385fd57109c2', 'date': 'Fri, 06 Jun 2025 08:09:33 GMT', 'server': 'Google Frontend', 'Content-Length': '277'} 
 body={
    "message": "Login realizado com sucesso",
    "authorization": "Bearer eyJhbGciOiJIUzI1NiIsInR5cCI6IkpXVCJ9.eyJlbWFpbCI6ImxtZWRpbmFAZXhhbXBsZS5vcmciLCJwYXNzd29yZCI6IjZEV0hkRU9jIiwiaWF0IjoxNzQ5MTk3MzczLCJleHAiOjE3NDkxOTc5NzN9.ZI_ve_zvJuzBp6gttQPqcRd9wHrZxZNJkYAMKtMRH9U"
} 
 </msg>
<msg time="2025-06-06T05:09:33.752392" level="INFO">/home/cortes/Documents/Compass Estágio/ServeRest_Robot_Docker/venv/lib/python3.12/site-packages/urllib3/connectionpool.py:1097: InsecureRequestWarning: Unverified HTTPS request is being made to host 'compassuol.serverest.dev'. Adding certificate verification is strongly advised. See: https://urllib3.readthedocs.io/en/latest/advanced-usage.html#tls-warnings
  warnings.warn(</msg>
<msg time="2025-06-06T05:09:33.752800" level="INFO">${response} = &lt;Response [200]&gt;</msg>
<var>${response}</var>
<arg>serverest</arg>
<arg>/login</arg>
<arg>json=${payload}</arg>
<arg>expected_status=any</arg>
<doc>Sends a POST request on a previously created HTTP Session.</doc>
<status status="PASS" start="2025-06-06T05:09:33.587297" elapsed="0.165589"/>
</kw>
<kw name="Log To Console" owner="BuiltIn">
<arg>Response: ${response.content}</arg>
<doc>Logs the given message to the console.</doc>
<status status="PASS" start="2025-06-06T05:09:33.753413" elapsed="0.001361"/>
</kw>
<kw name="Set Global Variable" owner="BuiltIn">
<msg time="2025-06-06T05:09:33.755764" level="INFO">${response} = &lt;Response [200]&gt;</msg>
<arg>${response}</arg>
<doc>Makes a variable available globally in all tests and suites.</doc>
<status status="PASS" start="2025-06-06T05:09:33.755225" elapsed="0.000660"/>
</kw>
<kw name="Run Keyword If" owner="BuiltIn">
<kw name="Capturar token" owner="login_keyword">
<kw name="Set Variable" owner="BuiltIn">
<msg time="2025-06-06T05:09:33.760591" level="INFO">${token} = Bearer eyJhbGciOiJIUzI1NiIsInR5cCI6IkpXVCJ9.eyJlbWFpbCI6ImxtZWRpbmFAZXhhbXBsZS5vcmciLCJwYXNzd29yZCI6IjZEV0hkRU9jIiwiaWF0IjoxNzQ5MTk3MzczLCJleHAiOjE3NDkxOTc5NzN9.ZI_ve_zvJuzBp6gttQPqcRd9wHrZxZNJkYAMKtM...</msg>
<var>${token}</var>
<arg>${resp.json()['authorization']}</arg>
<doc>Returns the given values which can then be assigned to a variables.</doc>
<status status="PASS" start="2025-06-06T05:09:33.759151" elapsed="0.001526"/>
</kw>
<kw name="Log To Console" owner="BuiltIn">
<arg>Token: ${token}</arg>
<doc>Logs the given message to the console.</doc>
<status status="PASS" start="2025-06-06T05:09:33.761056" elapsed="0.000423"/>
</kw>
<kw name="Set Global Variable" owner="BuiltIn">
<msg time="2025-06-06T05:09:33.762503" level="INFO">${token_auth} = Bearer eyJhbGciOiJIUzI1NiIsInR5cCI6IkpXVCJ9.eyJlbWFpbCI6ImxtZWRpbmFAZXhhbXBsZS5vcmciLCJwYXNzd29yZCI6IjZEV0hkRU9jIiwiaWF0IjoxNzQ5MTk3MzczLCJleHAiOjE3NDkxOTc5NzN9.ZI_ve_zvJuzBp6gttQPqcRd9wHrZxZNJkYAMKtM...</msg>
<arg>${token_auth}</arg>
<arg>${token}</arg>
<doc>Makes a variable available globally in all tests and suites.</doc>
<status status="PASS" start="2025-06-06T05:09:33.761872" elapsed="0.000757"/>
</kw>
<kw name="Configurar Autenticação" owner="base">
<kw name="Create Dictionary" owner="BuiltIn">
<msg time="2025-06-06T05:09:33.765268" level="INFO">&amp;{header} = { authorization=Bearer eyJhbGciOiJIUzI1NiIsInR5cCI6IkpXVCJ9.eyJlbWFpbCI6ImxtZWRpbmFAZXhhbXBsZS5vcmciLCJwYXNzd29yZCI6IjZEV0hkRU9jIiwiaWF0IjoxNzQ5MTk3MzczLCJleHAiOjE3NDkxOTc5NzN9.ZI_ve_zvJuzBp6gttQPqcRd...</msg>
<var>&amp;{header}</var>
<arg>authorization=${auth_token}</arg>
<doc>Creates and returns a dictionary based on the given ``items``.</doc>
<status status="PASS" start="2025-06-06T05:09:33.764529" elapsed="0.000843"/>
</kw>
<kw name="Set Global Variable" owner="BuiltIn">
<msg time="2025-06-06T05:09:33.766692" level="INFO">${HEADERS} = {'authorization': 'Bearer eyJhbGciOiJIUzI1NiIsInR5cCI6IkpXVCJ9.eyJlbWFpbCI6ImxtZWRpbmFAZXhhbXBsZS5vcmciLCJwYXNzd29yZCI6IjZEV0hkRU9jIiwiaWF0IjoxNzQ5MTk3MzczLCJleHAiOjE3NDkxOTc5NzN9.ZI_ve_zvJuzBp6gttQPq...</msg>
<arg>${HEADERS}</arg>
<arg>${header}</arg>
<doc>Makes a variable available globally in all tests and suites.</doc>
<status status="PASS" start="2025-06-06T05:09:33.765990" elapsed="0.000834"/>
</kw>
<return>
<value>${header}</value>
<status status="PASS" start="2025-06-06T05:09:33.766977" elapsed="0.000099"/>
</return>
<arg>${token}</arg>
<status status="PASS" start="2025-06-06T05:09:33.763293" elapsed="0.004067"/>
</kw>
<return>
<value>${token}</value>
<status status="PASS" start="2025-06-06T05:09:33.767477" elapsed="0.000096"/>
</return>
<arg>${response}</arg>
<status status="PASS" start="2025-06-06T05:09:33.758314" elapsed="0.009722"/>
</kw>
<arg>${response.status_code} == 200</arg>
<arg>Capturar token</arg>
<arg>${response}</arg>
<doc>Runs the given keyword with the given arguments, if ``condition`` is true.</doc>
<status status="PASS" start="2025-06-06T05:09:33.756263" elapsed="0.011935"/>
</kw>
<return>
<value>${response}</value>
<status status="PASS" start="2025-06-06T05:09:33.768328" elapsed="0.000085"/>
</return>
<status status="PASS" start="2025-06-06T05:09:33.585144" elapsed="0.183535"/>
</kw>
<status status="PASS" start="2025-06-06T05:09:33.408614" elapsed="0.360201"/>
</kw>
<kw name="Criar Produto Dinamico" owner="produtos_keyword">
<kw name="POST /produtos_dinamicos" owner="dynamics">
<kw name="Create Dictionary" owner="BuiltIn">
<msg time="2025-06-06T05:09:33.771476" level="INFO">${headers} = {'Authorization': 'Bearer eyJhbGciOiJIUzI1NiIsInR5cCI6IkpXVCJ9.eyJlbWFpbCI6ImxtZWRpbmFAZXhhbXBsZS5vcmciLCJwYXNzd29yZCI6IjZEV0hkRU9jIiwiaWF0IjoxNzQ5MTk3MzczLCJleHAiOjE3NDkxOTc5NzN9.ZI_ve_zvJuzBp6gttQPq...</msg>
<var>${headers}</var>
<arg>Authorization=${token_auth}</arg>
<doc>Creates and returns a dictionary based on the given ``items``.</doc>
<status status="PASS" start="2025-06-06T05:09:33.770861" elapsed="0.000698"/>
</kw>
<kw name="Criar Dados Produto Aleatorio" owner="dynamics">
<kw name="Word" owner="FakerLibrary">
<msg time="2025-06-06T05:09:33.773086" level="INFO">${nome_produto} = measure</msg>
<var>${nome_produto}</var>
<doc>Generate a word.</doc>
<status status="PASS" start="2025-06-06T05:09:33.772620" elapsed="0.000542"/>
</kw>
<kw name="Sentence" owner="FakerLibrary">
<msg time="2025-06-06T05:09:33.774066" level="INFO">${descricao} = End them view claim quite happy teach coach.</msg>
<var>${descricao}</var>
<arg>nb_words=10</arg>
<doc>Generate a sentence.</doc>
<status status="PASS" start="2025-06-06T05:09:33.773443" elapsed="0.000702"/>
</kw>
<kw name="Evaluate" owner="BuiltIn">
<msg time="2025-06-06T05:09:33.775079" level="INFO">${preco} = 3577</msg>
<var>${preco}</var>
<arg>random.randint(10, 5000)</arg>
<doc>Evaluates the given expression in Python and returns the result.</doc>
<status status="PASS" start="2025-06-06T05:09:33.774516" elapsed="0.000693"/>
</kw>
<kw name="Evaluate" owner="BuiltIn">
<msg time="2025-06-06T05:09:33.776456" level="INFO">${quantidade} = 45</msg>
<var>${quantidade}</var>
<arg>random.randint(1, 100)</arg>
<doc>Evaluates the given expression in Python and returns the result.</doc>
<status status="PASS" start="2025-06-06T05:09:33.775833" elapsed="0.000706"/>
</kw>
<kw name="Create Dictionary" owner="BuiltIn">
<msg time="2025-06-06T05:09:33.778200" level="INFO">${payload} = {'nome': 'Produto measure', 'preco': 3577, 'descricao': 'End them view claim quite happy teach coach.', 'quantidade': 45}</msg>
<var>${payload}</var>
<arg>nome=Produto ${nome_produto}</arg>
<arg>preco=${preco}</arg>
<arg>descricao=${descricao}</arg>
<arg>quantidade=${quantidade}</arg>
<doc>Creates and returns a dictionary based on the given ``items``.</doc>
<status status="PASS" start="2025-06-06T05:09:33.776977" elapsed="0.001316"/>
</kw>
<kw name="Log To Console" owner="BuiltIn">
<arg>Produto criado: ${payload}</arg>
<doc>Logs the given message to the console.</doc>
<status status="PASS" start="2025-06-06T05:09:33.778739" elapsed="0.000568"/>
</kw>
<return>
<value>${payload}</value>
<status status="PASS" start="2025-06-06T05:09:33.779434" elapsed="0.000090"/>
</return>
<msg time="2025-06-06T05:09:33.779883" level="INFO">${payload} = {'nome': 'Produto measure', 'preco': 3577, 'descricao': 'End them view claim quite happy teach coach.', 'quantidade': 45}</msg>
<var>${payload}</var>
<status status="PASS" start="2025-06-06T05:09:33.772044" elapsed="0.007934"/>
</kw>
<kw name="POST On Session" owner="RequestsLibrary">
<msg time="2025-06-06T05:09:33.964867" level="INFO">POST Request : url=https://compassuol.serverest.dev/produtos 
 path_url=/produtos 
 headers={'User-Agent': 'python-requests/2.32.3', 'Accept-Encoding': 'gzip, deflate', 'Accept': '*/*', 'Connection': 'keep-alive', 'Authorization': 'Bearer eyJhbGciOiJIUzI1NiIsInR5cCI6IkpXVCJ9.eyJlbWFpbCI6ImxtZWRpbmFAZXhhbXBsZS5vcmciLCJwYXNzd29yZCI6IjZEV0hkRU9jIiwiaWF0IjoxNzQ5MTk3MzczLCJleHAiOjE3NDkxOTc5NzN9.ZI_ve_zvJuzBp6gttQPqcRd9wHrZxZNJkYAMKtMRH9U', 'Content-Length': '121', 'Content-Type': 'application/json'} 
 body=b'{"nome": "Produto measure", "preco": 3577, "descricao": "End them view claim quite happy teach coach.", "quantidade": 45}' 
 </msg>
<msg time="2025-06-06T05:09:33.965140" level="INFO">POST Response : url=https://compassuol.serverest.dev/produtos 
 status=201, reason=Created 
 headers={'access-control-allow-origin': '*', 'x-dns-prefetch-control': 'off', 'x-frame-options': 'SAMEORIGIN', 'strict-transport-security': 'max-age=15552000; includeSubDomains', 'x-download-options': 'noopen', 'x-content-type-options': 'nosniff', 'x-xss-protection': '1; mode=block', 'content-type': 'application/json; charset=utf-8', 'x-cloud-trace-context': 'c12fda03058d33dacf89385fd5710cb0', 'date': 'Fri, 06 Jun 2025 08:09:33 GMT', 'server': 'Google Frontend', 'Content-Length': '82'} 
 body={
    "message": "Cadastro realizado com sucesso",
    "_id": "s0frOHMzU7zGOv08"
} 
 </msg>
<msg time="2025-06-06T05:09:33.965308" level="INFO">/home/cortes/Documents/Compass Estágio/ServeRest_Robot_Docker/venv/lib/python3.12/site-packages/urllib3/connectionpool.py:1097: InsecureRequestWarning: Unverified HTTPS request is being made to host 'compassuol.serverest.dev'. Adding certificate verification is strongly advised. See: https://urllib3.readthedocs.io/en/latest/advanced-usage.html#tls-warnings
  warnings.warn(</msg>
<msg time="2025-06-06T05:09:33.965638" level="INFO">${response} = &lt;Response [201]&gt;</msg>
<var>${response}</var>
<arg>serverest</arg>
<arg>/produtos</arg>
<arg>json=${payload}</arg>
<arg>headers=${headers}</arg>
<doc>Sends a POST request on a previously created HTTP Session.</doc>
<status status="PASS" start="2025-06-06T05:09:33.780404" elapsed="0.185318"/>
</kw>
<kw name="Log To Console" owner="BuiltIn">
<arg>Response: ${response.content}</arg>
<doc>Logs the given message to the console.</doc>
<status status="PASS" start="2025-06-06T05:09:33.966252" elapsed="0.001470"/>
</kw>
<kw name="Set Global Variable" owner="BuiltIn">
<msg time="2025-06-06T05:09:33.968713" level="INFO">${response} = &lt;Response [201]&gt;</msg>
<arg>${response}</arg>
<doc>Makes a variable available globally in all tests and suites.</doc>
<status status="PASS" start="2025-06-06T05:09:33.968136" elapsed="0.000707"/>
</kw>
<return>
<value>${response}</value>
<status status="PASS" start="2025-06-06T05:09:33.969018" elapsed="0.000094"/>
</return>
<status status="PASS" start="2025-06-06T05:09:33.770229" elapsed="0.199167"/>
</kw>
<kw name="Validar Status Code &quot;201&quot;" owner="common" source_name="Validar Status Code &quot;${statuscode}&quot;">
<kw name="Should Be True" owner="BuiltIn">
<arg>${response.status_code} == ${statuscode}</arg>
<doc>Fails if the given condition is not true.</doc>
<status status="PASS" start="2025-06-06T05:09:33.970595" elapsed="0.002534"/>
</kw>
<status status="PASS" start="2025-06-06T05:09:33.969825" elapsed="0.003493"/>
</kw>
<kw name="Set Variable" owner="BuiltIn">
<msg time="2025-06-06T05:09:33.975234" level="INFO">${id_produto} = s0frOHMzU7zGOv08</msg>
<var>${id_produto}</var>
<arg>${response.json()["_id"]}</arg>
<doc>Returns the given values which can then be assigned to a variables.</doc>
<status status="PASS" start="2025-06-06T05:09:33.973819" elapsed="0.001501"/>
</kw>
<kw name="Log To Console" owner="BuiltIn">
<arg>ID do Produto Dinâmico Salvo: ${id_produto}</arg>
<doc>Logs the given message to the console.</doc>
<status status="PASS" start="2025-06-06T05:09:33.975705" elapsed="0.000606"/>
</kw>
<kw name="Set Global Variable" owner="BuiltIn">
<msg time="2025-06-06T05:09:33.977087" level="INFO">${id_produto} = s0frOHMzU7zGOv08</msg>
<arg>${id_produto}</arg>
<doc>Makes a variable available globally in all tests and suites.</doc>
<status status="PASS" start="2025-06-06T05:09:33.976643" elapsed="0.000536"/>
</kw>
<return>
<value>${id_produto}</value>
<status status="PASS" start="2025-06-06T05:09:33.977270" elapsed="0.000068"/>
</return>
<status status="PASS" start="2025-06-06T05:09:33.769442" elapsed="0.208096"/>
</kw>
<kw name="Set Variable" owner="BuiltIn">
<msg time="2025-06-06T05:09:33.978450" level="INFO">${produto_id1} = s0frOHMzU7zGOv08</msg>
<var>${produto_id1}</var>
<arg>${id_produto}</arg>
<doc>Returns the given values which can then be assigned to a variables.</doc>
<status status="PASS" start="2025-06-06T05:09:33.978027" elapsed="0.000504"/>
</kw>
<kw name="Criar Produto Dinamico" owner="produtos_keyword">
<kw name="POST /produtos_dinamicos" owner="dynamics">
<kw name="Create Dictionary" owner="BuiltIn">
<msg time="2025-06-06T05:09:33.982573" level="INFO">${headers} = {'Authorization': 'Bearer eyJhbGciOiJIUzI1NiIsInR5cCI6IkpXVCJ9.eyJlbWFpbCI6ImxtZWRpbmFAZXhhbXBsZS5vcmciLCJwYXNzd29yZCI6IjZEV0hkRU9jIiwiaWF0IjoxNzQ5MTk3MzczLCJleHAiOjE3NDkxOTc5NzN9.ZI_ve_zvJuzBp6gttQPq...</msg>
<var>${headers}</var>
<arg>Authorization=${token_auth}</arg>
<doc>Creates and returns a dictionary based on the given ``items``.</doc>
<status status="PASS" start="2025-06-06T05:09:33.981955" elapsed="0.000713"/>
</kw>
<kw name="Criar Dados Produto Aleatorio" owner="dynamics">
<kw name="Word" owner="FakerLibrary">
<msg time="2025-06-06T05:09:33.984454" level="INFO">${nome_produto} = writer</msg>
<var>${nome_produto}</var>
<doc>Generate a word.</doc>
<status status="PASS" start="2025-06-06T05:09:33.983960" elapsed="0.000580"/>
</kw>
<kw name="Sentence" owner="FakerLibrary">
<msg time="2025-06-06T05:09:33.985508" level="INFO">${descricao} = Break authority food lead laugh street meet take order how home color.</msg>
<var>${descricao}</var>
<arg>nb_words=10</arg>
<doc>Generate a sentence.</doc>
<status status="PASS" start="2025-06-06T05:09:33.984860" elapsed="0.000730"/>
</kw>
<kw name="Evaluate" owner="BuiltIn">
<msg time="2025-06-06T05:09:33.986757" level="INFO">${preco} = 1847</msg>
<var>${preco}</var>
<arg>random.randint(10, 5000)</arg>
<doc>Evaluates the given expression in Python and returns the result.</doc>
<status status="PASS" start="2025-06-06T05:09:33.986189" elapsed="0.000646"/>
</kw>
<kw name="Evaluate" owner="BuiltIn">
<msg time="2025-06-06T05:09:33.987793" level="INFO">${quantidade} = 20</msg>
<var>${quantidade}</var>
<arg>random.randint(1, 100)</arg>
<doc>Evaluates the given expression in Python and returns the result.</doc>
<status status="PASS" start="2025-06-06T05:09:33.987256" elapsed="0.000621"/>
</kw>
<kw name="Create Dictionary" owner="BuiltIn">
<msg time="2025-06-06T05:09:33.989612" level="INFO">${payload} = {'nome': 'Produto writer', 'preco': 1847, 'descricao': 'Break authority food lead laugh street meet take order how home color.', 'quantidade': 20}</msg>
<var>${payload}</var>
<arg>nome=Produto ${nome_produto}</arg>
<arg>preco=${preco}</arg>
<arg>descricao=${descricao}</arg>
<arg>quantidade=${quantidade}</arg>
<doc>Creates and returns a dictionary based on the given ``items``.</doc>
<status status="PASS" start="2025-06-06T05:09:33.988376" elapsed="0.001344"/>
</kw>
<kw name="Log To Console" owner="BuiltIn">
<arg>Produto criado: ${payload}</arg>
<doc>Logs the given message to the console.</doc>
<status status="PASS" start="2025-06-06T05:09:33.990216" elapsed="0.000549"/>
</kw>
<return>
<value>${payload}</value>
<status status="PASS" start="2025-06-06T05:09:33.990974" elapsed="0.000107"/>
</return>
<msg time="2025-06-06T05:09:33.991526" level="INFO">${payload} = {'nome': 'Produto writer', 'preco': 1847, 'descricao': 'Break authority food lead laugh street meet take order how home color.', 'quantidade': 20}</msg>
<var>${payload}</var>
<status status="PASS" start="2025-06-06T05:09:33.983268" elapsed="0.008382"/>
</kw>
<kw name="POST On Session" owner="RequestsLibrary">
<msg time="2025-06-06T05:09:34.178834" level="INFO">POST Request : url=https://compassuol.serverest.dev/produtos 
 path_url=/produtos 
 headers={'User-Agent': 'python-requests/2.32.3', 'Accept-Encoding': 'gzip, deflate', 'Accept': '*/*', 'Connection': 'keep-alive', 'Authorization': 'Bearer eyJhbGciOiJIUzI1NiIsInR5cCI6IkpXVCJ9.eyJlbWFpbCI6ImxtZWRpbmFAZXhhbXBsZS5vcmciLCJwYXNzd29yZCI6IjZEV0hkRU9jIiwiaWF0IjoxNzQ5MTk3MzczLCJleHAiOjE3NDkxOTc5NzN9.ZI_ve_zvJuzBp6gttQPqcRd9wHrZxZNJkYAMKtMRH9U', 'Content-Length': '146', 'Content-Type': 'application/json'} 
 body=b'{"nome": "Produto writer", "preco": 1847, "descricao": "Break authority food lead laugh street meet take order how home color.", "quantidade": 20}' 
 </msg>
<msg time="2025-06-06T05:09:34.179123" level="INFO">POST Response : url=https://compassuol.serverest.dev/produtos 
 status=201, reason=Created 
 headers={'access-control-allow-origin': '*', 'x-dns-prefetch-control': 'off', 'x-frame-options': 'SAMEORIGIN', 'strict-transport-security': 'max-age=15552000; includeSubDomains', 'x-download-options': 'noopen', 'x-content-type-options': 'nosniff', 'x-xss-protection': '1; mode=block', 'content-type': 'application/json; charset=utf-8', 'x-cloud-trace-context': '14fb453c8629a145cf89385fd5710be2', 'date': 'Fri, 06 Jun 2025 08:09:34 GMT', 'server': 'Google Frontend', 'Content-Length': '82'} 
 body={
    "message": "Cadastro realizado com sucesso",
    "_id": "S716XkJkTepiPqtk"
} 
 </msg>
<msg time="2025-06-06T05:09:34.179317" level="INFO">/home/cortes/Documents/Compass Estágio/ServeRest_Robot_Docker/venv/lib/python3.12/site-packages/urllib3/connectionpool.py:1097: InsecureRequestWarning: Unverified HTTPS request is being made to host 'compassuol.serverest.dev'. Adding certificate verification is strongly advised. See: https://urllib3.readthedocs.io/en/latest/advanced-usage.html#tls-warnings
  warnings.warn(</msg>
<msg time="2025-06-06T05:09:34.179725" level="INFO">${response} = &lt;Response [201]&gt;</msg>
<var>${response}</var>
<arg>serverest</arg>
<arg>/produtos</arg>
<arg>json=${payload}</arg>
<arg>headers=${headers}</arg>
<doc>Sends a POST request on a previously created HTTP Session.</doc>
<status status="PASS" start="2025-06-06T05:09:33.992081" elapsed="0.187737"/>
</kw>
<kw name="Log To Console" owner="BuiltIn">
<arg>Response: ${response.content}</arg>
<doc>Logs the given message to the console.</doc>
<status status="PASS" start="2025-06-06T05:09:34.180320" elapsed="0.001443"/>
</kw>
<kw name="Set Global Variable" owner="BuiltIn">
<msg time="2025-06-06T05:09:34.182737" level="INFO">${response} = &lt;Response [201]&gt;</msg>
<arg>${response}</arg>
<doc>Makes a variable available globally in all tests and suites.</doc>
<status status="PASS" start="2025-06-06T05:09:34.182161" elapsed="0.000704"/>
</kw>
<return>
<value>${response}</value>
<status status="PASS" start="2025-06-06T05:09:34.183012" elapsed="0.000095"/>
</return>
<status status="PASS" start="2025-06-06T05:09:33.981179" elapsed="0.202208"/>
</kw>
<kw name="Validar Status Code &quot;201&quot;" owner="common" source_name="Validar Status Code &quot;${statuscode}&quot;">
<kw name="Should Be True" owner="BuiltIn">
<arg>${response.status_code} == ${statuscode}</arg>
<doc>Fails if the given condition is not true.</doc>
<status status="PASS" start="2025-06-06T05:09:34.184585" elapsed="0.002485"/>
</kw>
<status status="PASS" start="2025-06-06T05:09:34.183830" elapsed="0.003534"/>
</kw>
<kw name="Set Variable" owner="BuiltIn">
<msg time="2025-06-06T05:09:34.189252" level="INFO">${id_produto} = S716XkJkTepiPqtk</msg>
<var>${id_produto}</var>
<arg>${response.json()["_id"]}</arg>
<doc>Returns the given values which can then be assigned to a variables.</doc>
<status status="PASS" start="2025-06-06T05:09:34.187905" elapsed="0.001482"/>
</kw>
<kw name="Log To Console" owner="BuiltIn">
<arg>ID do Produto Dinâmico Salvo: ${id_produto}</arg>
<doc>Logs the given message to the console.</doc>
<status status="PASS" start="2025-06-06T05:09:34.189776" elapsed="0.000555"/>
</kw>
<kw name="Set Global Variable" owner="BuiltIn">
<msg time="2025-06-06T05:09:34.191358" level="INFO">${id_produto} = S716XkJkTepiPqtk</msg>
<arg>${id_produto}</arg>
<doc>Makes a variable available globally in all tests and suites.</doc>
<status status="PASS" start="2025-06-06T05:09:34.190723" elapsed="0.000769"/>
</kw>
<return>
<value>${id_produto}</value>
<status status="PASS" start="2025-06-06T05:09:34.191625" elapsed="0.000122"/>
</return>
<status status="PASS" start="2025-06-06T05:09:33.979423" elapsed="0.212821"/>
</kw>
<kw name="Set Variable" owner="BuiltIn">
<msg time="2025-06-06T05:09:34.193606" level="INFO">${produto_id2} = S716XkJkTepiPqtk</msg>
<var>${produto_id2}</var>
<arg>${id_produto}</arg>
<doc>Returns the given values which can then be assigned to a variables.</doc>
<status status="PASS" start="2025-06-06T05:09:34.193038" elapsed="0.000666"/>
</kw>
<kw name="Create Dictionary" owner="BuiltIn">
<msg time="2025-06-06T05:09:34.195062" level="INFO">${headers} = {'Authorization': 'Bearer eyJhbGciOiJIUzI1NiIsInR5cCI6IkpXVCJ9.eyJlbWFpbCI6ImxtZWRpbmFAZXhhbXBsZS5vcmciLCJwYXNzd29yZCI6IjZEV0hkRU9jIiwiaWF0IjoxNzQ5MTk3MzczLCJleHAiOjE3NDkxOTc5NzN9.ZI_ve_zvJuzBp6gttQPq...</msg>
<var>${headers}</var>
<arg>Authorization=${token_auth}</arg>
<doc>Creates and returns a dictionary based on the given ``items``.</doc>
<status status="PASS" start="2025-06-06T05:09:34.194367" elapsed="0.000782"/>
</kw>
<kw name="Create Dictionary" owner="BuiltIn">
<msg time="2025-06-06T05:09:34.196702" level="INFO">${produto1} = {'idProduto': 's0frOHMzU7zGOv08', 'quantidade': '1'}</msg>
<var>${produto1}</var>
<arg>idProduto=${produto_id1}</arg>
<arg>quantidade=1</arg>
<doc>Creates and returns a dictionary based on the given ``items``.</doc>
<status status="PASS" start="2025-06-06T05:09:34.195762" elapsed="0.001034"/>
</kw>
<kw name="Create Dictionary" owner="BuiltIn">
<msg time="2025-06-06T05:09:34.198237" level="INFO">${produto2} = {'idProduto': 'S716XkJkTepiPqtk', 'quantidade': '2'}</msg>
<var>${produto2}</var>
<arg>idProduto=${produto_id2}</arg>
<arg>quantidade=2</arg>
<doc>Creates and returns a dictionary based on the given ``items``.</doc>
<status status="PASS" start="2025-06-06T05:09:34.197502" elapsed="0.000818"/>
</kw>
<kw name="Create List" owner="BuiltIn">
<msg time="2025-06-06T05:09:34.199502" level="INFO">@{produtos} = [ {'idProduto': 's0frOHMzU7zGOv08', 'quantidade': '1'} | {'idProduto': 'S716XkJkTepiPqtk', 'quantidade': '2'} ]</msg>
<var>@{produtos}</var>
<arg>${produto1}</arg>
<arg>${produto2}</arg>
<doc>Returns a list containing given items.</doc>
<status status="PASS" start="2025-06-06T05:09:34.198884" elapsed="0.000699"/>
</kw>
<kw name="Create Dictionary" owner="BuiltIn">
<msg time="2025-06-06T05:09:34.200882" level="INFO">${payload} = {'produtos': [{'idProduto': 's0frOHMzU7zGOv08', 'quantidade': '1'}, {'idProduto': 'S716XkJkTepiPqtk', 'quantidade': '2'}]}</msg>
<var>${payload}</var>
<arg>produtos=${produtos}</arg>
<doc>Creates and returns a dictionary based on the given ``items``.</doc>
<status status="PASS" start="2025-06-06T05:09:34.200237" elapsed="0.000748"/>
</kw>
<kw name="POST On Session" owner="RequestsLibrary">
<msg time="2025-06-06T05:09:34.385597" level="INFO">POST Request : url=https://compassuol.serverest.dev/carrinhos 
 path_url=/carrinhos 
 headers={'User-Agent': 'python-requests/2.32.3', 'Accept-Encoding': 'gzip, deflate', 'Accept': '*/*', 'Connection': 'keep-alive', 'Authorization': 'Bearer eyJhbGciOiJIUzI1NiIsInR5cCI6IkpXVCJ9.eyJlbWFpbCI6ImxtZWRpbmFAZXhhbXBsZS5vcmciLCJwYXNzd29yZCI6IjZEV0hkRU9jIiwiaWF0IjoxNzQ5MTk3MzczLCJleHAiOjE3NDkxOTc5NzN9.ZI_ve_zvJuzBp6gttQPqcRd9wHrZxZNJkYAMKtMRH9U', 'Content-Length': '122', 'Content-Type': 'application/json'} 
 body=b'{"produtos": [{"idProduto": "s0frOHMzU7zGOv08", "quantidade": "1"}, {"idProduto": "S716XkJkTepiPqtk", "quantidade": "2"}]}' 
 </msg>
<msg time="2025-06-06T05:09:34.385830" level="INFO">POST Response : url=https://compassuol.serverest.dev/carrinhos 
 status=201, reason=Created 
 headers={'access-control-allow-origin': '*', 'x-dns-prefetch-control': 'off', 'x-frame-options': 'SAMEORIGIN', 'strict-transport-security': 'max-age=15552000; includeSubDomains', 'x-download-options': 'noopen', 'x-content-type-options': 'nosniff', 'x-xss-protection': '1; mode=block', 'content-type': 'application/json; charset=utf-8', 'x-cloud-trace-context': '0daadce699c038e0cf89385fd5710e69', 'date': 'Fri, 06 Jun 2025 08:09:34 GMT', 'server': 'Google Frontend', 'Content-Length': '82'} 
 body={
    "message": "Cadastro realizado com sucesso",
    "_id": "Q04KuNXPMFFHMpxi"
} 
 </msg>
<msg time="2025-06-06T05:09:34.386043" level="INFO">/home/cortes/Documents/Compass Estágio/ServeRest_Robot_Docker/venv/lib/python3.12/site-packages/urllib3/connectionpool.py:1097: InsecureRequestWarning: Unverified HTTPS request is being made to host 'compassuol.serverest.dev'. Adding certificate verification is strongly advised. See: https://urllib3.readthedocs.io/en/latest/advanced-usage.html#tls-warnings
  warnings.warn(</msg>
<msg time="2025-06-06T05:09:34.386426" level="INFO">${response} = &lt;Response [201]&gt;</msg>
<var>${response}</var>
<arg>serverest</arg>
<arg>/carrinhos</arg>
<arg>json=${payload}</arg>
<arg>headers=${headers}</arg>
<doc>Sends a POST request on a previously created HTTP Session.</doc>
<status status="PASS" start="2025-06-06T05:09:34.201474" elapsed="0.185044"/>
</kw>
<kw name="Set Global Variable" owner="BuiltIn">
<msg time="2025-06-06T05:09:34.387781" level="INFO">${response} = &lt;Response [201]&gt;</msg>
<arg>${response}</arg>
<doc>Makes a variable available globally in all tests and suites.</doc>
<status status="PASS" start="2025-06-06T05:09:34.387172" elapsed="0.000767"/>
</kw>
<kw name="Validar Status Code &quot;201&quot;" owner="common" source_name="Validar Status Code &quot;${statuscode}&quot;">
<kw name="Should Be True" owner="BuiltIn">
<arg>${response.status_code} == ${statuscode}</arg>
<doc>Fails if the given condition is not true.</doc>
<status status="PASS" start="2025-06-06T05:09:34.389963" elapsed="0.003584"/>
</kw>
<status status="PASS" start="2025-06-06T05:09:34.388555" elapsed="0.005217"/>
</kw>
<kw name="Validar Se Mensagem Contem &quot;Cadastro realizado com sucesso&quot;" owner="common" source_name="Validar Se Mensagem Contem &quot;${palavra}&quot;">
<kw name="Should Contain" owner="BuiltIn">
<arg>${response.json()["message"]}</arg>
<arg>${palavra}</arg>
<doc>Fails if ``container`` does not contain ``item`` one or more times.</doc>
<status status="PASS" start="2025-06-06T05:09:34.395291" elapsed="0.001394"/>
</kw>
<status status="PASS" start="2025-06-06T05:09:34.394437" elapsed="0.002449"/>
</kw>
<status status="PASS" start="2025-06-06T05:09:33.407877" elapsed="0.989441"/>
</test>
<test id="s1-t3" name="Listar carrinhos" line="53">
<kw name="GET /carrinhos" owner="carrinho_keyword">
<kw name="Set Variable" owner="BuiltIn">
<msg time="2025-06-06T05:09:34.401566" level="INFO">${endpoint} = /carrinhos</msg>
<var>${endpoint}</var>
<arg>/carrinhos</arg>
<doc>Returns the given values which can then be assigned to a variables.</doc>
<status status="PASS" start="2025-06-06T05:09:34.401165" elapsed="0.000491"/>
</kw>
<kw name="Set Variable If" owner="BuiltIn">
<msg time="2025-06-06T05:09:34.403882" level="INFO">${endpoint} = /carrinhos</msg>
<var>${endpoint}</var>
<arg>"${id}" != "${EMPTY}"</arg>
<arg>/carrinhos/${id}</arg>
<arg>${endpoint}</arg>
<doc>Sets variable based on the given condition.</doc>
<status status="PASS" start="2025-06-06T05:09:34.402113" elapsed="0.001878"/>
</kw>
<kw name="GET On Session" owner="RequestsLibrary">
<msg time="2025-06-06T05:09:34.598454" level="INFO">GET Request : url=https://compassuol.serverest.dev/carrinhos 
 path_url=/carrinhos 
 headers={'User-Agent': 'python-requests/2.32.3', 'Accept-Encoding': 'gzip, deflate', 'Accept': '*/*', 'Connection': 'keep-alive'} 
 body=None 
 </msg>
<msg time="2025-06-06T05:09:34.598755" level="INFO">GET Response : url=https://compassuol.serverest.dev/carrinhos 
 status=200, reason=OK 
 headers={'access-control-allow-origin': '*', 'x-dns-prefetch-control': 'off', 'x-frame-options': 'SAMEORIGIN', 'strict-transport-security': 'max-age=15552000; includeSubDomains', 'x-download-options': 'noopen', 'x-content-type-options': 'nosniff', 'x-xss-protection': '1; mode=block', 'content-type': 'application/json; charset=utf-8', 'x-cloud-trace-context': '617d766bcfcb27d8cf89385fd5710073', 'date': 'Fri, 06 Jun 2025 08:09:34 GMT', 'server': 'Google Frontend', 'Content-Length': '11416'} 
 body={
    "quantidade": 27,
    "carrinhos": [
        {
            "produtos": [
                {
                    "idProduto": "1tyXwG4GSRO3uroq",
                    "quantidade": "1",
                    "precoUnitario": 989
                }
            ],
            "precoTotal": 989,
            "quantidadeTotal": "01",
            "idUsuario": "66FHaY8xCYCp2srx",
            "_id": "1neWH0diAUpEZxFS"
        },
        {
            "produtos": [
                {
                    "idProduto": "9yWLDE3XQjntfb1D",
                    "quantidade": 21,
                    "precoUnitario": 9974
                }
            ],
            "precoTotal": 209454,
            "quantidadeTotal": 21,
            "idUsuario": "UpmtUvMShlKmgRaN",
            "_id": "3Ne4yytRx1MUXAm2"
        },
        {
            "produtos": [
                {
                    "idProduto": "5pfuk7ySBpRoYSiJ",
                    "quantidade": "1",
                    "precoUnitario": 4294
                },
                {
                    "idProduto": "ayoJ2vaZnApJr5tF",
                    "quantidade": "2",
                    "precoUnitario": 5000
                }
            ],
            "precoTotal": 14294,
            "quantidadeTotal": "012",
            "idUsuario": "E5OkaY4m4zs65bB8",
            "_id": "5ZOXJxx1v06HtDd3"
        },
        {
            "produtos": [
                {
                    "idProduto": "PKKnCg90hZt2lD1r",
                    "quantidade": "1",
                    "precoUnitario": 1826
                }
            ],
            "precoTotal": 1826,
            "quantidadeTotal": "01",
            "idUsuario": "wvtp2CuRZ6cjxUT3",
            "_id": "5kF7bcjir8hDDopI"
        },
        {
            "produtos": [
                {
                    "idProduto": "1DY7LC5eB9XRwy0v",
                    "quantidade": 13,
                    "precoUnitario": 7500
                }
            ],
            "precoTotal": 97500,
            "quantidadeTotal": 13,
            "idUsuario": "xlUoCKXSI1ZTmE87",
            "_id": "AEeQyCXOUT75ahQq"
        },
        {
            "produtos": [
                {
                    "idProduto": "frs6UtofKvLApi8J",
                    "quantidade": 38,
                    "precoUnitario": 4669
                }
            ],
            "precoTotal": 177422,
            "quantidadeTotal": 38,
            "idUsuario": "P6cHCSGrcEmzT17n",
            "_id": "AznrbOOjhUE2MpMD"
        },
        {
            "produtos": [
                {
                    "idProduto": "6UzPLX8zuFONEqYh",
                    "quantidade": "1",
                    "precoUnitario": 944
                }
            ],
            "precoTotal": 944,
            "quantidadeTotal": "01",
            "idUsuario": "FgtX3G13p3W6ykYz",
            "_id": "CegUBmkGvOK81yvT"
        },
        {
            "produtos": [
                {
                    "idProduto": "EWKcJOTN4JaKrWvM",
                    "quantidade": 32,
                    "precoUnitario": 1358
                }
            ],
            "precoTotal": 43456,
            "quantidadeTotal": 32,
            "idUsuario": "5Y7wIO20MtDxVuuG",
            "_id": "Hteo5szq1d89lDY5"
        },
        {
            "produtos": [
                {
                    "idProduto": "Bz7O0BAHNuI6kuxJ",
                    "quantidade": "1",
                    "precoUnitario": 3390
                },
                {
                    "idProduto": "YpCdULfmejSKYnlM",
                    "quantidade": "2",
                    "precoUnitario": 4080
                }
            ],
            "precoTotal": 11550,
            "quantidadeTotal": "012",
            "idUsuario": "fSLjM3JRRKSyZcFo",
            "_id": "J3hq30i7pCLusP3j"
        },
        {
            "produtos": [
                {
                    "idProduto": "X0XzvRRBX5yuH1s8",
                    "quantidade": "1",
                    "precoUnitario": 707
                }
            ],
            "precoTotal": 707,
            "quantidadeTotal": "01",
            "idUsuario": "sVYbZpcPWgHs0vcK",
            "_id": "OnIPwWATtDMeO1pR"
        },
        {
            "produtos": [
                {
                    "idProduto": "s0frOHMzU7zGOv08",
                    "quantidade": "1",
                    "precoUnitario": 3577
                },
                {
                    "idProduto": "S716XkJkTepiPqtk",
                    "quantidade": "2",
                    "precoUnitario": 1847
                }
            ],
            "precoTotal": 7271,
            "quantidadeTotal": "012",
            "idUsuario": "Pgjh8NcJVwAPUuow",
            "_id": "Q04KuNXPMFFHMpxi"
        },
        {
            "produtos": [
                {
                    "idProduto": "YWedQVpNPS5XLEsz",
                    "quantidade": "1",
                    "precoUnitario": 2000
                }
            ],
            "precoTotal": 2000,
            "quantidadeTotal": "01",
            "idUsuario": "2LU85cOrmbxZO7qF",
            "_id": "YdeIXtdTY1WolU9b"
        },
        {
            "produtos": [
                {
                    "idProduto": "FzHqIto6ssu6X3e5",
                    "quantidade": 40,
                    "precoUnitario": 9665
                }
            ],
            "precoTotal": 386600,
            "quantidadeTotal": 40,
            "idUsuario": "tBRBDp8XFJfjePde",
            "_id": "eMqYz10Fik6Y359Y"
        },
        {
            "produtos": [
                {
                    "idProduto": "PObUdPqgOB94PE8q",
                    "quantidade": "1",
                    "precoUnitario": 3176
                },
                {
                    "idProduto": "nMsrwogzYhjmGJ89",
                    "quantidade": "2",
                    "precoUnitario": 1760
                }
            ],
            "precoTotal": 6696,
            "quantidadeTotal": "012",
            "idUsuario": "CpeVW6bFSV1lAaod",
            "_id": "iUPTDXbAOWxME3o6"
        },
        {
            "produtos": [
                {
                    "idProduto": "5IICFfhJRMU9XH15",
                    "quantidade": 9,
                    "precoUnitario": 1832
                }
            ],
            "precoTotal": 16488,
            "quantidadeTotal": 9,
            "idUsuario": "0iDnPvjv1Ip3REao",
            "_id": "jNs09PWYKhx1Sczu"
        },
        {
            "produtos": [
                {
                    "idProduto": "teJhTnjVh61KLD3e",
                    "quantidade": "1",
                    "precoUnitario": 4767
                }
            ],
            "precoTotal": 4767,
            "quantidadeTotal": "01",
            "idUsuario": "GOg6Su819KoSBkAb",
            "_id": "lCkpeyEgidU5PFKF"
        },
        {
            "produtos": [
                {
                    "idProduto": "6t7p2FSfeZ3oq9hC",
                    "quantidade": "1",
                    "precoUnitario": 1237
                }
            ],
            "precoTotal": 1237,
            "quantidadeTotal": "01",
            "idUsuario": "2cI89MMGPBvdH1LX",
            "_id": "lRWDlQynOhPXW5m4"
        },
        {
            "produtos": [
                {
                    "idProduto": "twlMOAjHK4QgvQZx",
                    "quantidade": "1",
                    "precoUnitario": 1149
                }
            ],
            "precoTotal": 1149,
            "quantidadeTotal": "01",
            "idUsuario": "lkoYGUNMVvvW3bK1",
            "_id": "lc0U6V36da6q11VX"
        },
        {
            "produtos": [
                {
                    "idProduto": "Il1fNcJbHkt4Lkjw",
                    "quantidade": "1",
                    "precoUnitario": 2198
                }
            ],
            "precoTotal": 2198,
            "quantidadeTotal": "01",
            "idUsuario": "tKW9FnDR6ft6k52w",
            "_id": "mcc2vI5SWw862EBr"
        },
        {
            "produtos": [
                {
                    "idProduto": "UtHXNLMKNESAv6P6",
                    "quantidade": "1",
                    "precoUnitario": 2727
                }
            ],
            "precoTotal": 2727,
            "quantidadeTotal": "01",
            "idUsuario": "1i3XUKrplYw20pxJ",
            "_id": "nHnGRZwR7F3eU2BZ"
        },
        {
            "produtos": [
                {
                    "idProduto": "iEA1dHA6I5zSfw9p",
                    "quantidade": "1",
                    "precoUnitario": 26
                }
            ],
            "precoTotal": 26,
            "quantidadeTotal": "01",
            "idUsuario": "xQvRjSucpkQekdVq",
            "_id": "p6K2JbLaDDc0245U"
        },
        {
            "produtos": [
                {
                    "idProduto": "8QCQNCGmaFFHhE6k",
                    "quantidade": "1",
                    "precoUnitario": 875
                },
                {
                    "idProduto": "6yaa6OJMqfvrYcjG",
                    "quantidade": "2",
                    "precoUnitario": 1587
                }
            ],
            "precoTotal": 4049,
            "quantidadeTotal": "012",
            "idUsuario": "1ZHn4fWwGJ2WKCy7",
            "_id": "p86NWg37JXyOWlmp"
        },
        {
            "produtos": [
                {
                    "idProduto": "7qei96gMgYDrpIKK",
                    "quantidade": 43,
                    "precoUnitario": 5144
                }
            ],
            "precoTotal": 221192,
            "quantidadeTotal": 43,
            "idUsuario": "uhaQ5ycUTsRfzjLD",
            "_id": "pGuoecG595OSYBWn"
        },
        {
            "produtos": [
                {
                    "idProduto": "EIzcPOuec6f6FoV1",
                    "quantidade": 40,
                    "precoUnitario": 6419
                }
            ],
            "precoTotal": 256760,
            "quantidadeTotal": 4... (set the log level to DEBUG or TRACE to see the full content) 
 </msg>
<msg time="2025-06-06T05:09:34.599301" level="INFO">/home/cortes/Documents/Compass Estágio/ServeRest_Robot_Docker/venv/lib/python3.12/site-packages/urllib3/connectionpool.py:1097: InsecureRequestWarning: Unverified HTTPS request is being made to host 'compassuol.serverest.dev'. Adding certificate verification is strongly advised. See: https://urllib3.readthedocs.io/en/latest/advanced-usage.html#tls-warnings
  warnings.warn(</msg>
<msg time="2025-06-06T05:09:34.599632" level="INFO">${response} = &lt;Response [200]&gt;</msg>
<var>${response}</var>
<arg>serverest</arg>
<arg>${endpoint}</arg>
<doc>Sends a GET request on a previously created HTTP Session.</doc>
<status status="PASS" start="2025-06-06T05:09:34.404402" elapsed="0.195322"/>
</kw>
<kw name="Log To Console" owner="BuiltIn">
<arg>Response: ${response.content}</arg>
<doc>Logs the given message to the console.</doc>
<status status="PASS" start="2025-06-06T05:09:34.600161" elapsed="0.001359"/>
</kw>
<kw name="Set Global Variable" owner="BuiltIn">
<msg time="2025-06-06T05:09:34.602000" level="INFO">${response} = &lt;Response [200]&gt;</msg>
<arg>${response}</arg>
<doc>Makes a variable available globally in all tests and suites.</doc>
<status status="PASS" start="2025-06-06T05:09:34.601725" elapsed="0.000338"/>
</kw>
<return>
<value>${response}</value>
<status status="PASS" start="2025-06-06T05:09:34.602125" elapsed="0.000050"/>
</return>
<status status="PASS" start="2025-06-06T05:09:34.399151" elapsed="0.203163"/>
</kw>
<kw name="Validar Status Code &quot;200&quot;" owner="common" source_name="Validar Status Code &quot;${statuscode}&quot;">
<kw name="Should Be True" owner="BuiltIn">
<arg>${response.status_code} == ${statuscode}</arg>
<doc>Fails if the given condition is not true.</doc>
<status status="PASS" start="2025-06-06T05:09:34.603132" elapsed="0.002100"/>
</kw>
<status status="PASS" start="2025-06-06T05:09:34.602631" elapsed="0.002713"/>
</kw>
<status status="PASS" start="2025-06-06T05:09:34.398066" elapsed="0.207557"/>
</test>
<test id="s1-t4" name="Listar carrinho específico" line="57">
<kw name="GET /carrinhos" owner="carrinho_keyword">
<kw name="Set Variable" owner="BuiltIn">
<msg time="2025-06-06T05:09:34.607636" level="INFO">${endpoint} = /carrinhos</msg>
<var>${endpoint}</var>
<arg>/carrinhos</arg>
<doc>Returns the given values which can then be assigned to a variables.</doc>
<status status="PASS" start="2025-06-06T05:09:34.607425" elapsed="0.000266"/>
</kw>
<kw name="Set Variable If" owner="BuiltIn">
<msg time="2025-06-06T05:09:34.608954" level="INFO">${endpoint} = /carrinhos/CegUBmkGvOK81yvT</msg>
<var>${endpoint}</var>
<arg>"${id}" != "${EMPTY}"</arg>
<arg>/carrinhos/${id}</arg>
<arg>${endpoint}</arg>
<doc>Sets variable based on the given condition.</doc>
<status status="PASS" start="2025-06-06T05:09:34.607959" elapsed="0.001047"/>
</kw>
<kw name="GET On Session" owner="RequestsLibrary">
<msg time="2025-06-06T05:09:34.773023" level="INFO">GET Request : url=https://compassuol.serverest.dev/carrinhos/CegUBmkGvOK81yvT 
 path_url=/carrinhos/CegUBmkGvOK81yvT 
[...]
<var>${headers}</var>
<arg>Authorization=${token_auth}</arg>
<doc>Creates and returns a dictionary based on the given ``items``.</doc>
<status status="PASS" start="2025-06-06T05:09:36.388305" elapsed="0.000765"/>
</kw>
<kw name="Create Dictionary" owner="BuiltIn">
<msg time="2025-06-06T05:09:36.390109" level="INFO">${produto} = {'idProduto': 'rZpwYzIYJrKFPyGq', 'quantidade': '1'}</msg>
<var>${produto}</var>
<arg>idProduto=${id_produto}</arg>
<arg>quantidade=1</arg>
<doc>Creates and returns a dictionary based on the given ``items``.</doc>
<status status="PASS" start="2025-06-06T05:09:36.389460" elapsed="0.000728"/>
</kw>
<kw name="Create List" owner="BuiltIn">
<msg time="2025-06-06T05:09:36.391399" level="INFO">@{produtos} = [ ]</msg>
<var>@{produtos}</var>
<doc>Returns a list containing given items.</doc>
<status status="PASS" start="2025-06-06T05:09:36.390723" elapsed="0.000811"/>
</kw>
<kw name="Append To List" owner="Collections">
<arg>${produtos}</arg>
<arg>${produto}</arg>
<doc>Adds ``values`` to the end of ``list``.</doc>
<status status="PASS" start="2025-06-06T05:09:36.391964" elapsed="0.000451"/>
</kw>
<kw name="Create Dictionary" owner="BuiltIn">
<msg time="2025-06-06T05:09:36.393239" level="INFO">${payload} = {}</msg>
<var>${payload}</var>
<doc>Creates and returns a dictionary based on the given ``items``.</doc>
<status status="PASS" start="2025-06-06T05:09:36.392794" elapsed="0.000523"/>
</kw>
<kw name="Set To Dictionary" owner="Collections">
<arg>${payload}</arg>
<arg>produtos=${produtos}</arg>
<doc>Adds the given ``key_value_pairs`` and/or ``items`` to the ``dictionary``.</doc>
<status status="PASS" start="2025-06-06T05:09:36.393659" elapsed="0.000543"/>
</kw>
<kw name="POST On Session" owner="RequestsLibrary">
<msg time="2025-06-06T05:09:36.569433" level="INFO">POST Request : url=https://compassuol.serverest.dev/carrinhos 
 path_url=/carrinhos 
 headers={'User-Agent': 'python-requests/2.32.3', 'Accept-Encoding': 'gzip, deflate', 'Accept': '*/*', 'Connection': 'keep-alive', 'Authorization': 'Bearer eyJhbGciOiJIUzI1NiIsInR5cCI6IkpXVCJ9.eyJlbWFpbCI6ImJyb3duYWRhbUBleGFtcGxlLm5ldCIsInBhc3N3b3JkIjoiOUtISVRqemMiLCJpYXQiOjE3NDkxOTczNzYsImV4cCI6MTc0OTE5Nzk3Nn0.ins46r9_0gRl3myccE0BHjJ1KqrX-lVRUjFvzZZ-gqU', 'Content-Length': '68', 'Content-Type': 'application/json'} 
 body=b'{"produtos": [{"idProduto": "rZpwYzIYJrKFPyGq", "quantidade": "1"}]}' 
 </msg>
<msg time="2025-06-06T05:09:36.569700" level="INFO">POST Response : url=https://compassuol.serverest.dev/carrinhos 
 status=201, reason=Created 
 headers={'access-control-allow-origin': '*', 'x-dns-prefetch-control': 'off', 'x-frame-options': 'SAMEORIGIN', 'strict-transport-security': 'max-age=15552000; includeSubDomains', 'x-download-options': 'noopen', 'x-content-type-options': 'nosniff', 'x-xss-protection': '1; mode=block', 'content-type': 'application/json; charset=utf-8', 'x-cloud-trace-context': 'ab4d45794f371487cf89385fd5710c23', 'date': 'Fri, 06 Jun 2025 08:09:36 GMT', 'server': 'Google Frontend', 'Content-Length': '82'} 
 body={
    "message": "Cadastro realizado com sucesso",
    "_id": "CNheb5TfzcNqsXSA"
} 
 </msg>
<msg time="2025-06-06T05:09:36.569939" level="INFO">/home/cortes/Documents/Compass Estágio/ServeRest_Robot_Docker/venv/lib/python3.12/site-packages/urllib3/connectionpool.py:1097: InsecureRequestWarning: Unverified HTTPS request is being made to host 'compassuol.serverest.dev'. Adding certificate verification is strongly advised. See: https://urllib3.readthedocs.io/en/latest/advanced-usage.html#tls-warnings
  warnings.warn(</msg>
<msg time="2025-06-06T05:09:36.570393" level="INFO">${response} = &lt;Response [201]&gt;</msg>
<var>${response}</var>
<arg>serverest</arg>
<arg>/carrinhos</arg>
<arg>json=${payload}</arg>
<arg>headers=${headers}</arg>
<doc>Sends a POST request on a previously created HTTP Session.</doc>
<status status="PASS" start="2025-06-06T05:09:36.394880" elapsed="0.175615"/>
</kw>
<kw name="Log To Console" owner="BuiltIn">
<arg>Response: ${response.content}</arg>
<doc>Logs the given message to the console.</doc>
<status status="PASS" start="2025-06-06T05:09:36.571027" elapsed="0.001549"/>
</kw>
<kw name="Set Global Variable" owner="BuiltIn">
<msg time="2025-06-06T05:09:36.573634" level="INFO">${response} = &lt;Response [201]&gt;</msg>
<arg>${response}</arg>
<doc>Makes a variable available globally in all tests and suites.</doc>
<status status="PASS" start="2025-06-06T05:09:36.573008" elapsed="0.000767"/>
</kw>
<return>
<value>${response}</value>
<status status="PASS" start="2025-06-06T05:09:36.573932" elapsed="0.000102"/>
</return>
<status status="PASS" start="2025-06-06T05:09:36.387569" elapsed="0.186766"/>
</kw>
<kw name="Validar Status Code &quot;201&quot;" owner="common" source_name="Validar Status Code &quot;${statuscode}&quot;">
<kw name="Should Be True" owner="BuiltIn">
<arg>${response.status_code} == ${statuscode}</arg>
<doc>Fails if the given condition is not true.</doc>
<status status="PASS" start="2025-06-06T05:09:36.575604" elapsed="0.004543"/>
</kw>
<status status="PASS" start="2025-06-06T05:09:36.574798" elapsed="0.005679"/>
</kw>
<kw name="Set Variable" owner="BuiltIn">
<msg time="2025-06-06T05:09:36.583751" level="INFO">${id_carrinho} = CNheb5TfzcNqsXSA</msg>
<var>${id_carrinho}</var>
<arg>${response.json()["_id"]}</arg>
<doc>Returns the given values which can then be assigned to a variables.</doc>
<status status="PASS" start="2025-06-06T05:09:36.581200" elapsed="0.002713"/>
</kw>
<kw name="Log To Console" owner="BuiltIn">
<arg>ID do Carrinho Salvo: ${id_carrinho}</arg>
<doc>Logs the given message to the console.</doc>
<status status="PASS" start="2025-06-06T05:09:36.584608" elapsed="0.001794"/>
</kw>
<kw name="Set Global Variable" owner="BuiltIn">
<msg time="2025-06-06T05:09:36.588342" level="INFO">${id_carrinho} = CNheb5TfzcNqsXSA</msg>
<arg>${id_carrinho}</arg>
<doc>Makes a variable available globally in all tests and suites.</doc>
<status status="PASS" start="2025-06-06T05:09:36.587319" elapsed="0.001245"/>
</kw>
<kw name="Set Global Variable" owner="BuiltIn">
<msg time="2025-06-06T05:09:36.590322" level="INFO">${CARRINHO_ID} = CNheb5TfzcNqsXSA</msg>
<arg>${CARRINHO_ID}</arg>
<arg>${id_carrinho}</arg>
<doc>Makes a variable available globally in all tests and suites.</doc>
<status status="PASS" start="2025-06-06T05:09:36.589276" elapsed="0.001258"/>
</kw>
<return>
<value>${id_carrinho}</value>
<status status="PASS" start="2025-06-06T05:09:36.590770" elapsed="0.000165"/>
</return>
<status status="PASS" start="2025-06-06T05:09:36.386636" elapsed="0.204960"/>
</kw>
<kw name="Cancelar Compra e Validar">
<kw name="DELETE /carrinhos sem produtos" owner="carrinho_keyword">
<kw name="Create Dictionary" owner="BuiltIn">
<msg time="2025-06-06T05:09:36.596266" level="INFO">&amp;{header} = { Authorization=Bearer eyJhbGciOiJIUzI1NiIsInR5cCI6IkpXVCJ9.eyJlbWFpbCI6ImJyb3duYWRhbUBleGFtcGxlLm5ldCIsInBhc3N3b3JkIjoiOUtISVRqemMiLCJpYXQiOjE3NDkxOTczNzYsImV4cCI6MTc0OTE5Nzk3Nn0.ins46r9_0gRl3myccE0B...</msg>
<var>&amp;{header}</var>
<arg>Authorization=${token_auth}</arg>
<doc>Creates and returns a dictionary based on the given ``items``.</doc>
<status status="PASS" start="2025-06-06T05:09:36.595046" elapsed="0.001386"/>
</kw>
<kw name="DELETE On Session" owner="RequestsLibrary">
<msg time="2025-06-06T05:09:36.772876" level="INFO">DELETE Request : url=https://compassuol.serverest.dev/carrinhos/cancelar-compra 
 path_url=/carrinhos/cancelar-compra 
 headers={'User-Agent': 'python-requests/2.32.3', 'Accept-Encoding': 'gzip, deflate', 'Accept': '*/*', 'Connection': 'keep-alive', 'Authorization': 'Bearer eyJhbGciOiJIUzI1NiIsInR5cCI6IkpXVCJ9.eyJlbWFpbCI6ImJyb3duYWRhbUBleGFtcGxlLm5ldCIsInBhc3N3b3JkIjoiOUtISVRqemMiLCJpYXQiOjE3NDkxOTczNzYsImV4cCI6MTc0OTE5Nzk3Nn0.ins46r9_0gRl3myccE0BHjJ1KqrX-lVRUjFvzZZ-gqU', 'Content-Length': '0'} 
 body=None 
 </msg>
<msg time="2025-06-06T05:09:36.773138" level="INFO">DELETE Response : url=https://compassuol.serverest.dev/carrinhos/cancelar-compra 
 status=200, reason=OK 
 headers={'access-control-allow-origin': '*', 'x-dns-prefetch-control': 'off', 'x-frame-options': 'SAMEORIGIN', 'strict-transport-security': 'max-age=15552000; includeSubDomains', 'x-download-options': 'noopen', 'x-content-type-options': 'nosniff', 'x-xss-protection': '1; mode=block', 'content-type': 'application/json; charset=utf-8', 'x-cloud-trace-context': '229af14d0fdfd2bacf89385fd5710622', 'date': 'Fri, 06 Jun 2025 08:09:36 GMT', 'server': 'Google Frontend', 'Content-Length': '86'} 
 body={
    "message": "Registro excluído com sucesso. Estoque dos produtos reabastecido"
} 
 </msg>
<msg time="2025-06-06T05:09:36.773327" level="INFO">/home/cortes/Documents/Compass Estágio/ServeRest_Robot_Docker/venv/lib/python3.12/site-packages/urllib3/connectionpool.py:1097: InsecureRequestWarning: Unverified HTTPS request is being made to host 'compassuol.serverest.dev'. Adding certificate verification is strongly advised. See: https://urllib3.readthedocs.io/en/latest/advanced-usage.html#tls-warnings
  warnings.warn(</msg>
<msg time="2025-06-06T05:09:36.773680" level="INFO">${response} = &lt;Response [200]&gt;</msg>
<var>${response}</var>
<arg>serverest</arg>
<arg>/carrinhos/cancelar-compra</arg>
<arg>headers=${header}</arg>
<doc>Sends a DELETE request on a previously created HTTP Session.</doc>
<status status="PASS" start="2025-06-06T05:09:36.597176" elapsed="0.176594"/>
</kw>
<kw name="Log To Console" owner="BuiltIn">
<arg>Response: ${response.content}</arg>
<doc>Logs the given message to the console.</doc>
<status status="PASS" start="2025-06-06T05:09:36.774276" elapsed="0.001511"/>
</kw>
<kw name="Set Global Variable" owner="BuiltIn">
<msg time="2025-06-06T05:09:36.776840" level="INFO">${response} = &lt;Response [200]&gt;</msg>
<arg>${response}</arg>
<doc>Makes a variable available globally in all tests and suites.</doc>
<status status="PASS" start="2025-06-06T05:09:36.776217" elapsed="0.000785"/>
</kw>
<return>
<value>${response}</value>
<status status="PASS" start="2025-06-06T05:09:36.777141" elapsed="0.000102"/>
</return>
<status status="PASS" start="2025-06-06T05:09:36.593797" elapsed="0.183746"/>
</kw>
<kw name="Validar Status Code &quot;200&quot;" owner="common" source_name="Validar Status Code &quot;${statuscode}&quot;">
<kw name="Should Be True" owner="BuiltIn">
<arg>${response.status_code} == ${statuscode}</arg>
<doc>Fails if the given condition is not true.</doc>
<status status="PASS" start="2025-06-06T05:09:36.778814" elapsed="0.002802"/>
</kw>
<status status="PASS" start="2025-06-06T05:09:36.778026" elapsed="0.003810"/>
</kw>
<kw name="Validar Se Mensagem Contem &quot;Registro excluído com sucesso&quot;" owner="common" source_name="Validar Se Mensagem Contem &quot;${palavra}&quot;">
<kw name="Should Contain" owner="BuiltIn">
<arg>${response.json()["message"]}</arg>
<arg>${palavra}</arg>
<doc>Fails if ``container`` does not contain ``item`` one or more times.</doc>
<status status="PASS" start="2025-06-06T05:09:36.783302" elapsed="0.001411"/>
</kw>
<status status="PASS" start="2025-06-06T05:09:36.782379" elapsed="0.002568"/>
</kw>
<status status="PASS" start="2025-06-06T05:09:36.592386" elapsed="0.192719"/>
</kw>
<status status="PASS" start="2025-06-06T05:09:35.797616" elapsed="0.987869"/>
</test>
<kw name="Teardown Test Suite" type="TEARDOWN">
<kw name="Delete All Sessions" owner="RequestsLibrary">
<msg time="2025-06-06T05:09:36.787744" level="INFO">Deleting All Sessions</msg>
<doc>Removes all the session objects</doc>
<status status="PASS" start="2025-06-06T05:09:36.787522" elapsed="0.000477"/>
</kw>
<kw name="Log" owner="BuiltIn">
<msg time="2025-06-06T05:09:36.788653" level="INFO">Finalizando suite de testes de carrinhos</msg>
<arg>Finalizando suite de testes de carrinhos</arg>
<doc>Logs the given message with the given level.</doc>
<status status="PASS" start="2025-06-06T05:09:36.788379" elapsed="0.000414"/>
</kw>
<status status="PASS" start="2025-06-06T05:09:36.786935" elapsed="0.002056"/>
</kw>
<doc>Arquivo de testes para endpoint de carrinhos</doc>
<status status="PASS" start="2025-06-06T05:09:32.095375" elapsed="4.693711"/>
</suite>
<statistics>
<total>
<stat pass="6" fail="0" skip="0">All Tests</stat>
</total>
<tag>
</tag>
<suite>
<stat name="Carrinhos Tests" id="s1" pass="6" fail="0" skip="0">Carrinhos Tests</stat>
</suite>
</statistics>
<errors>
<msg time="2025-06-06T05:09:32.127252" level="WARN">Error in file '/home/cortes/Documents/Compass Estágio/ServeRest_Robot_Docker/Keywords/carrinho_keyword.robot' on line 26: The '[Return]' setting is deprecated. Use the 'RETURN' statement instead.</msg>
<msg time="2025-06-06T05:09:32.127509" level="WARN">Error in file '/home/cortes/Documents/Compass Estágio/ServeRest_Robot_Docker/Keywords/carrinho_keyword.robot' on line 35: The '[Return]' setting is deprecated. Use the 'RETURN' statement instead.</msg>
<msg time="2025-06-06T05:09:32.127671" level="WARN">Error in file '/home/cortes/Documents/Compass Estágio/ServeRest_Robot_Docker/Keywords/carrinho_keyword.robot' on line 43: The '[Return]' setting is deprecated. Use the 'RETURN' statement instead.</msg>
<msg time="2025-06-06T05:09:32.127922" level="WARN">Error in file '/home/cortes/Documents/Compass Estágio/ServeRest_Robot_Docker/Keywords/carrinho_keyword.robot' on line 58: The '[Return]' setting is deprecated. Use the 'RETURN' statement instead.</msg>
<msg time="2025-06-06T05:09:32.128220" level="WARN">Error in file '/home/cortes/Documents/Compass Estágio/ServeRest_Robot_Docker/Keywords/carrinho_keyword.robot' on line 67: The '[Return]' setting is deprecated. Use the 'RETURN' statement instead.</msg>
<msg time="2025-06-06T05:09:32.129987" level="WARN">Error in file '/home/cortes/Documents/Compass Estágio/ServeRest_Robot_Docker/support/base.robot' on line 19: The '[Return]' setting is deprecated. Use the 'RETURN' statement instead.</msg>
<msg time="2025-06-06T05:09:32.228599" level="WARN">Error in file '/home/cortes/Documents/Compass Estágio/ServeRest_Robot_Docker/support/common/common.robot' on line 18: The '[Return]' setting is deprecated. Use the 'RETURN' statement instead.</msg>
<msg time="2025-06-06T05:09:32.233282" level="WARN">Error in file '/home/cortes/Documents/Compass Estágio/ServeRest_Robot_Docker/support/fixtures/dynamics.robot' on line 19: The '[Return]' setting is deprecated. Use the 'RETURN' statement instead.</msg>
<msg time="2025-06-06T05:09:32.233711" level="WARN">Error in file '/home/cortes/Documents/Compass Estágio/ServeRest_Robot_Docker/support/fixtures/dynamics.robot' on line 41: The '[Return]' setting is deprecated. Use the 'RETURN' statement instead.</msg>
<msg time="2025-06-06T05:09:32.233912" level="WARN">Error in file '/home/cortes/Documents/Compass Estágio/ServeRest_Robot_Docker/support/fixtures/dynamics.robot' on line 50: The '[Return]' setting is deprecated. Use the 'RETURN' statement instead.</msg>
<msg time="2025-06-06T05:09:32.450710" level="WARN">Error in file '/home/cortes/Documents/Compass Estágio/ServeRest_Robot_Docker/Keywords/login_keyword.robot' on line 15: The '[Return]' setting is deprecated. Use the 'RETURN' statement instead.</msg>
<msg time="2025-06-06T05:09:32.450986" level="WARN">Error in file '/home/cortes/Documents/Compass Estágio/ServeRest_Robot_Docker/Keywords/login_keyword.robot' on line 26: The '[Return]' setting is deprecated. Use the 'RETURN' statement instead.</msg>
<msg time="2025-06-06T05:09:32.451398" level="WARN">Error in file '/home/cortes/Documents/Compass Estágio/ServeRest_Robot_Docker/Keywords/login_keyword.robot' on line 42: The '[Return]' setting is deprecated. Use the 'RETURN' statement instead.</msg>
<msg time="2025-06-06T05:09:32.477003" level="WARN">Error in file '/home/cortes/Documents/Compass Estágio/ServeRest_Robot_Docker/Keywords/produtos_keyword.robot' on line 18: The '[Return]' setting is deprecated. Use the 'RETURN' statement instead.</msg>
<msg time="2025-06-06T05:09:32.477366" level="WARN">Error in file '/home/cortes/Documents/Compass Estágio/ServeRest_Robot_Docker/Keywords/produtos_keyword.robot' on line 27: The '[Return]' setting is deprecated. Use the 'RETURN' statement instead.</msg>
<msg time="2025-06-06T05:09:32.477745" level="WARN">Error in file '/home/cortes/Documents/Compass Estágio/ServeRest_Robot_Docker/Keywords/produtos_keyword.robot' on line 39: The '[Return]' setting is deprecated. Use the 'RETURN' statement instead.</msg>
<msg time="2025-06-06T05:09:32.478039" level="WARN">Error in file '/home/cortes/Documents/Compass Estágio/ServeRest_Robot_Docker/Keywords/produtos_keyword.robot' on line 47: The '[Return]' setting is deprecated. Use the 'RETURN' statement instead.</msg>
<msg time="2025-06-06T05:09:32.478364" level="WARN">Error in file '/home/cortes/Documents/Compass Estágio/ServeRest_Robot_Docker/Keywords/produtos_keyword.robot' on line 61: The '[Return]' setting is deprecated. Use the 'RETURN' statement instead.</msg>
<msg time="2025-06-06T05:09:32.478527" level="WARN">Error in file '/home/cortes/Documents/Compass Estágio/ServeRest_Robot_Docker/Keywords/produtos_keyword.robot' on line 67: The '[Return]' setting is deprecated. Use the 'RETURN' statement instead.</msg>
<msg time="2025-06-06T05:09:32.478708" level="WARN">Error in file '/home/cortes/Documents/Compass Estágio/ServeRest_Robot_Docker/Keywords/produtos_keyword.robot' on line 74: The '[Return]' setting is deprecated. Use the 'RETURN' statement instead.</msg>
<msg time="2025-06-06T05:09:32.478880" level="WARN">Error in file '/home/cortes/Documents/Compass Estágio/ServeRest_Robot_Docker/Keywords/produtos_keyword.robot' on line 85: The '[Return]' setting is deprecated. Use the 'RETURN' statement instead.</msg>
<msg time="2025-06-06T05:09:32.483437" level="WARN">Error in file '/home/cortes/Documents/Compass Estágio/ServeRest_Robot_Docker/Keywords/usuarios_keyword.robot' on line 16: The '[Return]' setting is deprecated. Use the 'RETURN' statement instead.</msg>
<msg time="2025-06-06T05:09:32.483673" level="WARN">Error in file '/home/cortes/Documents/Compass Estágio/ServeRest_Robot_Docker/Keywords/usuarios_keyword.robot' on line 23: The '[Return]' setting is deprecated. Use the 'RETURN' statement instead.</msg>
<msg time="2025-06-06T05:09:32.483811" level="WARN">Error in file '/home/cortes/Documents/Compass Estágio/ServeRest_Robot_Docker/Keywords/usuarios_keyword.robot' on line 28: The '[Return]' setting is deprecated. Use the 'RETURN' statement instead.</msg>
<msg time="2025-06-06T05:09:32.484009" level="WARN">Error in file '/home/cortes/Documents/Compass Estágio/ServeRest_Robot_Docker/Keywords/usuarios_keyword.robot' on line 34: The '[Return]' setting is deprecated. Use the 'RETURN' statement instead.</msg>
<msg time="2025-06-06T05:09:32.484206" level="WARN">Error in file '/home/cortes/Documents/Compass Estágio/ServeRest_Robot_Docker/Keywords/usuarios_keyword.robot' on line 40: The '[Return]' setting is deprecated. Use the 'RETURN' statement instead.</msg>
<msg time="2025-06-06T05:09:32.484538" level="WARN">Error in file '/home/cortes/Documents/Compass Estágio/ServeRest_Robot_Docker/Keywords/usuarios_keyword.robot' on line 51: The '[Return]' setting is deprecated. Use the 'RETURN' statement instead.</msg>
<msg time="2025-06-06T05:09:32.484789" level="WARN">Error in file '/home/cortes/Documents/Compass Estágio/ServeRest_Robot_Docker/Keywords/usuarios_keyword.robot' on line 62: The '[Return]' setting is deprecated. Use the 'RETURN' statement instead.</msg>
<msg time="2025-06-06T05:09:32.485052" level="WARN">Error in file '/home/cortes/Documents/Compass Estágio/ServeRest_Robot_Docker/Keywords/usuarios_keyword.robot' on line 73: The '[Return]' setting is deprecated. Use the 'RETURN' statement instead.</msg>
</errors>
</robot>
