<?xml version="1.0" encoding="UTF-8"?>
<robot generator="Robot 6.1.1 (Python 3.10.18 on linux)" generated="20250606 17:13:17.392" rpa="false" schemaversion="4">
<suite id="s1" name="Tests" source="/app/tests">
<suite id="s1-s1" name="BUGs" source="/app/tests/BUGs">
<suite id="s1-s1-s1" name="ConcorrenciaCarrinho" source="/app/tests/BUGs/ConcorrenciaCarrinho.robot">
<test id="s1-s1-s1-t1" name="Tentar criar dois carrinhos com mesmo usuário" line="8">
<kw name="Criar Sessão" library="base">
<kw name="Create Session" library="RequestsLibrary">
<arg>serverest</arg>
<arg>${BASE_URL}</arg>
<doc>Create Session: create a HTTP session to a server</doc>
<msg timestamp="20250606 17:13:18.047" level="INFO">Creating Session using : alias=serverest, url=http://localhost:3000/, headers={},                     cookies={}, auth=None, timeout=None, proxies=None, verify=False,                     debug=0 </msg>
<status status="PASS" starttime="20250606 17:13:18.046" endtime="20250606 17:13:18.047"/>
</kw>
<kw name="Set Global Variable" library="BuiltIn">
<arg>${BASE_URL}</arg>
<doc>Makes a variable available globally in all tests and suites.</doc>
<msg timestamp="20250606 17:13:18.047" level="INFO">${BASE_URL} = http://localhost:3000/</msg>
<status status="PASS" starttime="20250606 17:13:18.047" endtime="20250606 17:13:18.048"/>
</kw>
<status status="PASS" starttime="20250606 17:13:18.046" endtime="20250606 17:13:18.048"/>
</kw>
<kw name="Configurar Usuario e Login" library="login_keyword">
<kw name="Criar Usuario Dinamico" library="login_keyword">
<kw name="Name" library="FakerLibrary">
<var>${nome}</var>
<doc>:example: 'John Doe'</doc>
<msg timestamp="20250606 17:13:18.050" level="INFO">${nome} = Brett Johnson</msg>
<status status="PASS" starttime="20250606 17:13:18.048" endtime="20250606 17:13:18.050"/>
</kw>
<kw name="Email" library="FakerLibrary">
<var>${email}</var>
<msg timestamp="20250606 17:13:18.050" level="INFO">${email} = jfrye@example.com</msg>
<status status="PASS" starttime="20250606 17:13:18.050" endtime="20250606 17:13:18.050"/>
</kw>
<kw name="Password" library="FakerLibrary">
<var>${password}</var>
<arg>length=8</arg>
<doc>Generate a random password of the specified ``length``.</doc>
<msg timestamp="20250606 17:13:18.051" level="INFO">${password} = %9Hp^OUu</msg>
<status status="PASS" starttime="20250606 17:13:18.050" endtime="20250606 17:13:18.051"/>
</kw>
<kw name="Create Dictionary" library="BuiltIn">
<var>&amp;{payload}</var>
<arg>nome=${nome}</arg>
<arg>email=${email}</arg>
<arg>password=${password}</arg>
<arg>administrador=true</arg>
<doc>Creates and returns a dictionary based on the given ``items``.</doc>
<msg timestamp="20250606 17:13:18.052" level="INFO">&amp;{payload} = { nome=Brett Johnson | email=jfrye@example.com | password=%9Hp^OUu | administrador=true }</msg>
<status status="PASS" starttime="20250606 17:13:18.051" endtime="20250606 17:13:18.052"/>
</kw>
<kw name="Log To Console" library="BuiltIn">
<arg>Usuário criado: ${payload}</arg>
<doc>Logs the given message to the console.</doc>
<status status="PASS" starttime="20250606 17:13:18.052" endtime="20250606 17:13:18.052"/>
</kw>
<kw name="POST On Session" library="RequestsLibrary">
<var>${response}</var>
<arg>serverest</arg>
<arg>/usuarios</arg>
<arg>json=${payload}</arg>
<arg>expected_status=any</arg>
<doc>Sends a POST request on a previously created HTTP Session.</doc>
<msg timestamp="20250606 17:13:18.072" level="INFO">POST Request : url=http://localhost:3000/usuarios 
 path_url=/usuarios 
 headers={'User-Agent': 'python-requests/2.31.0', 'Accept-Encoding': 'gzip, deflate', 'Accept': '*/*', 'Connection': 'keep-alive', 'Content-Length': '104', 'Content-Type': 'application/json'} 
 body=b'{"nome": "Brett Johnson", "email": "jfrye@example.com", "password": "%9Hp^OUu", "administrador": "true"}' 
 </msg>
<msg timestamp="20250606 17:13:18.072" level="INFO">POST Response : url=http://localhost:3000/usuarios 
 status=201, reason=Created 
 headers={'Access-Control-Allow-Origin': '*', 'x-dns-prefetch-control': 'off', 'x-frame-options': 'SAMEORIGIN', 'strict-transport-security': 'max-age=15552000; includeSubDomains', 'x-download-options': 'noopen', 'x-content-type-options': 'nosniff', 'x-xss-protection': '1; mode=block', 'Content-Type': 'application/json; charset=utf-8', 'Content-Length': '82', 'Date': 'Fri, 06 Jun 2025 17:13:18 GMT', 'Connection': 'keep-alive', 'Keep-Alive': 'timeout=5'} 
 body={
    "message": "Cadastro realizado com sucesso",
    "_id": "r0XHNcAwVv2B9Ehq"
} 
 </msg>
<msg timestamp="20250606 17:13:18.073" level="INFO">${response} = &lt;Response [201]&gt;</msg>
<status status="PASS" starttime="20250606 17:13:18.053" endtime="20250606 17:13:18.073"/>
</kw>
<kw name="Log To Console" library="BuiltIn">
<arg>Resposta da criação: ${response.content}</arg>
<doc>Logs the given message to the console.</doc>
<status status="PASS" starttime="20250606 17:13:18.073" endtime="20250606 17:13:18.074"/>
</kw>
<kw name="Set Global Variable" library="BuiltIn">
<arg>${response}</arg>
<doc>Makes a variable available globally in all tests and suites.</doc>
<msg timestamp="20250606 17:13:18.075" level="INFO">${response} = &lt;Response [201]&gt;</msg>
<status status="PASS" starttime="20250606 17:13:18.074" endtime="20250606 17:13:18.075"/>
</kw>
<kw name="Set Global Variable" library="BuiltIn">
<arg>${DYNAMIC_EMAIL}</arg>
<arg>${email}</arg>
<doc>Makes a variable available globally in all tests and suites.</doc>
<msg timestamp="20250606 17:13:18.076" level="INFO">${DYNAMIC_EMAIL} = jfrye@example.com</msg>
<status status="PASS" starttime="20250606 17:13:18.075" endtime="20250606 17:13:18.076"/>
</kw>
<kw name="Set Global Variable" library="BuiltIn">
<arg>${DYNAMIC_PASSWORD}</arg>
<arg>${password}</arg>
<doc>Makes a variable available globally in all tests and suites.</doc>
<msg timestamp="20250606 17:13:18.077" level="INFO">${DYNAMIC_PASSWORD} = %9Hp^OUu</msg>
<status status="PASS" starttime="20250606 17:13:18.076" endtime="20250606 17:13:18.077"/>
</kw>
<kw name="Run Keyword If" library="BuiltIn">
<arg>${response.status_code} == 201</arg>
<arg>Set Global Variable</arg>
<arg>${USUARIO_ID}</arg>
<arg>${response.json()["_id"]}</arg>
<doc>Runs the given keyword with the given arguments, if ``condition`` is true.</doc>
<kw name="Set Global Variable" library="BuiltIn">
<arg>${USUARIO_ID}</arg>
<arg>${response.json()["_id"]}</arg>
<doc>Makes a variable available globally in all tests and suites.</doc>
<msg timestamp="20250606 17:13:18.080" level="INFO">${USUARIO_ID} = r0XHNcAwVv2B9Ehq</msg>
<status status="PASS" starttime="20250606 17:13:18.079" endtime="20250606 17:13:18.080"/>
</kw>
<status status="PASS" starttime="20250606 17:13:18.077" endtime="20250606 17:13:18.080"/>
</kw>
<status status="PASS" starttime="20250606 17:13:18.048" endtime="20250606 17:13:18.080"/>
</kw>
<kw name="Fazer login com usuario Dinamico e Armazenar Token" library="login_keyword">
<kw name="Create Dictionary" library="BuiltIn">
<var>&amp;{payload}</var>
<arg>email=${DYNAMIC_EMAIL}</arg>
<arg>password=${DYNAMIC_PASSWORD}</arg>
<doc>Creates and returns a dictionary based on the given ``items``.</doc>
<msg timestamp="20250606 17:13:18.081" level="INFO">&amp;{payload} = { email=jfrye@example.com | password=%9Hp^OUu }</msg>
<status status="PASS" starttime="20250606 17:13:18.081" endtime="20250606 17:13:18.081"/>
</kw>
<kw name="Log To Console" library="BuiltIn">
<arg>Tentando login com: ${payload}</arg>
<doc>Logs the given message to the console.</doc>
<status status="PASS" starttime="20250606 17:13:18.081" endtime="20250606 17:13:18.082"/>
</kw>
<kw name="POST On Session" library="RequestsLibrary">
<var>${response}</var>
<arg>serverest</arg>
<arg>/login</arg>
<arg>json=${payload}</arg>
<arg>expected_status=any</arg>
<doc>Sends a POST request on a previously created HTTP Session.</doc>
<msg timestamp="20250606 17:13:18.091" level="INFO">POST Request : url=http://localhost:3000/login 
 path_url=/login 
 headers={'User-Agent': 'python-requests/2.31.0', 'Accept-Encoding': 'gzip, deflate', 'Accept': '*/*', 'Connection': 'keep-alive', 'Content-Length': '54', 'Content-Type': 'application/json'} 
 body=b'{"email": "jfrye@example.com", "password": "%9Hp^OUu"}' 
 </msg>
<msg timestamp="20250606 17:13:18.091" level="INFO">POST Response : url=http://localhost:3000/login 
 status=200, reason=OK 
 headers={'Access-Control-Allow-Origin': '*', 'x-dns-prefetch-control': 'off', 'x-frame-options': 'SAMEORIGIN', 'strict-transport-security': 'max-age=15552000; includeSubDomains', 'x-download-options': 'noopen', 'x-content-type-options': 'nosniff', 'x-xss-protection': '1; mode=block', 'Content-Type': 'application/json; charset=utf-8', 'Content-Length': '275', 'Date': 'Fri, 06 Jun 2025 17:13:18 GMT', 'Connection': 'keep-alive', 'Keep-Alive': 'timeout=5'} 
 body={
    "message": "Login realizado com sucesso",
    "authorization": "Bearer eyJhbGciOiJIUzI1NiIsInR5cCI6IkpXVCJ9.eyJlbWFpbCI6ImpmcnllQGV4YW1wbGUuY29tIiwicGFzc3dvcmQiOiIlOUhwXk9VdSIsImlhdCI6MTc0OTIyOTk5OCwiZXhwIjoxNzQ5MjMwNTk4fQ.0ul0SP56MjaNh4dTRZubWlyOxTgrs0eVft87A0eJ5NM"
} 
 </msg>
<msg timestamp="20250606 17:13:18.091" level="INFO">${response} = &lt;Response [200]&gt;</msg>
<status status="PASS" starttime="20250606 17:13:18.082" endtime="20250606 17:13:18.091"/>
</kw>
<kw name="Log To Console" library="BuiltIn">
<arg>Response: ${response.content}</arg>
<doc>Logs the given message to the console.</doc>
<status status="PASS" starttime="20250606 17:13:18.092" endtime="20250606 17:13:18.093"/>
</kw>
<kw name="Set Global Variable" library="BuiltIn">
<arg>${response}</arg>
<doc>Makes a variable available globally in all tests and suites.</doc>
<msg timestamp="20250606 17:13:18.093" level="INFO">${response} = &lt;Response [200]&gt;</msg>
<status status="PASS" starttime="20250606 17:13:18.093" endtime="20250606 17:13:18.093"/>
</kw>
<kw name="Run Keyword If" library="BuiltIn">
<arg>${response.status_code} == 200</arg>
<arg>Capturar token</arg>
<arg>${response}</arg>
<doc>Runs the given keyword with the given arguments, if ``condition`` is true.</doc>
<kw name="Capturar token" library="login_keyword">
<arg>${response}</arg>
<kw name="Set Variable" library="BuiltIn">
<var>${token}</var>
<arg>${resp.json()['authorization']}</arg>
<doc>Returns the given values which can then be assigned to a variables.</doc>
<msg timestamp="20250606 17:13:18.096" level="INFO">${token} = Bearer eyJhbGciOiJIUzI1NiIsInR5cCI6IkpXVCJ9.eyJlbWFpbCI6ImpmcnllQGV4YW1wbGUuY29tIiwicGFzc3dvcmQiOiIlOUhwXk9VdSIsImlhdCI6MTc0OTIyOTk5OCwiZXhwIjoxNzQ5MjMwNTk4fQ.0ul0SP56MjaNh4dTRZubWlyOxTgrs0eVft87A0eJ5...</msg>
<status status="PASS" starttime="20250606 17:13:18.095" endtime="20250606 17:13:18.096"/>
</kw>
<kw name="Log To Console" library="BuiltIn">
<arg>Token: ${token}</arg>
<doc>Logs the given message to the console.</doc>
<status status="PASS" starttime="20250606 17:13:18.096" endtime="20250606 17:13:18.096"/>
</kw>
<kw name="Set Global Variable" library="BuiltIn">
<arg>${token_auth}</arg>
<arg>${token}</arg>
<doc>Makes a variable available globally in all tests and suites.</doc>
<msg timestamp="20250606 17:13:18.097" level="INFO">${token_auth} = Bearer eyJhbGciOiJIUzI1NiIsInR5cCI6IkpXVCJ9.eyJlbWFpbCI6ImpmcnllQGV4YW1wbGUuY29tIiwicGFzc3dvcmQiOiIlOUhwXk9VdSIsImlhdCI6MTc0OTIyOTk5OCwiZXhwIjoxNzQ5MjMwNTk4fQ.0ul0SP56MjaNh4dTRZubWlyOxTgrs0eVft87A0eJ5...</msg>
<status status="PASS" starttime="20250606 17:13:18.096" endtime="20250606 17:13:18.097"/>
</kw>
<kw name="Configurar Autenticação" library="base">
<arg>${token}</arg>
<kw name="Create Dictionary" library="BuiltIn">
<var>&amp;{header}</var>
<arg>authorization=${auth_token}</arg>
<doc>Creates and returns a dictionary based on the given ``items``.</doc>
<msg timestamp="20250606 17:13:18.098" level="INFO">&amp;{header} = { authorization=Bearer eyJhbGciOiJIUzI1NiIsInR5cCI6IkpXVCJ9.eyJlbWFpbCI6ImpmcnllQGV4YW1wbGUuY29tIiwicGFzc3dvcmQiOiIlOUhwXk9VdSIsImlhdCI6MTc0OTIyOTk5OCwiZXhwIjoxNzQ5MjMwNTk4fQ.0ul0SP56MjaNh4dTRZubWlyOx...</msg>
<status status="PASS" starttime="20250606 17:13:18.098" endtime="20250606 17:13:18.098"/>
</kw>
<kw name="Set Global Variable" library="BuiltIn">
<arg>${HEADERS}</arg>
<arg>${header}</arg>
<doc>Makes a variable available globally in all tests and suites.</doc>
<msg timestamp="20250606 17:13:18.100" level="INFO">${HEADERS} = {'authorization': 'Bearer eyJhbGciOiJIUzI1NiIsInR5cCI6IkpXVCJ9.eyJlbWFpbCI6ImpmcnllQGV4YW1wbGUuY29tIiwicGFzc3dvcmQiOiIlOUhwXk9VdSIsImlhdCI6MTc0OTIyOTk5OCwiZXhwIjoxNzQ5MjMwNTk4fQ.0ul0SP56MjaNh4dTRZubWl...</msg>
<status status="PASS" starttime="20250606 17:13:18.099" endtime="20250606 17:13:18.100"/>
</kw>
<status status="PASS" starttime="20250606 17:13:18.097" endtime="20250606 17:13:18.100"/>
</kw>
<status status="PASS" starttime="20250606 17:13:18.094" endtime="20250606 17:13:18.101"/>
</kw>
<status status="PASS" starttime="20250606 17:13:18.093" endtime="20250606 17:13:18.101"/>
</kw>
<status status="PASS" starttime="20250606 17:13:18.080" endtime="20250606 17:13:18.101"/>
</kw>
<status status="PASS" starttime="20250606 17:13:18.048" endtime="20250606 17:13:18.101"/>
</kw>
<kw name="Criar Produto Dinamico" library="produtos_keyword">
<kw name="POST /produtos_dinamicos" library="dynamics">
<kw name="Create Dictionary" library="BuiltIn">
<var>${headers}</var>
<arg>Authorization=${token_auth}</arg>
<doc>Creates and returns a dictionary based on the given ``items``.</doc>
<msg timestamp="20250606 17:13:18.102" level="INFO">${headers} = {'Authorization': 'Bearer eyJhbGciOiJIUzI1NiIsInR5cCI6IkpXVCJ9.eyJlbWFpbCI6ImpmcnllQGV4YW1wbGUuY29tIiwicGFzc3dvcmQiOiIlOUhwXk9VdSIsImlhdCI6MTc0OTIyOTk5OCwiZXhwIjoxNzQ5MjMwNTk4fQ.0ul0SP56MjaNh4dTRZubWl...</msg>
<status status="PASS" starttime="20250606 17:13:18.102" endtime="20250606 17:13:18.102"/>
</kw>
<kw name="Criar Dados Produto Aleatorio" library="dynamics">
<var>${payload}</var>
<kw name="Word" library="FakerLibrary">
<var>${nome_produto}</var>
<doc>Generate a word.</doc>
<msg timestamp="20250606 17:13:18.103" level="INFO">${nome_produto} = better</msg>
<status status="PASS" starttime="20250606 17:13:18.103" endtime="20250606 17:13:18.103"/>
</kw>
<kw name="Sentence" library="FakerLibrary">
<var>${descricao}</var>
<arg>nb_words=10</arg>
<doc>Generate a sentence.</doc>
<msg timestamp="20250606 17:13:18.104" level="INFO">${descricao} = About find west wish police claim.</msg>
<status status="PASS" starttime="20250606 17:13:18.103" endtime="20250606 17:13:18.104"/>
</kw>
<kw name="Evaluate" library="BuiltIn">
<var>${preco}</var>
<arg>random.randint(10, 5000)</arg>
<doc>Evaluates the given expression in Python and returns the result.</doc>
<msg timestamp="20250606 17:13:18.104" level="INFO">${preco} = 2616</msg>
<status status="PASS" starttime="20250606 17:13:18.104" endtime="20250606 17:13:18.104"/>
</kw>
<kw name="Evaluate" library="BuiltIn">
<var>${quantidade}</var>
<arg>random.randint(1, 100)</arg>
<doc>Evaluates the given expression in Python and returns the result.</doc>
<msg timestamp="20250606 17:13:18.105" level="INFO">${quantidade} = 69</msg>
<status status="PASS" starttime="20250606 17:13:18.104" endtime="20250606 17:13:18.105"/>
</kw>
<kw name="Create Dictionary" library="BuiltIn">
<var>${payload}</var>
<arg>nome=Produto ${nome_produto}</arg>
<arg>preco=${preco}</arg>
<arg>descricao=${descricao}</arg>
<arg>quantidade=${quantidade}</arg>
<doc>Creates and returns a dictionary based on the given ``items``.</doc>
<msg timestamp="20250606 17:13:18.106" level="INFO">${payload} = {'nome': 'Produto better', 'preco': 2616, 'descricao': 'About find west wish police claim.', 'quantidade': 69}</msg>
<status status="PASS" starttime="20250606 17:13:18.105" endtime="20250606 17:13:18.106"/>
</kw>
<kw name="Log To Console" library="BuiltIn">
<arg>Produto criado: ${payload}</arg>
<doc>Logs the given message to the console.</doc>
<status status="PASS" starttime="20250606 17:13:18.106" endtime="20250606 17:13:18.107"/>
</kw>
<msg timestamp="20250606 17:13:18.107" level="INFO">${payload} = {'nome': 'Produto better', 'preco': 2616, 'descricao': 'About find west wish police claim.', 'quantidade': 69}</msg>
<status status="PASS" starttime="20250606 17:13:18.103" endtime="20250606 17:13:18.107"/>
</kw>
<kw name="POST On Session" library="RequestsLibrary">
<var>${response}</var>
<arg>serverest</arg>
<arg>/produtos</arg>
<arg>json=${payload}</arg>
<arg>headers=${headers}</arg>
<doc>Sends a POST request on a previously created HTTP Session.</doc>
<msg timestamp="20250606 17:13:18.114" level="INFO">POST Request : url=http://localhost:3000/produtos 
 path_url=/produtos 
 headers={'User-Agent': 'python-requests/2.31.0', 'Accept-Encoding': 'gzip, deflate', 'Accept': '*/*', 'Connection': 'keep-alive', 'Authorization': 'Bearer eyJhbGciOiJIUzI1NiIsInR5cCI6IkpXVCJ9.eyJlbWFpbCI6ImpmcnllQGV4YW1wbGUuY29tIiwicGFzc3dvcmQiOiIlOUhwXk9VdSIsImlhdCI6MTc0OTIyOTk5OCwiZXhwIjoxNzQ5MjMwNTk4fQ.0ul0SP56MjaNh4dTRZubWlyOxTgrs0eVft87A0eJ5NM', 'Content-Length': '110', 'Content-Type': 'application/json'} 
 body=b'{"nome": "Produto better", "preco": 2616, "descricao": "About find west wish police claim.", "quantidade": 69}' 
 </msg>
<msg timestamp="20250606 17:13:18.114" level="INFO">POST Response : url=http://localhost:3000/produtos 
 status=201, reason=Created 
 headers={'Access-Control-Allow-Origin': '*', 'x-dns-prefetch-control': 'off', 'x-frame-options': 'SAMEORIGIN', 'strict-transport-security': 'max-age=15552000; includeSubDomains', 'x-download-options': 'noopen', 'x-content-type-options': 'nosniff', 'x-xss-protection': '1; mode=block', 'Content-Type': 'application/json; charset=utf-8', 'Content-Length': '82', 'Date': 'Fri, 06 Jun 2025 17:13:18 GMT', 'Connection': 'keep-alive', 'Keep-Alive': 'timeout=5'} 
 body={
    "message": "Cadastro realizado com sucesso",
    "_id": "ucJyGL0n7vxLG980"
} 
 </msg>
<msg timestamp="20250606 17:13:18.114" level="INFO">${response} = &lt;Response [201]&gt;</msg>
<status status="PASS" starttime="20250606 17:13:18.107" endtime="20250606 17:13:18.114"/>
</kw>
<kw name="Log To Console" library="BuiltIn">
<arg>Response: ${response.content}</arg>
<doc>Logs the given message to the console.</doc>
<status status="PASS" starttime="20250606 17:13:18.115" endtime="20250606 17:13:18.115"/>
</kw>
<kw name="Set Global Variable" library="BuiltIn">
<arg>${response}</arg>
<doc>Makes a variable available globally in all tests and suites.</doc>
<msg timestamp="20250606 17:13:18.116" level="INFO">${response} = &lt;Response [201]&gt;</msg>
<status status="PASS" starttime="20250606 17:13:18.116" endtime="20250606 17:13:18.116"/>
</kw>
<status status="PASS" starttime="20250606 17:13:18.102" endtime="20250606 17:13:18.116"/>
</kw>
<kw name="Validar Status Code &quot;201&quot;" library="common" sourcename="Validar Status Code &quot;${statuscode}&quot;">
<kw name="Should Be True" library="BuiltIn">
<arg>${response.status_code} == ${statuscode}</arg>
<doc>Fails if the given condition is not true.</doc>
<status status="PASS" starttime="20250606 17:13:18.117" endtime="20250606 17:13:18.118"/>
</kw>
<status status="PASS" starttime="20250606 17:13:18.116" endtime="20250606 17:13:18.118"/>
</kw>
<kw name="Set Variable" library="BuiltIn">
<var>${id_produto}</var>
<arg>${response.json()["_id"]}</arg>
<doc>Returns the given values which can then be assigned to a variables.</doc>
<msg timestamp="20250606 17:13:18.119" level="INFO">${id_produto} = ucJyGL0n7vxLG980</msg>
<status status="PASS" starttime="20250606 17:13:18.119" endtime="20250606 17:13:18.119"/>
</kw>
<kw name="Log To Console" library="BuiltIn">
<arg>ID do Produto Dinâmico Salvo: ${id_produto}</arg>
<doc>Logs the given message to the console.</doc>
<status status="PASS" starttime="20250606 17:13:18.119" endtime="20250606 17:13:18.120"/>
</kw>
<kw name="Set Global Variable" library="BuiltIn">
<arg>${id_produto}</arg>
<doc>Makes a variable available globally in all tests and suites.</doc>
<msg timestamp="20250606 17:13:18.120" level="INFO">${id_produto} = ucJyGL0n7vxLG980</msg>
<status status="PASS" starttime="20250606 17:13:18.120" endtime="20250606 17:13:18.121"/>
</kw>
<status status="PASS" starttime="20250606 17:13:18.101" endtime="20250606 17:13:18.121"/>
</kw>
<kw name="Criar Carrinho e Armazenar ID" library="carrinho_keyword">
<kw name="POST /carrinhos" library="carrinho_keyword">
<kw name="Create Dictionary" library="BuiltIn">
<var>${headers}</var>
<arg>Authorization=${token_auth}</arg>
<doc>Creates and returns a dictionary based on the given ``items``.</doc>
<msg timestamp="20250606 17:13:18.122" level="INFO">${headers} = {'Authorization': 'Bearer eyJhbGciOiJIUzI1NiIsInR5cCI6IkpXVCJ9.eyJlbWFpbCI6ImpmcnllQGV4YW1wbGUuY29tIiwicGFzc3dvcmQiOiIlOUhwXk9VdSIsImlhdCI6MTc0OTIyOTk5OCwiZXhwIjoxNzQ5MjMwNTk4fQ.0ul0SP56MjaNh4dTRZubWl...</msg>
<status status="PASS" starttime="20250606 17:13:18.122" endtime="20250606 17:13:18.122"/>
</kw>
<kw name="Create Dictionary" library="BuiltIn">
<var>${produto}</var>
<arg>idProduto=${id_produto}</arg>
<arg>quantidade=1</arg>
<doc>Creates and returns a dictionary based on the given ``items``.</doc>
<msg timestamp="20250606 17:13:18.123" level="INFO">${produto} = {'idProduto': 'ucJyGL0n7vxLG980', 'quantidade': '1'}</msg>
<status status="PASS" starttime="20250606 17:13:18.122" endtime="20250606 17:13:18.123"/>
</kw>
<kw name="Create List" library="BuiltIn">
<var>@{produtos}</var>
<doc>Returns a list containing given items.</doc>
<msg timestamp="20250606 17:13:18.123" level="INFO">@{produtos} = [ ]</msg>
<status status="PASS" starttime="20250606 17:13:18.123" endtime="20250606 17:13:18.123"/>
</kw>
<kw name="Append To List" library="Collections">
<arg>${produtos}</arg>
<arg>${produto}</arg>
<doc>Adds ``values`` to the end of ``list``.</doc>
<status status="PASS" starttime="20250606 17:13:18.123" endtime="20250606 17:13:18.123"/>
</kw>
<kw name="Create Dictionary" library="BuiltIn">
<var>${payload}</var>
<doc>Creates and returns a dictionary based on the given ``items``.</doc>
<msg timestamp="20250606 17:13:18.124" level="INFO">${payload} = {}</msg>
<status status="PASS" starttime="20250606 17:13:18.124" endtime="20250606 17:13:18.124"/>
</kw>
<kw name="Set To Dictionary" library="Collections">
<arg>${payload}</arg>
<arg>produtos=${produtos}</arg>
<doc>Adds the given ``key_value_pairs`` and/or ``items`` to the ``dictionary``.</doc>
<status status="PASS" starttime="20250606 17:13:18.124" endtime="20250606 17:13:18.124"/>
</kw>
<kw name="POST On Session" library="RequestsLibrary">
<var>${response}</var>
<arg>serverest</arg>
<arg>/carrinhos</arg>
<arg>json=${payload}</arg>
<arg>headers=${headers}</arg>
<doc>Sends a POST request on a previously created HTTP Session.</doc>
<msg timestamp="20250606 17:13:18.135" level="INFO">POST Request : url=http://localhost:3000/carrinhos 
 path_url=/carrinhos 
 headers={'User-Agent': 'python-requests/2.31.0', 'Accept-Encoding': 'gzip, deflate', 'Accept': '*/*', 'Connection': 'keep-alive', 'Authorization': 'Bearer eyJhbGciOiJIUzI1NiIsInR5cCI6IkpXVCJ9.eyJlbWFpbCI6ImpmcnllQGV4YW1wbGUuY29tIiwicGFzc3dvcmQiOiIlOUhwXk9VdSIsImlhdCI6MTc0OTIyOTk5OCwiZXhwIjoxNzQ5MjMwNTk4fQ.0ul0SP56MjaNh4dTRZubWlyOxTgrs0eVft87A0eJ5NM', 'Content-Length': '68', 'Content-Type': 'application/json'} 
 body=b'{"produtos": [{"idProduto": "ucJyGL0n7vxLG980", "quantidade": "1"}]}' 
 </msg>
<msg timestamp="20250606 17:13:18.135" level="INFO">POST Response : url=http://localhost:3000/carrinhos 
 status=201, reason=Created 
 headers={'Access-Control-Allow-Origin': '*', 'x-dns-prefetch-control': 'off', 'x-frame-options': 'SAMEORIGIN', 'strict-transport-security': 'max-age=15552000; includeSubDomains', 'x-download-options': 'noopen', 'x-content-type-options': 'nosniff', 'x-xss-protection': '1; mode=block', 'Content-Type': 'application/json; charset=utf-8', 'Content-Length': '82', 'Date': 'Fri, 06 Jun 2025 17:13:18 GMT', 'Connection': 'keep-alive', 'Keep-Alive': 'timeout=5'} 
 body={
    "message": "Cadastro realizado com sucesso",
    "_id": "zCKL6R6tLTKESONj"
} 
 </msg>
<msg timestamp="20250606 17:13:18.135" level="INFO">${response} = &lt;Response [201]&gt;</msg>
<status status="PASS" starttime="20250606 17:13:18.124" endtime="20250606 17:13:18.135"/>
</kw>
<kw name="Log To Console" library="BuiltIn">
<arg>Response: ${response.content}</arg>
<doc>Logs the given message to the console.</doc>
<status status="PASS" starttime="20250606 17:13:18.136" endtime="20250606 17:13:18.138"/>
</kw>
<kw name="Set Global Variable" library="BuiltIn">
<arg>${response}</arg>
<doc>Makes a variable available globally in all tests and suites.</doc>
<msg timestamp="20250606 17:13:18.139" level="INFO">${response} = &lt;Response [201]&gt;</msg>
<status status="PASS" starttime="20250606 17:13:18.138" endtime="20250606 17:13:18.139"/>
</kw>
<status status="PASS" starttime="20250606 17:13:18.121" endtime="20250606 17:13:18.140"/>
</kw>
<kw name="Validar Status Code &quot;201&quot;" library="common" sourcename="Validar Status Code &quot;${statuscode}&quot;">
<kw name="Should Be True" library="BuiltIn">
<arg>${response.status_code} == ${statuscode}</arg>
<doc>Fails if the given condition is not true.</doc>
<status status="PASS" starttime="20250606 17:13:18.140" endtime="20250606 17:13:18.142"/>
</kw>
<status status="PASS" starttime="20250606 17:13:18.140" endtime="20250606 17:13:18.142"/>
</kw>
<kw name="Set Variable" library="BuiltIn">
<var>${id_carrinho}</var>
<arg>${response.json()["_id"]}</arg>
<doc>Returns the given values which can then be assigned to a variables.</doc>
<msg timestamp="20250606 17:13:18.143" level="INFO">${id_carrinho} = zCKL6R6tLTKESONj</msg>
<status status="PASS" starttime="20250606 17:13:18.142" endtime="20250606 17:13:18.143"/>
</kw>
<kw name="Log To Console" library="BuiltIn">
<arg>ID do Carrinho Salvo: ${id_carrinho}</arg>
<doc>Logs the given message to the console.</doc>
<status status="PASS" starttime="20250606 17:13:18.143" endtime="20250606 17:13:18.143"/>
</kw>
<kw name="Set Global Variable" library="BuiltIn">
<arg>${id_carrinho}</arg>
<doc>Makes a variable available globally in all tests and suites.</doc>
<msg timestamp="20250606 17:13:18.144" level="INFO">${id_carrinho} = zCKL6R6tLTKESONj</msg>
<status status="PASS" starttime="20250606 17:13:18.144" endtime="20250606 17:13:18.144"/>
</kw>
<kw name="Set Global Variable" library="BuiltIn">
<arg>${CARRINHO_ID}</arg>
<arg>${id_carrinho}</arg>
<doc>Makes a variable available globally in all tests and suites.</doc>
<msg timestamp="20250606 17:13:18.145" level="INFO">${CARRINHO_ID} = zCKL6R6tLTKESONj</msg>
<status status="PASS" starttime="20250606 17:13:18.144" endtime="20250606 17:13:18.145"/>
</kw>
<status status="PASS" starttime="20250606 17:13:18.121" endtime="20250606 17:13:18.145"/>
</kw>
<kw name="Validar Status Code &quot;201&quot;" library="common" sourcename="Validar Status Code &quot;${statuscode}&quot;">
<kw name="Should Be True" library="BuiltIn">
<arg>${response.status_code} == ${statuscode}</arg>
<doc>Fails if the given condition is not true.</doc>
<status status="PASS" starttime="20250606 17:13:18.146" endtime="20250606 17:13:18.148"/>
</kw>
<status status="PASS" starttime="20250606 17:13:18.146" endtime="20250606 17:13:18.148"/>
</kw>
<kw name="Criar Produto Dinamico" library="produtos_keyword">
<kw name="POST /produtos_dinamicos" library="dynamics">
<kw name="Create Dictionary" library="BuiltIn">
<var>${headers}</var>
<arg>Authorization=${token_auth}</arg>
<doc>Creates and returns a dictionary based on the given ``items``.</doc>
<msg timestamp="20250606 17:13:18.149" level="INFO">${headers} = {'Authorization': 'Bearer eyJhbGciOiJIUzI1NiIsInR5cCI6IkpXVCJ9.eyJlbWFpbCI6ImpmcnllQGV4YW1wbGUuY29tIiwicGFzc3dvcmQiOiIlOUhwXk9VdSIsImlhdCI6MTc0OTIyOTk5OCwiZXhwIjoxNzQ5MjMwNTk4fQ.0ul0SP56MjaNh4dTRZubWl...</msg>
<status status="PASS" starttime="20250606 17:13:18.149" endtime="20250606 17:13:18.149"/>
</kw>
<kw name="Criar Dados Produto Aleatorio" library="dynamics">
<var>${payload}</var>
<kw name="Word" library="FakerLibrary">
<var>${nome_produto}</var>
<doc>Generate a word.</doc>
<msg timestamp="20250606 17:13:18.150" level="INFO">${nome_produto} = end</msg>
<status status="PASS" starttime="20250606 17:13:18.149" endtime="20250606 17:13:18.150"/>
</kw>
<kw name="Sentence" library="FakerLibrary">
<var>${descricao}</var>
<arg>nb_words=10</arg>
<doc>Generate a sentence.</doc>
<msg timestamp="20250606 17:13:18.150" level="INFO">${descricao} = Put not commercial beyond marriage these account share.</msg>
<status status="PASS" starttime="20250606 17:13:18.150" endtime="20250606 17:13:18.150"/>
</kw>
<kw name="Evaluate" library="BuiltIn">
<var>${preco}</var>
<arg>random.randint(10, 5000)</arg>
<doc>Evaluates the given expression in Python and returns the result.</doc>
<msg timestamp="20250606 17:13:18.151" level="INFO">${preco} = 753</msg>
<status status="PASS" starttime="20250606 17:13:18.151" endtime="20250606 17:13:18.151"/>
</kw>
<kw name="Evaluate" library="BuiltIn">
<var>${quantidade}</var>
<arg>random.randint(1, 100)</arg>
<doc>Evaluates the given expression in Python and returns the result.</doc>
<msg timestamp="20250606 17:13:18.153" level="INFO">${quantidade} = 49</msg>
<status status="PASS" starttime="20250606 17:13:18.152" endtime="20250606 17:13:18.153"/>
</kw>
<kw name="Create Dictionary" library="BuiltIn">
<var>${payload}</var>
<arg>nome=Produto ${nome_produto}</arg>
<arg>preco=${preco}</arg>
<arg>descricao=${descricao}</arg>
<arg>quantidade=${quantidade}</arg>
<doc>Creates and returns a dictionary based on the given ``items``.</doc>
<msg timestamp="20250606 17:13:18.155" level="INFO">${payload} = {'nome': 'Produto end', 'preco': 753, 'descricao': 'Put not commercial beyond marriage these account share.', 'quantidade': 49}</msg>
<status status="PASS" starttime="20250606 17:13:18.153" endtime="20250606 17:13:18.155"/>
</kw>
<kw name="Log To Console" library="BuiltIn">
<arg>Produto criado: ${payload}</arg>
<doc>Logs the given message to the console.</doc>
<status status="PASS" starttime="20250606 17:13:18.155" endtime="20250606 17:13:18.155"/>
</kw>
<msg timestamp="20250606 17:13:18.156" level="INFO">${payload} = {'nome': 'Produto end', 'preco': 753, 'descricao': 'Put not commercial beyond marriage these account share.', 'quantidade': 49}</msg>
<status status="PASS" starttime="20250606 17:13:18.149" endtime="20250606 17:13:18.156"/>
</kw>
<kw name="POST On Session" library="RequestsLibrary">
<var>${response}</var>
<arg>serverest</arg>
<arg>/produtos</arg>
<arg>json=${payload}</arg>
<arg>headers=${headers}</arg>
<doc>Sends a POST request on a previously created HTTP Session.</doc>
<msg timestamp="20250606 17:13:18.164" level="INFO">POST Request : url=http://localhost:3000/produtos 
 path_url=/produtos 
 headers={'User-Agent': 'python-requests/2.31.0', 'Accept-Encoding': 'gzip, deflate', 'Accept': '*/*', 'Connection': 'keep-alive', 'Authorization': 'Bearer eyJhbGciOiJIUzI1NiIsInR5cCI6IkpXVCJ9.eyJlbWFpbCI6ImpmcnllQGV4YW1wbGUuY29tIiwicGFzc3dvcmQiOiIlOUhwXk9VdSIsImlhdCI6MTc0OTIyOTk5OCwiZXhwIjoxNzQ5MjMwNTk4fQ.0ul0SP56MjaNh4dTRZubWlyOxTgrs0eVft87A0eJ5NM', 'Content-Length': '127', 'Content-Type': 'application/json'} 
 body=b'{"nome": "Produto end", "preco": 753, "descricao": "Put not commercial beyond marriage these account share.", "quantidade": 49}' 
 </msg>
<msg timestamp="20250606 17:13:18.164" level="INFO">POST Response : url=http://localhost:3000/produtos 
 status=201, reason=Created 
 headers={'Access-Control-Allow-Origin': '*', 'x-dns-prefetch-control': 'off', 'x-frame-options': 'SAMEORIGIN', 'strict-transport-security': 'max-age=15552000; includeSubDomains', 'x-download-options': 'noopen', 'x-content-type-options': 'nosniff', 'x-xss-protection': '1; mode=block', 'Content-Type': 'application/json; charset=utf-8', 'Content-Length': '82', 'Date': 'Fri, 06 Jun 2025 17:13:18 GMT', 'Connection': 'keep-alive', 'Keep-Alive': 'timeout=5'} 
 body={
    "message": "Cadastro realizado com sucesso",
    "_id": "CINrQg1pWqbTBwPo"
} 
 </msg>
<msg timestamp="20250606 17:13:18.164" level="INFO">${response} = &lt;Response [201]&gt;</msg>
<status status="PASS" starttime="20250606 17:13:18.156" endtime="20250606 17:13:18.164"/>
</kw>
<kw name="Log To Console" library="BuiltIn">
<arg>Response: ${response.content}</arg>
<doc>Logs the given message to the console.</doc>
<status status="PASS" starttime="20250606 17:13:18.164" endtime="20250606 17:13:18.165"/>
</kw>
<kw name="Set Global Variable" library="BuiltIn">
<arg>${response}</arg>
<doc>Makes a variable available globally in all tests and suites.</doc>
<msg timestamp="20250606 17:13:18.166" level="INFO">${response} = &lt;Response [201]&gt;</msg>
<status status="PASS" starttime="20250606 17:13:18.165" endtime="20250606 17:13:18.166"/>
</kw>
<status status="PASS" starttime="20250606 17:13:18.148" endtime="20250606 17:13:18.166"/>
</kw>
<kw name="Validar Status Code &quot;201&quot;" library="common" sourcename="Validar Status Code &quot;${statuscode}&quot;">
<kw name="Should Be True" library="BuiltIn">
<arg>${response.status_code} == ${statuscode}</arg>
<doc>Fails if the given condition is not true.</doc>
<status status="PASS" starttime="20250606 17:13:18.166" endtime="20250606 17:13:18.168"/>
</kw>
<status status="PASS" starttime="20250606 17:13:18.166" endtime="20250606 17:13:18.169"/>
</kw>
<kw name="Set Variable" library="BuiltIn">
<var>${id_produto}</var>
<arg>${response.json()["_id"]}</arg>
<doc>Returns the given values which can then be assigned to a variables.</doc>
<msg timestamp="20250606 17:13:18.171" level="INFO">${id_produto} = CINrQg1pWqbTBwPo</msg>
<status status="PASS" starttime="20250606 17:13:18.169" endtime="20250606 17:13:18.171"/>
</kw>
<kw name="Log To Console" library="BuiltIn">
<arg>ID do Produto Dinâmico Salvo: ${id_produto}</arg>
<doc>Logs the given message to the console.</doc>
<status status="PASS" starttime="20250606 17:13:18.171" endtime="20250606 17:13:18.172"/>
</kw>
<kw name="Set Global Variable" library="BuiltIn">
<arg>${id_produto}</arg>
<doc>Makes a variable available globally in all tests and suites.</doc>
<msg timestamp="20250606 17:13:18.172" level="INFO">${id_produto} = CINrQg1pWqbTBwPo</msg>
<status status="PASS" starttime="20250606 17:13:18.172" endtime="20250606 17:13:18.173"/>
</kw>
<status status="PASS" starttime="20250606 17:13:18.148" endtime="20250606 17:13:18.173"/>
</kw>
<kw name="POST /carrinhos" library="carrinho_keyword">
<kw name="Create Dictionary" library="BuiltIn">
<var>${headers}</var>
<arg>Authorization=${token_auth}</arg>
<doc>Creates and returns a dictionary based on the given ``items``.</doc>
<msg timestamp="20250606 17:13:18.174" level="INFO">${headers} = {'Authorization': 'Bearer eyJhbGciOiJIUzI1NiIsInR5cCI6IkpXVCJ9.eyJlbWFpbCI6ImpmcnllQGV4YW1wbGUuY29tIiwicGFzc3dvcmQiOiIlOUhwXk9VdSIsImlhdCI6MTc0OTIyOTk5OCwiZXhwIjoxNzQ5MjMwNTk4fQ.0ul0SP56MjaNh4dTRZubWl...</msg>
<status status="PASS" starttime="20250606 17:13:18.173" endtime="20250606 17:13:18.174"/>
</kw>
<kw name="Create Dictionary" library="BuiltIn">
<var>${produto}</var>
<arg>idProduto=${id_produto}</arg>
<arg>quantidade=1</arg>
<doc>Creates and returns a dictionary based on the given ``items``.</doc>
<msg timestamp="20250606 17:13:18.174" level="INFO">${produto} = {'idProduto': 'CINrQg1pWqbTBwPo', 'quantidade': '1'}</msg>
<status status="PASS" starttime="20250606 17:13:18.174" endtime="20250606 17:13:18.174"/>
</kw>
<kw name="Create List" library="BuiltIn">
<var>@{produtos}</var>
<doc>Returns a list containing given items.</doc>
<msg timestamp="20250606 17:13:18.175" level="INFO">@{produtos} = [ ]</msg>
<status status="PASS" starttime="20250606 17:13:18.174" endtime="20250606 17:13:18.175"/>
</kw>
<kw name="Append To List" library="Collections">
<arg>${produtos}</arg>
<arg>${produto}</arg>
<doc>Adds ``values`` to the end of ``list``.</doc>
<status status="PASS" starttime="20250606 17:13:18.175" endtime="20250606 17:13:18.175"/>
</kw>
<kw name="Create Dictionary" library="BuiltIn">
<var>${payload}</var>
<doc>Creates and returns a dictionary based on the given ``items``.</doc>
<msg timestamp="20250606 17:13:18.175" level="INFO">${payload} = {}</msg>
<status status="PASS" starttime="20250606 17:13:18.175" endtime="20250606 17:13:18.176"/>
</kw>
<kw name="Set To Dictionary" library="Collections">
<arg>${payload}</arg>
<arg>produtos=${produtos}</arg>
<doc>Adds the given ``key_value_pairs`` and/or ``items`` to the ``dictionary``.</doc>
<status status="PASS" starttime="20250606 17:13:18.176" endtime="20250606 17:13:18.176"/>
</kw>
<kw name="POST On Session" library="RequestsLibrary">
<var>${response}</var>
<arg>serverest</arg>
<arg>/carrinhos</arg>
<arg>json=${payload}</arg>
<arg>headers=${headers}</arg>
<doc>Sends a POST request on a previously created HTTP Session.</doc>
<msg timestamp="20250606 17:13:18.183" level="INFO">POST Request : url=http://localhost:3000/carrinhos 
 path_url=/carrinhos 
 headers={'User-Agent': 'python-requests/2.31.0', 'Accept-Encoding': 'gzip, deflate', 'Accept': '*/*', 'Connection': 'keep-alive', 'Authorization': 'Bearer eyJhbGciOiJIUzI1NiIsInR5cCI6IkpXVCJ9.eyJlbWFpbCI6ImpmcnllQGV4YW1wbGUuY29tIiwicGFzc3dvcmQiOiIlOUhwXk9VdSIsImlhdCI6MTc0OTIyOTk5OCwiZXhwIjoxNzQ5MjMwNTk4fQ.0ul0SP56MjaNh4dTRZubWlyOxTgrs0eVft87A0eJ5NM', 'Content-Length': '68', 'Content-Type': 'application/json'} 
 body=b'{"produtos": [{"idProduto": "CINrQg1pWqbTBwPo", "quantidade": "1"}]}' 
 </msg>
<msg timestamp="20250606 17:13:18.183" level="INFO">POST Response : url=http://localhost:3000/carrinhos 
 status=400, reason=Bad Request 
 headers={'Access-Control-Allow-Origin': '*', 'x-dns-prefetch-control': 'off', 'x-frame-options': 'SAMEORIGIN', 'strict-transport-security': 'max-age=15552000; includeSubDomains', 'x-download-options': 'noopen', 'x-content-type-options': 'nosniff', 'x-xss-protection': '1; mode=block', 'Content-Type': 'application/json; charset=utf-8', 'Content-Length': '61', 'Date': 'Fri, 06 Jun 2025 17:13:18 GMT', 'Connection': 'keep-alive', 'Keep-Alive': 'timeout=5'} 
 body={
    "message": "Não é permitido ter mais de 1 carrinho"
} 
 </msg>
<msg timestamp="20250606 17:13:18.183" level="FAIL">HTTPError: 400 Client Error: Bad Request for url: http://localhost:3000/carrinhos</msg>
<status status="FAIL" starttime="20250606 17:13:18.177" endtime="20250606 17:13:18.185"/>
</kw>
<kw name="Log To Console" library="BuiltIn">
<arg>Response: ${response.content}</arg>
<doc>Logs the given message to the console.</doc>
<status status="NOT RUN" starttime="20250606 17:13:18.185" endtime="20250606 17:13:18.185"/>
</kw>
<kw name="Set Global Variable" library="BuiltIn">
<arg>${response}</arg>
<doc>Makes a variable available globally in all tests and suites.</doc>
<status status="NOT RUN" starttime="20250606 17:13:18.185" endtime="20250606 17:13:18.185"/>
</kw>
<status status="FAIL" starttime="20250606 17:13:18.173" endtime="20250606 17:13:18.186"/>
</kw>
<kw name="Validar Status Code &quot;400&quot;" library="common" sourcename="Validar Status Code &quot;${statuscode}&quot;">
<status status="NOT RUN" starttime="20250606 17:13:18.186" endtime="20250606 17:13:18.186"/>
</kw>
<kw name="Validar Se Mensagem Contem &quot;Não é permitido ter mais de 1 carrinho&quot;" library="common" sourcename="Validar Se Mensagem Contem &quot;${palavra}&quot;">
<status status="NOT RUN" starttime="20250606 17:13:18.186" endtime="20250606 17:13:18.186"/>
</kw>
<doc>Este teste verifica o comportamento quando se tenta criar dois carrinhos para o mesmo usuário</doc>
<tag>bug</tag>
<tag>concorrencia</tag>
<status status="FAIL" starttime="20250606 17:13:18.045" endtime="20250606 17:13:18.186">HTTPError: 400 Client Error: Bad Request for url: http://localhost:3000/carrinhos</status>
</test>
<doc>Teste para verificar comportamento de concorrência em carrinhos</doc>
<status status="FAIL" starttime="20250606 17:13:17.430" endtime="20250606 17:13:18.187"/>
</suite>
<suite id="s1-s1-s2" name="ProdutoInexistente" source="/app/tests/BUGs/ProdutoInexistente.robot">
<test id="s1-s1-s2-t1" name="Tentar adicionar produto inexistente ao carrinho" line="9">
<kw name="Criar Sessão" library="base">
<kw name="Create Session" library="RequestsLibrary">
<arg>serverest</arg>
<arg>${BASE_URL}</arg>
<doc>Create Session: create a HTTP session to a server</doc>
<msg timestamp="20250606 17:13:18.210" level="INFO">Creating Session using : alias=serverest, url=http://localhost:3000/, headers={},                     cookies={}, auth=None, timeout=None, proxies=None, verify=False,                     debug=0 </msg>
<status status="PASS" starttime="20250606 17:13:18.210" endtime="20250606 17:13:18.210"/>
</kw>
<kw name="Set Global Variable" library="BuiltIn">
<arg>${BASE_URL}</arg>
<doc>Makes a variable available globally in all tests and suites.</doc>
<msg timestamp="20250606 17:13:18.211" level="INFO">${BASE_URL} = http://localhost:3000/</msg>
<status status="PASS" starttime="20250606 17:13:18.211" endtime="20250606 17:13:18.211"/>
</kw>
<status status="PASS" starttime="20250606 17:13:18.209" endtime="20250606 17:13:18.211"/>
</kw>
<kw name="Configurar Usuario e Login" library="login_keyword">
<kw name="Criar Usuario Dinamico" library="login_keyword">
<kw name="Name" library="FakerLibrary">
<var>${nome}</var>
<doc>:example: 'John Doe'</doc>
<msg timestamp="20250606 17:13:18.212" level="INFO">${nome} = Aaron Brown</msg>
<status status="PASS" starttime="20250606 17:13:18.212" endtime="20250606 17:13:18.212"/>
</kw>
<kw name="Email" library="FakerLibrary">
<var>${email}</var>
<msg timestamp="20250606 17:13:18.213" level="INFO">${email} = susanbrown@example.org</msg>
<status status="PASS" starttime="20250606 17:13:18.213" endtime="20250606 17:13:18.213"/>
</kw>
<kw name="Password" library="FakerLibrary">
<var>${password}</var>
<arg>length=8</arg>
<doc>Generate a random password of the specified ``length``.</doc>
<msg timestamp="20250606 17:13:18.213" level="INFO">${password} = g!@67PLx</msg>
<status status="PASS" starttime="20250606 17:13:18.213" endtime="20250606 17:13:18.214"/>
</kw>
<kw name="Create Dictionary" library="BuiltIn">
<var>&amp;{payload}</var>
<arg>nome=${nome}</arg>
<arg>email=${email}</arg>
<arg>password=${password}</arg>
<arg>administrador=true</arg>
<doc>Creates and returns a dictionary based on the given ``items``.</doc>
<msg timestamp="20250606 17:13:18.214" level="INFO">&amp;{payload} = { nome=Aaron Brown | email=susanbrown@example.org | password=g!@67PLx | administrador=true }</msg>
<status status="PASS" starttime="20250606 17:13:18.214" endtime="20250606 17:13:18.214"/>
</kw>
<kw name="Log To Console" library="BuiltIn">
<arg>Usuário criado: ${payload}</arg>
<doc>Logs the given message to the console.</doc>
<status status="PASS" starttime="20250606 17:13:18.214" endtime="20250606 17:13:18.215"/>
</kw>
<kw name="POST On Session" library="RequestsLibrary">
<var>${response}</var>
<arg>serverest</arg>
<arg>/usuarios</arg>
<arg>json=${payload}</arg>
<arg>expected_status=any</arg>
<doc>Sends a POST request on a previously created HTTP Session.</doc>
<msg timestamp="20250606 17:13:18.224" level="INFO">POST Request : url=http://localhost:3000/usuarios 
 path_url=/usuarios 
 headers={'User-Agent': 'python-requests/2.31.0', 'Accept-Encoding': 'gzip, deflate', 'Accept': '*/*', 'Connection': 'keep-alive', 'Content-Length': '107', 'Content-Type': 'application/json'} 
 body=b'{"nome": "Aaron Brown", "email": "susanbrown@example.org", "password": "g!@67PLx", "administrador": "true"}' 
 </msg>
<msg timestamp="20250606 17:13:18.224" level="INFO">POST Response : url=http://localhost:3000/usuarios 
 status=201, reason=Created 
 headers={'Access-Control-Allow-Origin': '*', 'x-dns-prefetch-control': 'off', 'x-frame-options': 'SAMEORIGIN', 'strict-transport-security': 'max-age=15552000; includeSubDomains', 'x-download-options': 'noopen', 'x-content-type-options': 'nosniff', 'x-xss-protection': '1; mode=block', 'Content-Type': 'application/json; charset=utf-8', 'Content-Length': '82', 'Date': 'Fri, 06 Jun 2025 17:13:18 GMT', 'Connection': 'keep-alive', 'Keep-Alive': 'timeout=5'} 
 body={
    "message": "Cadastro realizado com sucesso",
    "_id": "A3bRjvtTtYcYj5Dw"
} 
 </msg>
<msg timestamp="20250606 17:13:18.224" level="INFO">${response} = &lt;Response [201]&gt;</msg>
<status status="PASS" starttime="20250606 17:13:18.215" endtime="20250606 17:13:18.224"/>
</kw>
<kw name="Log To Console" library="BuiltIn">
<arg>Resposta da criação: ${response.content}</arg>
<doc>Logs the given message to the console.</doc>
<status status="PASS" starttime="20250606 17:13:18.224" endtime="20250606 17:13:18.225"/>
</kw>
<kw name="Set Global Variable" library="BuiltIn">
<arg>${response}</arg>
<doc>Makes a variable available globally in all tests and suites.</doc>
<msg timestamp="20250606 17:13:18.226" level="INFO">${response} = &lt;Response [201]&gt;</msg>
<status status="PASS" starttime="20250606 17:13:18.226" endtime="20250606 17:13:18.226"/>
</kw>
<kw name="Set Global Variable" library="BuiltIn">
<arg>${DYNAMIC_EMAIL}</arg>
<arg>${email}</arg>
<doc>Makes a variable available globally in all tests and suites.</doc>
<msg timestamp="20250606 17:13:18.227" level="INFO">${DYNAMIC_EMAIL} = susanbrown@example.org</msg>
<status status="PASS" starttime="20250606 17:13:18.226" endtime="20250606 17:13:18.227"/>
</kw>
<kw name="Set Global Variable" library="BuiltIn">
<arg>${DYNAMIC_PASSWORD}</arg>
<arg>${password}</arg>
<doc>Makes a variable available globally in all tests and suites.</doc>
<msg timestamp="20250606 17:13:18.228" level="INFO">${DYNAMIC_PASSWORD} = g!@67PLx</msg>
<status status="PASS" starttime="20250606 17:13:18.227" endtime="20250606 17:13:18.228"/>
</kw>
<kw name="Run Keyword If" library="BuiltIn">
<arg>${response.status_code} == 201</arg>
<arg>Set Global Variable</arg>
<arg>${USUARIO_ID}</arg>
<arg>${response.json()["_id"]}</arg>
<doc>Runs the given keyword with the given arguments, if ``condition`` is true.</doc>
<kw name="Set Global Variable" library="BuiltIn">
<arg>${USUARIO_ID}</arg>
<arg>${response.json()["_id"]}</arg>
<doc>Makes a variable available globally in all tests and suites.</doc>
<msg timestamp="20250606 17:13:18.229" level="INFO">${USUARIO_ID} = A3bRjvtTtYcYj5Dw</msg>
<status status="PASS" starttime="20250606 17:13:18.229" endtime="20250606 17:13:18.230"/>
</kw>
<status status="PASS" starttime="20250606 17:13:18.228" endtime="20250606 17:13:18.230"/>
</kw>
<status status="PASS" starttime="20250606 17:13:18.212" endtime="20250606 17:13:18.230"/>
</kw>
<kw name="Fazer login com usuario Dinamico e Armazenar Token" library="login_keyword">
<kw name="Create Dictionary" library="BuiltIn">
<var>&amp;{payload}</var>
<arg>email=${DYNAMIC_EMAIL}</arg>
<arg>password=${DYNAMIC_PASSWORD}</arg>
<doc>Creates and returns a dictionary based on the given ``items``.</doc>
<msg timestamp="20250606 17:13:18.231" level="INFO">&amp;{payload} = { email=susanbrown@example.org | password=g!@67PLx }</msg>
<status status="PASS" starttime="20250606 17:13:18.230" endtime="20250606 17:13:18.231"/>
</kw>
<kw name="Log To Console" library="BuiltIn">
<arg>Tentando login com: ${payload}</arg>
<doc>Logs the given message to the console.</doc>
<status status="PASS" starttime="20250606 17:13:18.231" endtime="20250606 17:13:18.231"/>
</kw>
<kw name="POST On Session" library="RequestsLibrary">
<var>${response}</var>
<arg>serverest</arg>
<arg>/login</arg>
<arg>json=${payload}</arg>
<arg>expected_status=any</arg>
<doc>Sends a POST request on a previously created HTTP Session.</doc>
<msg timestamp="20250606 17:13:18.238" level="INFO">POST Request : url=http://localhost:3000/login 
 path_url=/login 
 headers={'User-Agent': 'python-requests/2.31.0', 'Accept-Encoding': 'gzip, deflate', 'Accept': '*/*', 'Connection': 'keep-alive', 'Content-Length': '59', 'Content-Type': 'application/json'} 
 body=b'{"email": "susanbrown@example.org", "password": "g!@67PLx"}' 
 </msg>
<msg timestamp="20250606 17:13:18.238" level="INFO">POST Response : url=http://localhost:3000/login 
 status=200, reason=OK 
 headers={'Access-Control-Allow-Origin': '*', 'x-dns-prefetch-control': 'off', 'x-frame-options': 'SAMEORIGIN', 'strict-transport-security': 'max-age=15552000; includeSubDomains', 'x-download-options': 'noopen', 'x-content-type-options': 'nosniff', 'x-xss-protection': '1; mode=block', 'Content-Type': 'application/json; charset=utf-8', 'Content-Length': '281', 'Date': 'Fri, 06 Jun 2025 17:13:18 GMT', 'Connection': 'keep-alive', 'Keep-Alive': 'timeout=5'} 
 body={
    "message": "Login realizado com sucesso",
    "authorization": "Bearer eyJhbGciOiJIUzI1NiIsInR5cCI6IkpXVCJ9.eyJlbWFpbCI6InN1c2FuYnJvd25AZXhhbXBsZS5vcmciLCJwYXNzd29yZCI6ImchQDY3UEx4IiwiaWF0IjoxNzQ5MjI5OTk4LCJleHAiOjE3NDkyMzA1OTh9.4l5VSXVn76bBC3b2NdUn9gJjI-1BZ7hbTO9qvZgsDqs"
} 
 </msg>
<msg timestamp="20250606 17:13:18.238" level="INFO">${response} = &lt;Response [200]&gt;</msg>
<status status="PASS" starttime="20250606 17:13:18.231" endtime="20250606 17:13:18.238"/>
</kw>
<kw name="Log To Console" library="BuiltIn">
<arg>Response: ${response.content}</arg>
<doc>Logs the given message to the console.</doc>
<status status="PASS" starttime="20250606 17:13:18.239" endtime="20250606 17:13:18.240"/>
</kw>
<kw name="Set Global Variable" library="BuiltIn">
<arg>${response}</arg>
<doc>Makes a variable available globally in all tests and suites.</doc>
<msg timestamp="20250606 17:13:18.240" level="INFO">${response} = &lt;Response [200]&gt;</msg>
<status status="PASS" starttime="20250606 17:13:18.240" endtime="20250606 17:13:18.241"/>
</kw>
<kw name="Run Keyword If" library="BuiltIn">
<arg>${response.status_code} == 200</arg>
<arg>Capturar token</arg>
<arg>${response}</arg>
<doc>Runs the given keyword with the given arguments, if ``condition`` is true.</doc>
<kw name="Capturar token" library="login_keyword">
<arg>${response}</arg>
<kw name="Set Variable" library="BuiltIn">
<var>${token}</var>
<arg>${resp.json()['authorization']}</arg>
<doc>Returns the given values which can then be assigned to a variables.</doc>
<msg timestamp="20250606 17:13:18.243" level="INFO">${token} = Bearer eyJhbGciOiJIUzI1NiIsInR5cCI6IkpXVCJ9.eyJlbWFpbCI6InN1c2FuYnJvd25AZXhhbXBsZS5vcmciLCJwYXNzd29yZCI6ImchQDY3UEx4IiwiaWF0IjoxNzQ5MjI5OTk4LCJleHAiOjE3NDkyMzA1OTh9.4l5VSXVn76bBC3b2NdUn9gJjI-1BZ7hbTO9...</msg>
<status status="PASS" starttime="20250606 17:13:18.242" endtime="20250606 17:13:18.243"/>
</kw>
<kw name="Log To Console" library="BuiltIn">
<arg>Token: ${token}</arg>
<doc>Logs the given message to the console.</doc>
<status status="PASS" starttime="20250606 17:13:18.243" endtime="20250606 17:13:18.244"/>
</kw>
<kw name="Set Global Variable" library="BuiltIn">
<arg>${token_auth}</arg>
<arg>${token}</arg>
<doc>Makes a variable available globally in all tests and suites.</doc>
<msg timestamp="20250606 17:13:18.244" level="INFO">${token_auth} = Bearer eyJhbGciOiJIUzI1NiIsInR5cCI6IkpXVCJ9.eyJlbWFpbCI6InN1c2FuYnJvd25AZXhhbXBsZS5vcmciLCJwYXNzd29yZCI6ImchQDY3UEx4IiwiaWF0IjoxNzQ5MjI5OTk4LCJleHAiOjE3NDkyMzA1OTh9.4l5VSXVn76bBC3b2NdUn9gJjI-1BZ7hbTO9...</msg>
<status status="PASS" starttime="20250606 17:13:18.244" endtime="20250606 17:13:18.244"/>
</kw>
<kw name="Configurar Autenticação" library="base">
<arg>${token}</arg>
<kw name="Create Dictionary" library="BuiltIn">
<var>&amp;{header}</var>
<arg>authorization=${auth_token}</arg>
<doc>Creates and returns a dictionary based on the given ``items``.</doc>
<msg timestamp="20250606 17:13:18.245" level="INFO">&amp;{header} = { authorization=Bearer eyJhbGciOiJIUzI1NiIsInR5cCI6IkpXVCJ9.eyJlbWFpbCI6InN1c2FuYnJvd25AZXhhbXBsZS5vcmciLCJwYXNzd29yZCI6ImchQDY3UEx4IiwiaWF0IjoxNzQ5MjI5OTk4LCJleHAiOjE3NDkyMzA1OTh9.4l5VSXVn76bBC3b2NdU...</msg>
<status status="PASS" starttime="20250606 17:13:18.245" endtime="20250606 17:13:18.245"/>
</kw>
<kw name="Set Global Variable" library="BuiltIn">
<arg>${HEADERS}</arg>
<arg>${header}</arg>
<doc>Makes a variable available globally in all tests and suites.</doc>
<msg timestamp="20250606 17:13:18.246" level="INFO">${HEADERS} = {'authorization': 'Bearer eyJhbGciOiJIUzI1NiIsInR5cCI6IkpXVCJ9.eyJlbWFpbCI6InN1c2FuYnJvd25AZXhhbXBsZS5vcmciLCJwYXNzd29yZCI6ImchQDY3UEx4IiwiaWF0IjoxNzQ5MjI5OTk4LCJleHAiOjE3NDkyMzA1OTh9.4l5VSXVn76bBC3b2...</msg>
<status status="PASS" starttime="20250606 17:13:18.246" endtime="20250606 17:13:18.246"/>
</kw>
<status status="PASS" starttime="20250606 17:13:18.244" endtime="20250606 17:13:18.246"/>
</kw>
<status status="PASS" starttime="20250606 17:13:18.242" endtime="20250606 17:13:18.246"/>
</kw>
<status status="PASS" starttime="20250606 17:13:18.241" endtime="20250606 17:13:18.246"/>
</kw>
<status status="PASS" starttime="20250606 17:13:18.230" endtime="20250606 17:13:18.247"/>
</kw>
<status status="PASS" starttime="20250606 17:13:18.211" endtime="20250606 17:13:18.247"/>
</kw>
<kw name="Criar Produto Dinamico" library="produtos_keyword">
<kw name="POST /produtos_dinamicos" library="dynamics">
<kw name="Create Dictionary" library="BuiltIn">
<var>${headers}</var>
<arg>Authorization=${token_auth}</arg>
<doc>Creates and returns a dictionary based on the given ``items``.</doc>
<msg timestamp="20250606 17:13:18.248" level="INFO">${headers} = {'Authorization': 'Bearer eyJhbGciOiJIUzI1NiIsInR5cCI6IkpXVCJ9.eyJlbWFpbCI6InN1c2FuYnJvd25AZXhhbXBsZS5vcmciLCJwYXNzd29yZCI6ImchQDY3UEx4IiwiaWF0IjoxNzQ5MjI5OTk4LCJleHAiOjE3NDkyMzA1OTh9.4l5VSXVn76bBC3b2...</msg>
<status status="PASS" starttime="20250606 17:13:18.248" endtime="20250606 17:13:18.248"/>
</kw>
<kw name="Criar Dados Produto Aleatorio" library="dynamics">
<var>${payload}</var>
<kw name="Word" library="FakerLibrary">
<var>${nome_produto}</var>
<doc>Generate a word.</doc>
<msg timestamp="20250606 17:13:18.249" level="INFO">${nome_produto} = ground</msg>
<status status="PASS" starttime="20250606 17:13:18.248" endtime="20250606 17:13:18.249"/>
</kw>
<kw name="Sentence" library="FakerLibrary">
<var>${descricao}</var>
<arg>nb_words=10</arg>
<doc>Generate a sentence.</doc>
<msg timestamp="20250606 17:13:18.249" level="INFO">${descricao} = Rate clearly possible idea assume though test goal music citizen four understand along.</msg>
<status status="PASS" starttime="20250606 17:13:18.249" endtime="20250606 17:13:18.249"/>
</kw>
<kw name="Evaluate" library="BuiltIn">
<var>${preco}</var>
<arg>random.randint(10, 5000)</arg>
<doc>Evaluates the given expression in Python and returns the result.</doc>
<msg timestamp="20250606 17:13:18.250" level="INFO">${preco} = 4690</msg>
<status status="PASS" starttime="20250606 17:13:18.249" endtime="20250606 17:13:18.250"/>
</kw>
<kw name="Evaluate" library="BuiltIn">
<var>${quantidade}</var>
<arg>random.randint(1, 100)</arg>
<doc>Evaluates the given expression in Python and returns the result.</doc>
<msg timestamp="20250606 17:13:18.250" level="INFO">${quantidade} = 37</msg>
<status status="PASS" starttime="20250606 17:13:18.250" endtime="20250606 17:13:18.250"/>
</kw>
<kw name="Create Dictionary" library="BuiltIn">
<var>${payload}</var>
<arg>nome=Produto ${nome_produto}</arg>
<arg>preco=${preco}</arg>
<arg>descricao=${descricao}</arg>
<arg>quantidade=${quantidade}</arg>
<doc>Creates and returns a dictionary based on the given ``items``.</doc>
<msg timestamp="20250606 17:13:18.251" level="INFO">${payload} = {'nome': 'Produto ground', 'preco': 4690, 'descricao': 'Rate clearly possible idea assume though test goal music citizen four understand along.', 'quantidade': 37}</msg>
<status status="PASS" starttime="20250606 17:13:18.250" endtime="20250606 17:13:18.251"/>
</kw>
<kw name="Log To Console" library="BuiltIn">
<arg>Produto criado: ${payload}</arg>
<doc>Logs the given message to the console.</doc>
<status status="PASS" starttime="20250606 17:13:18.251" endtime="20250606 17:13:18.252"/>
</kw>
<msg timestamp="20250606 17:13:18.252" level="INFO">${payload} = {'nome': 'Produto ground', 'preco': 4690, 'descricao': 'Rate clearly possible idea assume though test goal music citizen four understand along.', 'quantidade': 37}</msg>
<status status="PASS" starttime="20250606 17:13:18.248" endtime="20250606 17:13:18.252"/>
</kw>
<kw name="POST On Session" library="RequestsLibrary">
<var>${response}</var>
<arg>serverest</arg>
<arg>/produtos</arg>
<arg>json=${payload}</arg>
<arg>headers=${headers}</arg>
<doc>Sends a POST request on a previously created HTTP Session.</doc>
<msg timestamp="20250606 17:13:18.262" level="INFO">POST Request : url=http://localhost:3000/produtos 
 path_url=/produtos 
 headers={'User-Agent': 'python-requests/2.31.0', 'Accept-Encoding': 'gzip, deflate', 'Accept': '*/*', 'Connection': 'keep-alive', 'Authorization': 'Bearer eyJhbGciOiJIUzI1NiIsInR5cCI6IkpXVCJ9.eyJlbWFpbCI6InN1c2FuYnJvd25AZXhhbXBsZS5vcmciLCJwYXNzd29yZCI6ImchQDY3UEx4IiwiaWF0IjoxNzQ5MjI5OTk4LCJleHAiOjE3NDkyMzA1OTh9.4l5VSXVn76bBC3b2NdUn9gJjI-1BZ7hbTO9qvZgsDqs', 'Content-Length': '163', 'Content-Type': 'application/json'} 
 body=b'{"nome": "Produto ground", "preco": 4690, "descricao": "Rate clearly possible idea assume though test goal music citizen four understand along.", "quantidade": 37}' 
 </msg>
<msg timestamp="20250606 17:13:18.262" level="INFO">POST Response : url=http://localhost:3000/produtos 
 status=201, reason=Created 
 headers={'Access-Control-Allow-Origin': '*', 'x-dns-prefetch-control': 'off', 'x-frame-options': 'SAMEORIGIN', 'strict-transport-security': 'max-age=15552000; includeSubDomains', 'x-download-options': 'noopen', 'x-content-type-options': 'nosniff', 'x-xss-protection': '1; mode=block', 'Content-Type': 'application/json; charset=utf-8', 'Content-Length': '82', 'Date': 'Fri, 06 Jun 2025 17:13:18 GMT', 'Connection': 'keep-alive', 'Keep-Alive': 'timeout=5'} 
 body={
    "message": "Cadastro realizado com sucesso",
    "_id": "yYwPc8nTz6WE7Uq8"
} 
 </msg>
<msg timestamp="20250606 17:13:18.263" level="INFO">${response} = &lt;Response [201]&gt;</msg>
<status status="PASS" starttime="20250606 17:13:18.253" endtime="20250606 17:13:18.263"/>
</kw>
<kw name="Log To Console" library="BuiltIn">
<arg>Response: ${response.content}</arg>
<doc>Logs the given message to the console.</doc>
<status status="PASS" starttime="20250606 17:13:18.263" endtime="20250606 17:13:18.264"/>
</kw>
<kw name="Set Global Variable" library="BuiltIn">
<arg>${response}</arg>
<doc>Makes a variable available globally in all tests and suites.</doc>
<msg timestamp="20250606 17:13:18.264" level="INFO">${response} = &lt;Response [201]&gt;</msg>
<status status="PASS" starttime="20250606 17:13:18.264" endtime="20250606 17:13:18.265"/>
</kw>
<status status="PASS" starttime="20250606 17:13:18.247" endtime="20250606 17:13:18.265"/>
</kw>
<kw name="Validar Status Code &quot;201&quot;" library="common" sourcename="Validar Status Code &quot;${statuscode}&quot;">
<kw name="Should Be True" library="BuiltIn">
<arg>${response.status_code} == ${statuscode}</arg>
<doc>Fails if the given condition is not true.</doc>
<status status="PASS" starttime="20250606 17:13:18.265" endtime="20250606 17:13:18.267"/>
</kw>
<status status="PASS" starttime="20250606 17:13:18.265" endtime="20250606 17:13:18.267"/>
</kw>
<kw name="Set Variable" library="BuiltIn">
<var>${id_produto}</var>
<arg>${response.json()["_id"]}</arg>
<doc>Returns the given values which can then be assigned to a variables.</doc>
<msg timestamp="20250606 17:13:18.268" level="INFO">${id_produto} = yYwPc8nTz6WE7Uq8</msg>
<status status="PASS" starttime="20250606 17:13:18.267" endtime="20250606 17:13:18.268"/>
</kw>
<kw name="Log To Console" library="BuiltIn">
<arg>ID do Produto Dinâmico Salvo: ${id_produto}</arg>
<doc>Logs the given message to the console.</doc>
<status status="PASS" starttime="20250606 17:13:18.268" endtime="20250606 17:13:18.269"/>
</kw>
<kw name="Set Global Variable" library="BuiltIn">
<arg>${id_produto}</arg>
<doc>Makes a variable available globally in all tests and suites.</doc>
<msg timestamp="20250606 17:13:18.270" level="INFO">${id_produto} = yYwPc8nTz6WE7Uq8</msg>
<status status="PASS" starttime="20250606 17:13:18.269" endtime="20250606 17:13:18.270"/>
</kw>
<status status="PASS" starttime="20250606 17:13:18.247" endtime="20250606 17:13:18.270"/>
</kw>
<kw name="Criar Carrinho e Armazenar ID" library="carrinho_keyword">
<kw name="POST /carrinhos" library="carrinho_keyword">
<kw name="Create Dictionary" library="BuiltIn">
<var>${headers}</var>
<arg>Authorization=${token_auth}</arg>
<doc>Creates and returns a dictionary based on the given ``items``.</doc>
<msg timestamp="20250606 17:13:18.273" level="INFO">${headers} = {'Authorization': 'Bearer eyJhbGciOiJIUzI1NiIsInR5cCI6IkpXVCJ9.eyJlbWFpbCI6InN1c2FuYnJvd25AZXhhbXBsZS5vcmciLCJwYXNzd29yZCI6ImchQDY3UEx4IiwiaWF0IjoxNzQ5MjI5OTk4LCJleHAiOjE3NDkyMzA1OTh9.4l5VSXVn76bBC3b2...</msg>
<status status="PASS" starttime="20250606 17:13:18.272" endtime="20250606 17:13:18.273"/>
</kw>
<kw name="Create Dictionary" library="BuiltIn">
<var>${produto}</var>
<arg>idProduto=${id_produto}</arg>
<arg>quantidade=1</arg>
<doc>Creates and returns a dictionary based on the given ``items``.</doc>
<msg timestamp="20250606 17:13:18.274" level="INFO">${produto} = {'idProduto': 'yYwPc8nTz6WE7Uq8', 'quantidade': '1'}</msg>
<status status="PASS" starttime="20250606 17:13:18.273" endtime="20250606 17:13:18.274"/>
</kw>
<kw name="Create List" library="BuiltIn">
<var>@{produtos}</var>
<doc>Returns a list containing given items.</doc>
<msg timestamp="20250606 17:13:18.275" level="INFO">@{produtos} = [ ]</msg>
<status status="PASS" starttime="20250606 17:13:18.274" endtime="20250606 17:13:18.275"/>
</kw>
<kw name="Append To List" library="Collections">
<arg>${produtos}</arg>
<arg>${produto}</arg>
<doc>Adds ``values`` to the end of ``list``.</doc>
<status status="PASS" starttime="20250606 17:13:18.275" endtime="20250606 17:13:18.275"/>
</kw>
<kw name="Create Dictionary" library="BuiltIn">
<var>${payload}</var>
<doc>Creates and returns a dictionary based on the given ``items``.</doc>
<msg timestamp="20250606 17:13:18.276" level="INFO">${payload} = {}</msg>
<status status="PASS" starttime="20250606 17:13:18.276" endtime="20250606 17:13:18.276"/>
</kw>
<kw name="Set To Dictionary" library="Collections">
<arg>${payload}</arg>
<arg>produtos=${produtos}</arg>
<doc>Adds the given ``key_value_pairs`` and/or ``items`` to the ``dictionary``.</doc>
<status status="PASS" starttime="20250606 17:13:18.276" endtime="20250606 17:13:18.277"/>
</kw>
<kw name="POST On Session" library="RequestsLibrary">
<var>${response}</var>
<arg>serverest</arg>
<arg>/carrinhos</arg>
<arg>json=${payload}</arg>
<arg>headers=${headers}</arg>
<doc>Sends a POST request on a previously created HTTP Session.</doc>
<msg timestamp="20250606 17:13:18.287" level="INFO">POST Request : url=http://localhost:3000/carrinhos 
 path_url=/carrinhos 
 headers={'User-Agent': 'python-requests/2.31.0', 'Accept-Encoding': 'gzip, deflate', 'Accept': '*/*', 'Connection': 'keep-alive', 'Authorization': 'Bearer eyJhbGciOiJIUzI1NiIsInR5cCI6IkpXVCJ9.eyJlbWFpbCI6InN1c2FuYnJvd25AZXhhbXBsZS5vcmciLCJwYXNzd29yZCI6ImchQDY3UEx4IiwiaWF0IjoxNzQ5MjI5OTk4LCJleHAiOjE3NDkyMzA1OTh9.4l5VSXVn76bBC3b2NdUn9gJjI-1BZ7hbTO9qvZgsDqs', 'Content-Length': '68', 'Content-Type': 'application/json'} 
 body=b'{"produtos": [{"idProduto": "yYwPc8nTz6WE7Uq8", "quantidade": "1"}]}' 
 </msg>
<msg timestamp="20250606 17:13:18.287" level="INFO">POST Response : url=http://localhost:3000/carrinhos 
 status=201, reason=Created 
 headers={'Access-Control-Allow-Origin': '*', 'x-dns-prefetch-control': 'off', 'x-frame-options': 'SAMEORIGIN', 'strict-transport-security': 'max-age=15552000; includeSubDomains', 'x-download-options': 'noopen', 'x-content-type-options': 'nosniff', 'x-xss-protection': '1; mode=block', 'Content-Type': 'application/json; charset=utf-8', 'Content-Length': '82', 'Date': 'Fri, 06 Jun 2025 17:13:18 GMT', 'Connection': 'keep-alive', 'Keep-Alive': 'timeout=5'} 
 body={
    "message": "Cadastro realizado com sucesso",
    "_id": "OkmL4GDvZYbhgv0d"
} 
 </msg>
<msg timestamp="20250606 17:13:18.288" level="INFO">${response} = &lt;Response [201]&gt;</msg>
<status status="PASS" starttime="20250606 17:13:18.277" endtime="20250606 17:13:18.288"/>
</kw>
<kw name="Log To Console" library="BuiltIn">
<arg>Response: ${response.content}</arg>
<doc>Logs the given message to the console.</doc>
<status status="PASS" starttime="20250606 17:13:18.288" endtime="20250606 17:13:18.289"/>
</kw>
<kw name="Set Global Variable" library="BuiltIn">
<arg>${response}</arg>
<doc>Makes a variable available globally in all tests and suites.</doc>
<msg timestamp="20250606 17:13:18.290" level="INFO">${response} = &lt;Response [201]&gt;</msg>
<status status="PASS" starttime="20250606 17:13:18.289" endtime="20250606 17:13:18.290"/>
</kw>
<status status="PASS" starttime="20250606 17:13:18.271" endtime="20250606 17:13:18.290"/>
</kw>
<kw name="Validar Status Code &quot;201&quot;" library="common" sourcename="Validar Status Code &quot;${statuscode}&quot;">
<kw name="Should Be True" library="BuiltIn">
<arg>${response.status_code} == ${statuscode}</arg>
<doc>Fails if the given condition is not true.</doc>
<status status="PASS" starttime="20250606 17:13:18.291" endtime="20250606 17:13:18.292"/>
</kw>
<status status="PASS" starttime="20250606 17:13:18.290" endtime="20250606 17:13:18.293"/>
</kw>
<kw name="Set Variable" library="BuiltIn">
<var>${id_carrinho}</var>
<arg>${response.json()["_id"]}</arg>
<doc>Returns the given values which can then be assigned to a variables.</doc>
<msg timestamp="20250606 17:13:18.293" level="INFO">${id_carrinho} = OkmL4GDvZYbhgv0d</msg>
<status status="PASS" starttime="20250606 17:13:18.293" endtime="20250606 17:13:18.294"/>
</kw>
<kw name="Log To Console" library="BuiltIn">
<arg>ID do Carrinho Salvo: ${id_carrinho}</arg>
<doc>Logs the given message to the console.</doc>
<status status="PASS" starttime="20250606 17:13:18.294" endtime="20250606 17:13:18.294"/>
</kw>
<kw name="Set Global Variable" library="BuiltIn">
<arg>${id_carrinho}</arg>
<doc>Makes a variable available globally in all tests and suites.</doc>
<msg timestamp="20250606 17:13:18.295" level="INFO">${id_carrinho} = OkmL4GDvZYbhgv0d</msg>
<status status="PASS" starttime="20250606 17:13:18.294" endtime="20250606 17:13:18.295"/>
</kw>
<kw name="Set Global Variable" library="BuiltIn">
<arg>${CARRINHO_ID}</arg>
<arg>${id_carrinho}</arg>
<doc>Makes a variable available globally in all tests and suites.</doc>
<msg timestamp="20250606 17:13:18.295" level="INFO">${CARRINHO_ID} = OkmL4GDvZYbhgv0d</msg>
<status status="PASS" starttime="20250606 17:13:18.295" endtime="20250606 17:13:18.295"/>
</kw>
<status status="PASS" starttime="20250606 17:13:18.271" endtime="20250606 17:13:18.295"/>
</kw>
<kw name="Set Variable" library="BuiltIn">
<var>${id_inexistente}</var>
<arg>qualquercoisa</arg>
<doc>Returns the given values which can then be assigned to a variables.</doc>
<msg timestamp="20250606 17:13:18.296" level="INFO">${id_inexistente} = qualquercoisa</msg>
<status status="PASS" starttime="20250606 17:13:18.296" endtime="20250606 17:13:18.296"/>
</kw>
<kw name="adição de produto ID_PRODUTO ao carrinho ID_CARRINHO" library="carrinho_keyword">
<arg>${id_inexistente}</arg>
<arg>${CARRINHO_ID}</arg>
<kw name="Create Dictionary" library="BuiltIn">
<var>${headers}</var>
<arg>Authorization=${token_auth}</arg>
<doc>Creates and returns a dictionary based on the given ``items``.</doc>
<msg timestamp="20250606 17:13:18.297" level="INFO">${headers} = {'Authorization': 'Bearer eyJhbGciOiJIUzI1NiIsInR5cCI6IkpXVCJ9.eyJlbWFpbCI6InN1c2FuYnJvd25AZXhhbXBsZS5vcmciLCJwYXNzd29yZCI6ImchQDY3UEx4IiwiaWF0IjoxNzQ5MjI5OTk4LCJleHAiOjE3NDkyMzA1OTh9.4l5VSXVn76bBC3b2...</msg>
<status status="PASS" starttime="20250606 17:13:18.296" endtime="20250606 17:13:18.297"/>
</kw>
<kw name="Set Variable" library="BuiltIn">
<var>${endpoint}</var>
<arg>/carrinhos/${carrinho_id}/produtos/${produto_id}</arg>
<doc>Returns the given values which can then be assigned to a variables.</doc>
<msg timestamp="20250606 17:13:18.297" level="INFO">${endpoint} = /carrinhos/OkmL4GDvZYbhgv0d/produtos/qualquercoisa</msg>
<status status="PASS" starttime="20250606 17:13:18.297" endtime="20250606 17:13:18.297"/>
</kw>
<kw name="POST On Session" library="RequestsLibrary">
<var>${response}</var>
<arg>serverest</arg>
<arg>${endpoint}</arg>
<arg>headers=${headers}</arg>
<arg>expected_status=any</arg>
<doc>Sends a POST request on a previously created HTTP Session.</doc>
<msg timestamp="20250606 17:13:18.302" level="INFO">POST Request : url=http://localhost:3000/carrinhos/OkmL4GDvZYbhgv0d/produtos/qualquercoisa 
 path_url=/carrinhos/OkmL4GDvZYbhgv0d/produtos/qualquercoisa 
 headers={'User-Agent': 'python-requests/2.31.0', 'Accept-Encoding': 'gzip, deflate', 'Accept': '*/*', 'Connection': 'keep-alive', 'Authorization': 'Bearer eyJhbGciOiJIUzI1NiIsInR5cCI6IkpXVCJ9.eyJlbWFpbCI6InN1c2FuYnJvd25AZXhhbXBsZS5vcmciLCJwYXNzd29yZCI6ImchQDY3UEx4IiwiaWF0IjoxNzQ5MjI5OTk4LCJleHAiOjE3NDkyMzA1OTh9.4l5VSXVn76bBC3b2NdUn9gJjI-1BZ7hbTO9qvZgsDqs', 'Content-Length': '0'} 
 body=None 
 </msg>
<msg timestamp="20250606 17:13:18.303" level="INFO">POST Response : url=http://localhost:3000/carrinhos/OkmL4GDvZYbhgv0d/produtos/qualquercoisa 
 status=405, reason=Method Not Allowed 
 headers={'Access-Control-Allow-Origin': '*', 'x-dns-prefetch-control': 'off', 'x-frame-options': 'SAMEORIGIN', 'strict-transport-security': 'max-age=15552000; includeSubDomains', 'x-download-options': 'noopen', 'x-content-type-options': 'nosniff', 'x-xss-protection': '1; mode=block', 'Content-Type': 'application/json; charset=utf-8', 'Content-Length': '188', 'Date': 'Fri, 06 Jun 2025 17:13:18 GMT', 'Connection': 'keep-alive', 'Keep-Alive': 'timeout=5'} 
 body={
    "message": "Não é possível realizar POST em /carrinhos/OkmL4GDvZYbhgv0d/produtos/qualquercoisa. Acesse http://localhost:3000 para ver as rotas disponíveis e como utilizá-las."
} 
 </msg>
<msg timestamp="20250606 17:13:18.303" level="INFO">${response} = &lt;Response [405]&gt;</msg>
<status status="PASS" starttime="20250606 17:13:18.297" endtime="20250606 17:13:18.303"/>
</kw>
<kw name="Log To Console" library="BuiltIn">
<arg>Response: ${response.content}</arg>
<doc>Logs the given message to the console.</doc>
<status status="PASS" starttime="20250606 17:13:18.303" endtime="20250606 17:13:18.304"/>
</kw>
<kw name="Set Global Variable" library="BuiltIn">
<arg>${response}</arg>
<doc>Makes a variable available globally in all tests and suites.</doc>
<msg timestamp="20250606 17:13:18.305" level="INFO">${response} = &lt;Response [405]&gt;</msg>
<status status="PASS" starttime="20250606 17:13:18.304" endtime="20250606 17:13:18.305"/>
</kw>
<status status="PASS" starttime="20250606 17:13:18.296" endtime="20250606 17:13:18.305"/>
</kw>
<kw name="Validar Status Code &quot;400&quot;" library="common" sourcename="Validar Status Code &quot;${statuscode}&quot;">
<kw name="Should Be True" library="BuiltIn">
<arg>${response.status_code} == ${statuscode}</arg>
<doc>Fails if the given condition is not true.</doc>
<msg timestamp="20250606 17:13:18.307" level="FAIL">'405 == 400' should be true.</msg>
<status status="FAIL" starttime="20250606 17:13:18.306" endtime="20250606 17:13:18.308"/>
</kw>
<status status="FAIL" starttime="20250606 17:13:18.305" endtime="20250606 17:13:18.308"/>
</kw>
<kw name="Validar Se Mensagem Contem &quot;Produto não encontrado&quot;" library="common" sourcename="Validar Se Mensagem Contem &quot;${palavra}&quot;">
<status status="NOT RUN" starttime="20250606 17:13:18.308" endtime="20250606 17:13:18.308"/>
</kw>
<doc>Este teste verifica o comportamento ao tentar adicionar um produto inexistente ao carrinho</doc>
<tag>bug</tag>
<tag>produto_inexistente</tag>
<status status="FAIL" starttime="20250606 17:13:18.208" endtime="20250606 17:13:18.308">'405 == 400' should be true.</status>
</test>
<doc>Teste para verificar comportamento com produtos inexistentes</doc>
<status status="FAIL" starttime="20250606 17:13:18.189" endtime="20250606 17:13:18.309"/>
</suite>
<suite id="s1-s1-s3" name="TokenExpira" source="/app/tests/BUGs/TokenExpira.robot">
<test id="s1-s1-s3-t1" name="Tentar criar produto com token expirado" line="7">
<kw name="Criar Sessão" library="base">
<kw name="Create Session" library="RequestsLibrary">
<arg>serverest</arg>
<arg>${BASE_URL}</arg>
<doc>Create Session: create a HTTP session to a server</doc>
<msg timestamp="20250606 17:13:18.322" level="INFO">Creating Session using : alias=serverest, url=http://localhost:3000/, headers={},                     cookies={}, auth=None, timeout=None, proxies=None, verify=False,                     debug=0 </msg>
<status status="PASS" starttime="20250606 17:13:18.322" endtime="20250606 17:13:18.323"/>
</kw>
<kw name="Set Global Variable" library="BuiltIn">
<arg>${BASE_URL}</arg>
<doc>Makes a variable available globally in all tests and suites.</doc>
<msg timestamp="20250606 17:13:18.323" level="INFO">${BASE_URL} = http://localhost:3000/</msg>
<status status="PASS" starttime="20250606 17:13:18.323" endtime="20250606 17:13:18.323"/>
</kw>
<status status="PASS" starttime="20250606 17:13:18.321" endtime="20250606 17:13:18.323"/>
</kw>
<kw name="Fazer login e Armazenar Token" library="login_keyword">
<kw name="Executar login" library="login_keyword">
<kw name="Create Dictionary" library="BuiltIn">
<var>&amp;{payload}</var>
<arg>email=${email}</arg>
<arg>password=${password}</arg>
<doc>Creates and returns a dictionary based on the given ``items``.</doc>
<msg timestamp="20250606 17:13:18.325" level="INFO">&amp;{payload} = { email=fulano@qa.com | password=teste }</msg>
<status status="PASS" starttime="20250606 17:13:18.325" endtime="20250606 17:13:18.325"/>
</kw>
<kw name="POST On Session" library="RequestsLibrary">
<var>${response}</var>
<arg>serverest</arg>
<arg>/login</arg>
<arg>json=${payload}</arg>
<arg>expected_status=any</arg>
<doc>Sends a POST request on a previously created HTTP Session.</doc>
<msg timestamp="20250606 17:13:18.333" level="INFO">POST Request : url=http://localhost:3000/login 
 path_url=/login 
 headers={'User-Agent': 'python-requests/2.31.0', 'Accept-Encoding': 'gzip, deflate', 'Accept': '*/*', 'Connection': 'keep-alive', 'Content-Length': '47', 'Content-Type': 'application/json'} 
 body=b'{"email": "fulano@qa.com", "password": "teste"}' 
 </msg>
<msg timestamp="20250606 17:13:18.333" level="INFO">POST Response : url=http://localhost:3000/login 
 status=200, reason=OK 
 headers={'Access-Control-Allow-Origin': '*', 'x-dns-prefetch-control': 'off', 'x-frame-options': 'SAMEORIGIN', 'strict-transport-security': 'max-age=15552000; includeSubDomains', 'x-download-options': 'noopen', 'x-content-type-options': 'nosniff', 'x-xss-protection': '1; mode=block', 'Content-Type': 'application/json; charset=utf-8', 'Content-Length': '265', 'Date': 'Fri, 06 Jun 2025 17:13:18 GMT', 'Connection': 'keep-alive', 'Keep-Alive': 'timeout=5'} 
 body={
    "message": "Login realizado com sucesso",
    "authorization": "Bearer eyJhbGciOiJIUzI1NiIsInR5cCI6IkpXVCJ9.eyJlbWFpbCI6ImZ1bGFub0BxYS5jb20iLCJwYXNzd29yZCI6InRlc3RlIiwiaWF0IjoxNzQ5MjI5OTk4LCJleHAiOjE3NDkyMzA1OTh9.HRlUHSaiMfKEJ5WMXRHWhQILR1B8cfIlEUdeuFqwkB8"
} 
 </msg>
<msg timestamp="20250606 17:13:18.333" level="INFO">${response} = &lt;Response [200]&gt;</msg>
<status status="PASS" starttime="20250606 17:13:18.325" endtime="20250606 17:13:18.333"/>
</kw>
<kw name="Log To Console" library="BuiltIn">
<arg>Response: ${response.content}</arg>
<doc>Logs the given message to the console.</doc>
<status status="PASS" starttime="20250606 17:13:18.334" endtime="20250606 17:13:18.335"/>
</kw>
<kw name="Set Global Variable" library="BuiltIn">
<arg>${response}</arg>
<doc>Makes a variable available globally in all tests and suites.</doc>
<msg timestamp="20250606 17:13:18.336" level="INFO">${response} = &lt;Response [200]&gt;</msg>
<status status="PASS" starttime="20250606 17:13:18.335" endtime="20250606 17:13:18.336"/>
</kw>
<kw name="Run Keyword If" library="BuiltIn">
<arg>${response.status_code} == 200</arg>
<arg>Capturar token</arg>
<arg>${response}</arg>
<doc>Runs the given keyword with the given arguments, if ``condition`` is true.</doc>
<kw name="Capturar token" library="login_keyword">
<arg>${response}</arg>
<kw name="Set Variable" library="BuiltIn">
<var>${token}</var>
<arg>${resp.json()['authorization']}</arg>
<doc>Returns the given values which can then be assigned to a variables.</doc>
<msg timestamp="20250606 17:13:18.339" level="INFO">${token} = Bearer eyJhbGciOiJIUzI1NiIsInR5cCI6IkpXVCJ9.eyJlbWFpbCI6ImZ1bGFub0BxYS5jb20iLCJwYXNzd29yZCI6InRlc3RlIiwiaWF0IjoxNzQ5MjI5OTk4LCJleHAiOjE3NDkyMzA1OTh9.HRlUHSaiMfKEJ5WMXRHWhQILR1B8cfIlEUdeuFqwkB8</msg>
<status status="PASS" starttime="20250606 17:13:18.338" endtime="20250606 17:13:18.339"/>
</kw>
<kw name="Log To Console" library="BuiltIn">
<arg>Token: ${token}</arg>
<doc>Logs the given message to the console.</doc>
<status status="PASS" starttime="20250606 17:13:18.340" endtime="20250606 17:13:18.340"/>
</kw>
<kw name="Set Global Variable" library="BuiltIn">
<arg>${token_auth}</arg>
<arg>${token}</arg>
<doc>Makes a variable available globally in all tests and suites.</doc>
<msg timestamp="20250606 17:13:18.341" level="INFO">${token_auth} = Bearer eyJhbGciOiJIUzI1NiIsInR5cCI6IkpXVCJ9.eyJlbWFpbCI6ImZ1bGFub0BxYS5jb20iLCJwYXNzd29yZCI6InRlc3RlIiwiaWF0IjoxNzQ5MjI5OTk4LCJleHAiOjE3NDkyMzA1OTh9.HRlUHSaiMfKEJ5WMXRHWhQILR1B8cfIlEUdeuFqwkB8</msg>
<status status="PASS" starttime="20250606 17:13:18.340" endtime="20250606 17:13:18.341"/>
</kw>
<kw name="Configurar Autenticação" library="base">
<arg>${token}</arg>
<kw name="Create Dictionary" library="BuiltIn">
<var>&amp;{header}</var>
<arg>authorization=${auth_token}</arg>
<doc>Creates and returns a dictionary based on the given ``items``.</doc>
<msg timestamp="20250606 17:13:18.342" level="INFO">&amp;{header} = { authorization=Bearer eyJhbGciOiJIUzI1NiIsInR5cCI6IkpXVCJ9.eyJlbWFpbCI6ImZ1bGFub0BxYS5jb20iLCJwYXNzd29yZCI6InRlc3RlIiwiaWF0IjoxNzQ5MjI5OTk4LCJleHAiOjE3NDkyMzA1OTh9.HRlUHSaiMfKEJ5WMXRHWhQILR1B8cfIlEUd...</msg>
<status status="PASS" starttime="20250606 17:13:18.341" endtime="20250606 17:13:18.342"/>
</kw>
<kw name="Set Global Variable" library="BuiltIn">
<arg>${HEADERS}</arg>
<arg>${header}</arg>
<doc>Makes a variable available globally in all tests and suites.</doc>
<msg timestamp="20250606 17:13:18.343" level="INFO">${HEADERS} = {'authorization': 'Bearer eyJhbGciOiJIUzI1NiIsInR5cCI6IkpXVCJ9.eyJlbWFpbCI6ImZ1bGFub0BxYS5jb20iLCJwYXNzd29yZCI6InRlc3RlIiwiaWF0IjoxNzQ5MjI5OTk4LCJleHAiOjE3NDkyMzA1OTh9.HRlUHSaiMfKEJ5WMXRHWhQILR1B8cfIl...</msg>
<status status="PASS" starttime="20250606 17:13:18.342" endtime="20250606 17:13:18.343"/>
</kw>
<status status="PASS" starttime="20250606 17:13:18.341" endtime="20250606 17:13:18.343"/>
</kw>
<status status="PASS" starttime="20250606 17:13:18.337" endtime="20250606 17:13:18.343"/>
</kw>
<status status="PASS" starttime="20250606 17:13:18.336" endtime="20250606 17:13:18.343"/>
</kw>
<status status="PASS" starttime="20250606 17:13:18.324" endtime="20250606 17:13:18.343"/>
</kw>
<kw name="Validar Ter Logado" library="login_keyword">
<kw name="Should Be Equal" library="BuiltIn">
<arg>${response.json()["message"]}</arg>
<arg>Login realizado com sucesso</arg>
<doc>Fails if the given objects are unequal.</doc>
<status status="PASS" starttime="20250606 17:13:18.344" endtime="20250606 17:13:18.345"/>
</kw>
<kw name="Should Not Be Empty" library="BuiltIn">
<arg>${response.json()["authorization"]}</arg>
<doc>Verifies that the given item is not empty.</doc>
<msg timestamp="20250606 17:13:18.346" level="INFO">Length is 192</msg>
<status status="PASS" starttime="20250606 17:13:18.345" endtime="20250606 17:13:18.346"/>
</kw>
<status status="PASS" starttime="20250606 17:13:18.343" endtime="20250606 17:13:18.346"/>
</kw>
<kw name="Set Variable" library="BuiltIn">
<var>${token_auth}</var>
<arg>${response.json()["authorization"]}</arg>
<doc>Returns the given values which can then be assigned to a variables.</doc>
[...]
        },
        {
            "nome": "James Price",
            "email": "freymarcus@example.org",
            "password": "K_H9pcRf",
            "administrador": "true",
            "_id": "mhuAjIgUBYO61EGF"
        },
        {
            "nome": "Ann Knight",
            "email": "sharon60@example.com",
            "password": "i@2AlKRf",
            "administrador": "true",
            "_id": "nEyObNaZw01DyDdF"
        },
        {
            "nome": "Sarah Jones",
            "email": "fabbott@example.net",
            "password": "#JlK6PfR",
            "administrador": "true",
            "_id": "qY08bMfcqAgE6utP"
        },
        {
            "nome": "Kevin Cain",
            "email": "mariahall@example.net",
            "password": "k*b+6JcX",
            "administrador": "true",
            "_id": "quNWQCzicRSdfnIC"
        },
        {
            "nome": "Brett Johnson",
            "email": "jfrye@example.com",
            "password": "%9Hp^OUu",
            "administrador": "true",
            "_id": "r0XHNcAwVv2B9Ehq"
        },
        {
            "nome": "Lisa Jacobs",
            "email": "zreed@example.net",
            "password": ")1u0W57r",
            "administrador": "true",
            "_id": "sMzAHcT2D4FfOoZB"
        },
        {
            "nome": "Crystal Johnson",
            "email": "matthew21@example.net",
            "password": "3@*7Pj9*",
            "administrador": "true",
            "_id": "vqabUy0eQus2Ollu"
        },
        {
            "nome": "Laurie Robertson",
            "email": "mckaydennis@example.com",
            "password": "L+y&amp;2T@o",
            "administrador": "true",
            "_id": "wqCigyZBoN7r884u"
        },
        {
            "nome": "Ronald Boyd",
            "email": "garciacory@example.net",
            "password": "!!n1Q+Yc",
            "administrador": "true",
            "_id": "yLxVgJMcBfhutEZ4"
        }
    ]
} 
 </msg>
<msg timestamp="20250606 17:13:19.093" level="INFO">${response} = &lt;Response [200]&gt;</msg>
<status status="PASS" starttime="20250606 17:13:19.084" endtime="20250606 17:13:19.093"/>
</kw>
<kw name="Set Global Variable" library="BuiltIn">
<arg>${response}</arg>
<doc>Makes a variable available globally in all tests and suites.</doc>
<msg timestamp="20250606 17:13:19.094" level="INFO">${response} = &lt;Response [200]&gt;</msg>
<status status="PASS" starttime="20250606 17:13:19.093" endtime="20250606 17:13:19.094"/>
</kw>
<status status="PASS" starttime="20250606 17:13:19.084" endtime="20250606 17:13:19.094"/>
</kw>
<kw name="Validar Status Code &quot;200&quot;" library="common" sourcename="Validar Status Code &quot;${statuscode}&quot;">
<kw name="Should Be True" library="BuiltIn">
<arg>${response.status_code} == ${statuscode}</arg>
<doc>Fails if the given condition is not true.</doc>
<status status="PASS" starttime="20250606 17:13:19.095" endtime="20250606 17:13:19.098"/>
</kw>
<status status="PASS" starttime="20250606 17:13:19.094" endtime="20250606 17:13:19.098"/>
</kw>
<status status="PASS" starttime="20250606 17:13:19.083" endtime="20250606 17:13:19.099"/>
</test>
<test id="s1-s5-t5" name="Listar usuario específico por ID" line="37">
<kw name="GET /usuarios/ID" library="usuarios_keyword">
<arg>${USUARIO_ID}</arg>
<kw name="GET On Session" library="RequestsLibrary">
<var>${response}</var>
<arg>serverest</arg>
<arg>/usuarios/${id}</arg>
<doc>Sends a GET request on a previously created HTTP Session.</doc>
<msg timestamp="20250606 17:13:19.112" level="INFO">GET Request : url=http://localhost:3000/usuarios/Vl6wT8L7Dc8kWPt1 
 path_url=/usuarios/Vl6wT8L7Dc8kWPt1 
 headers={'User-Agent': 'python-requests/2.31.0', 'Accept-Encoding': 'gzip, deflate', 'Accept': '*/*', 'Connection': 'keep-alive'} 
 body=None 
 </msg>
<msg timestamp="20250606 17:13:19.112" level="INFO">GET Response : url=http://localhost:3000/usuarios/Vl6wT8L7Dc8kWPt1 
 status=200, reason=OK 
 headers={'Access-Control-Allow-Origin': '*', 'x-dns-prefetch-control': 'off', 'x-frame-options': 'SAMEORIGIN', 'strict-transport-security': 'max-age=15552000; includeSubDomains', 'x-download-options': 'noopen', 'x-content-type-options': 'nosniff', 'x-xss-protection': '1; mode=block', 'Content-Type': 'application/json; charset=utf-8', 'Content-Length': '167', 'Date': 'Fri, 06 Jun 2025 17:13:19 GMT', 'Connection': 'keep-alive', 'Keep-Alive': 'timeout=5'} 
 body={
    "nome": "Fulano da Silva Atualizado",
    "email": "lstephens@example.net",
    "password": "teste",
    "administrador": "true",
    "_id": "Vl6wT8L7Dc8kWPt1"
} 
 </msg>
<msg timestamp="20250606 17:13:19.112" level="INFO">${response} = &lt;Response [200]&gt;</msg>
<status status="PASS" starttime="20250606 17:13:19.101" endtime="20250606 17:13:19.112"/>
</kw>
<kw name="Set Global Variable" library="BuiltIn">
<arg>${response}</arg>
<doc>Makes a variable available globally in all tests and suites.</doc>
<msg timestamp="20250606 17:13:19.115" level="INFO">${response} = &lt;Response [200]&gt;</msg>
<status status="PASS" starttime="20250606 17:13:19.113" endtime="20250606 17:13:19.115"/>
</kw>
<status status="PASS" starttime="20250606 17:13:19.100" endtime="20250606 17:13:19.115"/>
</kw>
<kw name="Validar Status Code &quot;200&quot;" library="common" sourcename="Validar Status Code &quot;${statuscode}&quot;">
<kw name="Should Be True" library="BuiltIn">
<arg>${response.status_code} == ${statuscode}</arg>
<doc>Fails if the given condition is not true.</doc>
<status status="PASS" starttime="20250606 17:13:19.116" endtime="20250606 17:13:19.119"/>
</kw>
<status status="PASS" starttime="20250606 17:13:19.115" endtime="20250606 17:13:19.119"/>
</kw>
<status status="PASS" starttime="20250606 17:13:19.099" endtime="20250606 17:13:19.119"/>
</test>
<test id="s1-s5-t6" name="Tentar criar usuário com e-mail inválido" line="41">
<kw name="Set Variable" library="BuiltIn">
<var>${usuario_sem_email}</var>
<arg>${json_usuario["user_sememail"]}</arg>
<doc>Returns the given values which can then be assigned to a variables.</doc>
<msg timestamp="20250606 17:13:19.123" level="INFO">${usuario_sem_email} = {'nome': 'Sem Email da Silva', 'email': '', 'password': 'tontosememail', 'administrador': 'true'}</msg>
<status status="PASS" starttime="20250606 17:13:19.121" endtime="20250606 17:13:19.123"/>
</kw>
<kw name="POST /usuarios" library="usuarios_keyword">
<arg>email=${usuario_sem_email["email"]}</arg>
<arg>password=${usuario_sem_email["password"]}</arg>
<kw name="Create Dictionary" library="BuiltIn">
<var>${payload}</var>
<arg>nome=Fulano da Silva</arg>
<arg>email=${email}</arg>
<arg>password=${password}</arg>
<arg>administrador=true</arg>
<doc>Creates and returns a dictionary based on the given ``items``.</doc>
<msg timestamp="20250606 17:13:19.128" level="INFO">${payload} = {'nome': 'Fulano da Silva', 'email': '', 'password': 'tontosememail', 'administrador': 'true'}</msg>
<status status="PASS" starttime="20250606 17:13:19.127" endtime="20250606 17:13:19.128"/>
</kw>
<kw name="POST On Session" library="RequestsLibrary">
<var>${response}</var>
<arg>serverest</arg>
<arg>/usuarios</arg>
<arg>json=${payload}</arg>
<arg>expected_status=any</arg>
<doc>Sends a POST request on a previously created HTTP Session.</doc>
<msg timestamp="20250606 17:13:19.140" level="INFO">POST Request : url=http://localhost:3000/usuarios 
 path_url=/usuarios 
 headers={'User-Agent': 'python-requests/2.31.0', 'Accept-Encoding': 'gzip, deflate', 'Accept': '*/*', 'Connection': 'keep-alive', 'Content-Length': '94', 'Content-Type': 'application/json'} 
 body=b'{"nome": "Fulano da Silva", "email": "", "password": "tontosememail", "administrador": "true"}' 
 </msg>
<msg timestamp="20250606 17:13:19.140" level="INFO">POST Response : url=http://localhost:3000/usuarios 
 status=400, reason=Bad Request 
 headers={'Access-Control-Allow-Origin': '*', 'x-dns-prefetch-control': 'off', 'x-frame-options': 'SAMEORIGIN', 'strict-transport-security': 'max-age=15552000; includeSubDomains', 'x-download-options': 'noopen', 'x-content-type-options': 'nosniff', 'x-xss-protection': '1; mode=block', 'Content-Type': 'application/json; charset=utf-8', 'Content-Length': '50', 'Date': 'Fri, 06 Jun 2025 17:13:19 GMT', 'Connection': 'keep-alive', 'Keep-Alive': 'timeout=5'} 
 body={
    "email": "email não pode ficar em branco"
} 
 </msg>
<msg timestamp="20250606 17:13:19.140" level="INFO">${response} = &lt;Response [400]&gt;</msg>
<status status="PASS" starttime="20250606 17:13:19.129" endtime="20250606 17:13:19.140"/>
</kw>
<kw name="Set Global Variable" library="BuiltIn">
<arg>${response}</arg>
<doc>Makes a variable available globally in all tests and suites.</doc>
<msg timestamp="20250606 17:13:19.142" level="INFO">${response} = &lt;Response [400]&gt;</msg>
<status status="PASS" starttime="20250606 17:13:19.141" endtime="20250606 17:13:19.142"/>
</kw>
<status status="PASS" starttime="20250606 17:13:19.124" endtime="20250606 17:13:19.143"/>
</kw>
<kw name="Validar Status Code &quot;400&quot;" library="common" sourcename="Validar Status Code &quot;${statuscode}&quot;">
<kw name="Should Be True" library="BuiltIn">
<arg>${response.status_code} == ${statuscode}</arg>
<doc>Fails if the given condition is not true.</doc>
<status status="PASS" starttime="20250606 17:13:19.144" endtime="20250606 17:13:19.146"/>
</kw>
<status status="PASS" starttime="20250606 17:13:19.143" endtime="20250606 17:13:19.146"/>
</kw>
<kw name="Set Variable" library="BuiltIn">
<var>${error_field}</var>
<arg>${response.json()["email"]}</arg>
<doc>Returns the given values which can then be assigned to a variables.</doc>
<msg timestamp="20250606 17:13:19.147" level="INFO">${error_field} = email não pode ficar em branco</msg>
<status status="PASS" starttime="20250606 17:13:19.146" endtime="20250606 17:13:19.147"/>
</kw>
<kw name="Should Contain" library="BuiltIn">
<arg>${error_field}</arg>
<arg>email</arg>
<doc>Fails if ``container`` does not contain ``item`` one or more times.</doc>
<status status="PASS" starttime="20250606 17:13:19.148" endtime="20250606 17:13:19.148"/>
</kw>
<status status="PASS" starttime="20250606 17:13:19.120" endtime="20250606 17:13:19.148"/>
</test>
<test id="s1-s5-t7" name="Tentar criar usuário com senha inválida" line="48">
<kw name="Set Variable" library="BuiltIn">
<var>${usuario_sem_senha}</var>
<arg>${json_usuario["user_semsenha"]}</arg>
<doc>Returns the given values which can then be assigned to a variables.</doc>
<msg timestamp="20250606 17:13:19.150" level="INFO">${usuario_sem_senha} = {'nome': 'Sem Senha da Silva', 'email': 'judasvacilao@qa.com', 'password': '', 'administrador': 'true'}</msg>
<status status="PASS" starttime="20250606 17:13:19.149" endtime="20250606 17:13:19.150"/>
</kw>
<kw name="POST /usuarios" library="usuarios_keyword">
<arg>email=${usuario_sem_senha["email"]}</arg>
<arg>password=${usuario_sem_senha["password"]}</arg>
<kw name="Create Dictionary" library="BuiltIn">
<var>${payload}</var>
<arg>nome=Fulano da Silva</arg>
<arg>email=${email}</arg>
<arg>password=${password}</arg>
<arg>administrador=true</arg>
<doc>Creates and returns a dictionary based on the given ``items``.</doc>
<msg timestamp="20250606 17:13:19.153" level="INFO">${payload} = {'nome': 'Fulano da Silva', 'email': 'judasvacilao@qa.com', 'password': '', 'administrador': 'true'}</msg>
<status status="PASS" starttime="20250606 17:13:19.152" endtime="20250606 17:13:19.153"/>
</kw>
<kw name="POST On Session" library="RequestsLibrary">
<var>${response}</var>
<arg>serverest</arg>
<arg>/usuarios</arg>
<arg>json=${payload}</arg>
<arg>expected_status=any</arg>
<doc>Sends a POST request on a previously created HTTP Session.</doc>
<msg timestamp="20250606 17:13:19.163" level="INFO">POST Request : url=http://localhost:3000/usuarios 
 path_url=/usuarios 
 headers={'User-Agent': 'python-requests/2.31.0', 'Accept-Encoding': 'gzip, deflate', 'Accept': '*/*', 'Connection': 'keep-alive', 'Content-Length': '100', 'Content-Type': 'application/json'} 
 body=b'{"nome": "Fulano da Silva", "email": "judasvacilao@qa.com", "password": "", "administrador": "true"}' 
 </msg>
<msg timestamp="20250606 17:13:19.164" level="INFO">POST Response : url=http://localhost:3000/usuarios 
 status=400, reason=Bad Request 
 headers={'Access-Control-Allow-Origin': '*', 'x-dns-prefetch-control': 'off', 'x-frame-options': 'SAMEORIGIN', 'strict-transport-security': 'max-age=15552000; includeSubDomains', 'x-download-options': 'noopen', 'x-content-type-options': 'nosniff', 'x-xss-protection': '1; mode=block', 'Content-Type': 'application/json; charset=utf-8', 'Content-Length': '56', 'Date': 'Fri, 06 Jun 2025 17:13:19 GMT', 'Connection': 'keep-alive', 'Keep-Alive': 'timeout=5'} 
 body={
    "password": "password não pode ficar em branco"
} 
 </msg>
<msg timestamp="20250606 17:13:19.164" level="INFO">${response} = &lt;Response [400]&gt;</msg>
<status status="PASS" starttime="20250606 17:13:19.153" endtime="20250606 17:13:19.164"/>
</kw>
<kw name="Set Global Variable" library="BuiltIn">
<arg>${response}</arg>
<doc>Makes a variable available globally in all tests and suites.</doc>
<msg timestamp="20250606 17:13:19.165" level="INFO">${response} = &lt;Response [400]&gt;</msg>
<status status="PASS" starttime="20250606 17:13:19.164" endtime="20250606 17:13:19.165"/>
</kw>
<status status="PASS" starttime="20250606 17:13:19.151" endtime="20250606 17:13:19.166"/>
</kw>
<kw name="Validar Status Code &quot;400&quot;" library="common" sourcename="Validar Status Code &quot;${statuscode}&quot;">
<kw name="Should Be True" library="BuiltIn">
<arg>${response.status_code} == ${statuscode}</arg>
<doc>Fails if the given condition is not true.</doc>
<status status="PASS" starttime="20250606 17:13:19.167" endtime="20250606 17:13:19.168"/>
</kw>
<status status="PASS" starttime="20250606 17:13:19.166" endtime="20250606 17:13:19.168"/>
</kw>
<kw name="Set Variable" library="BuiltIn">
<var>${error_field}</var>
<arg>${response.json()["password"]}</arg>
<doc>Returns the given values which can then be assigned to a variables.</doc>
<msg timestamp="20250606 17:13:19.169" level="INFO">${error_field} = password não pode ficar em branco</msg>
<status status="PASS" starttime="20250606 17:13:19.169" endtime="20250606 17:13:19.170"/>
</kw>
<kw name="Should Contain" library="BuiltIn">
<arg>${error_field}</arg>
<arg>password</arg>
<doc>Fails if ``container`` does not contain ``item`` one or more times.</doc>
<status status="PASS" starttime="20250606 17:13:19.170" endtime="20250606 17:13:19.170"/>
</kw>
<status status="PASS" starttime="20250606 17:13:19.149" endtime="20250606 17:13:19.170"/>
</test>
<test id="s1-s5-t8" name="Deletar usuário" line="55">
<kw name="DELETE /usuario" library="usuarios_keyword">
<arg>${USUARIO_ID}</arg>
<kw name="DELETE On Session" library="RequestsLibrary">
<var>${response}</var>
<arg>serverest</arg>
<arg>/usuarios/${id}</arg>
<doc>Sends a DELETE request on a previously created HTTP Session.</doc>
<msg timestamp="20250606 17:13:19.178" level="INFO">DELETE Request : url=http://localhost:3000/usuarios/Vl6wT8L7Dc8kWPt1 
 path_url=/usuarios/Vl6wT8L7Dc8kWPt1 
 headers={'User-Agent': 'python-requests/2.31.0', 'Accept-Encoding': 'gzip, deflate', 'Accept': '*/*', 'Connection': 'keep-alive', 'Content-Length': '0'} 
 body=None 
 </msg>
<msg timestamp="20250606 17:13:19.178" level="INFO">DELETE Response : url=http://localhost:3000/usuarios/Vl6wT8L7Dc8kWPt1 
 status=200, reason=OK 
 headers={'Access-Control-Allow-Origin': '*', 'x-dns-prefetch-control': 'off', 'x-frame-options': 'SAMEORIGIN', 'strict-transport-security': 'max-age=15552000; includeSubDomains', 'x-download-options': 'noopen', 'x-content-type-options': 'nosniff', 'x-xss-protection': '1; mode=block', 'Content-Type': 'application/json; charset=utf-8', 'Content-Length': '51', 'Date': 'Fri, 06 Jun 2025 17:13:19 GMT', 'Connection': 'keep-alive', 'Keep-Alive': 'timeout=5'} 
 body={
    "message": "Registro excluído com sucesso"
} 
 </msg>
<msg timestamp="20250606 17:13:19.178" level="INFO">${response} = &lt;Response [200]&gt;</msg>
<status status="PASS" starttime="20250606 17:13:19.172" endtime="20250606 17:13:19.178"/>
</kw>
<kw name="Set Global Variable" library="BuiltIn">
<arg>${response}</arg>
<doc>Makes a variable available globally in all tests and suites.</doc>
<msg timestamp="20250606 17:13:19.179" level="INFO">${response} = &lt;Response [200]&gt;</msg>
<status status="PASS" starttime="20250606 17:13:19.178" endtime="20250606 17:13:19.179"/>
</kw>
<status status="PASS" starttime="20250606 17:13:19.171" endtime="20250606 17:13:19.179"/>
</kw>
<kw name="Validar Status Code &quot;200&quot;" library="common" sourcename="Validar Status Code &quot;${statuscode}&quot;">
<kw name="Should Be True" library="BuiltIn">
<arg>${response.status_code} == ${statuscode}</arg>
<doc>Fails if the given condition is not true.</doc>
<status status="PASS" starttime="20250606 17:13:19.179" endtime="20250606 17:13:19.181"/>
</kw>
<status status="PASS" starttime="20250606 17:13:19.179" endtime="20250606 17:13:19.181"/>
</kw>
<kw name="Validar Se Mensagem Contem &quot;Registro excluído com sucesso&quot;" library="common" sourcename="Validar Se Mensagem Contem &quot;${palavra}&quot;">
<kw name="Should Contain" library="BuiltIn">
<arg>${response.json()["message"]}</arg>
<arg>${palavra}</arg>
<doc>Fails if ``container`` does not contain ``item`` one or more times.</doc>
<status status="PASS" starttime="20250606 17:13:19.182" endtime="20250606 17:13:19.182"/>
</kw>
<status status="PASS" starttime="20250606 17:13:19.181" endtime="20250606 17:13:19.183"/>
</kw>
<status status="PASS" starttime="20250606 17:13:19.170" endtime="20250606 17:13:19.183"/>
</test>
<kw name="Teardown Test Suite" type="TEARDOWN">
<kw name="Delete All Sessions" library="RequestsLibrary">
<doc>Removes all the session objects</doc>
<msg timestamp="20250606 17:13:19.184" level="INFO">Deleting All Sessions</msg>
<status status="PASS" starttime="20250606 17:13:19.183" endtime="20250606 17:13:19.184"/>
</kw>
<kw name="Log" library="BuiltIn">
<arg>Finalizando suite de testes de usuários</arg>
<doc>Logs the given message with the given level.</doc>
<msg timestamp="20250606 17:13:19.184" level="INFO">Finalizando suite de testes de usuários</msg>
<status status="PASS" starttime="20250606 17:13:19.184" endtime="20250606 17:13:19.184"/>
</kw>
<status status="PASS" starttime="20250606 17:13:19.183" endtime="20250606 17:13:19.184"/>
</kw>
<doc>Arquivo de testes para endpoint de usuários</doc>
<status status="FAIL" starttime="20250606 17:13:19.010" endtime="20250606 17:13:19.184"/>
</suite>
<status status="FAIL" starttime="20250606 17:13:17.404" endtime="20250606 17:13:19.186"/>
</suite>
<statistics>
<total>
<stat pass="22" fail="4" skip="0">All Tests</stat>
</total>
<tag>
<stat pass="0" fail="3" skip="0">bug</stat>
<stat pass="0" fail="1" skip="0">concorrencia</stat>
<stat pass="1" fail="0" skip="0">POSTlogin</stat>
<stat pass="2" fail="0" skip="0">POSTlogin_erro</stat>
<stat pass="0" fail="1" skip="0">produto_inexistente</stat>
<stat pass="0" fail="1" skip="0">token_expiracao</stat>
</tag>
<suite>
<stat pass="22" fail="4" skip="0" id="s1" name="Tests">Tests</stat>
<stat pass="0" fail="3" skip="0" id="s1-s1" name="BUGs">Tests.BUGs</stat>
<stat pass="0" fail="1" skip="0" id="s1-s1-s1" name="ConcorrenciaCarrinho">Tests.BUGs.ConcorrenciaCarrinho</stat>
<stat pass="0" fail="1" skip="0" id="s1-s1-s2" name="ProdutoInexistente">Tests.BUGs.ProdutoInexistente</stat>
<stat pass="0" fail="1" skip="0" id="s1-s1-s3" name="TokenExpira">Tests.BUGs.TokenExpira</stat>
<stat pass="6" fail="0" skip="0" id="s1-s2" name="Carrinhos Tests">Tests.Carrinhos Tests</stat>
<stat pass="3" fail="0" skip="0" id="s1-s3" name="Login Tests">Tests.Login Tests</stat>
<stat pass="6" fail="0" skip="0" id="s1-s4" name="Produtos Tests">Tests.Produtos Tests</stat>
<stat pass="7" fail="1" skip="0" id="s1-s5" name="Usuarios Tests">Tests.Usuarios Tests</stat>
</suite>
</statistics>
<errors>
</errors>
</robot>
